Log file open, 09/24/21 14:39:07
LogWindows: Failed to load 'aqProf.dll' (GetLastError=126)
LogWindows: File 'aqProf.dll' does not exist
LogWindows: Failed to load 'VtuneApi.dll' (GetLastError=126)
LogWindows: File 'VtuneApi.dll' does not exist
LogWindows: Failed to load 'VtuneApi32e.dll' (GetLastError=126)
LogWindows: File 'VtuneApi32e.dll' does not exist
LogConsoleResponse: Display: Failed to find resolution value strings in scalability ini. Falling back to default.
LogInit: Display: Running engine for game: COOPGame
LogPakFile: Registered encryption key '00000000000000000000000000000000': 0 pak files mounted, 0 remain pending
LogPlatformFile: Not using cached read wrapper
LogTaskGraph: Started task graph with 5 named threads and 23 total threads with 3 sets of task threads.
LogStats: Stats thread started at 0.383581
LogD3D11RHI: Loaded GFSDK_Aftermath_Lib.x64.dll
LogICUInternationalization: ICU TimeZone Detection - Raw Offset: +5:30, Platform Override: ''
LogPluginManager: Mounting plugin Paper2D
LogPluginManager: Mounting plugin AISupport
LogPluginManager: Mounting plugin LightPropagationVolume
LogPluginManager: Mounting plugin ActorLayerUtilities
LogPluginManager: Mounting plugin AnimationSharing
LogPluginManager: Mounting plugin CLionSourceCodeAccess
LogPluginManager: Mounting plugin CodeLiteSourceCodeAccess
LogPluginManager: Mounting plugin GitSourceControl
LogPluginManager: Mounting plugin KDevelopSourceCodeAccess
LogPluginManager: Mounting plugin NullSourceCodeAccess
LogPluginManager: Mounting plugin PerforceSourceControl
LogPluginManager: Mounting plugin SubversionSourceControl
LogPluginManager: Mounting plugin UObjectPlugin
LogPluginManager: Mounting plugin VisualStudioCodeSourceCodeAccess
LogPluginManager: Mounting plugin VisualStudioSourceCodeAccess
LogPluginManager: Mounting plugin XCodeSourceCodeAccess
LogPluginManager: Mounting plugin AssetManagerEditor
LogPluginManager: Mounting plugin CryptoKeys
LogPluginManager: Mounting plugin DataValidation
LogPluginManager: Mounting plugin FacialAnimation
LogPluginManager: Mounting plugin GameplayTagsEditor
LogPluginManager: Mounting plugin MacGraphicsSwitching
LogPluginManager: Mounting plugin MaterialAnalyzer
LogPluginManager: Mounting plugin MobileLauncherProfileWizard
LogPluginManager: Mounting plugin PluginBrowser
LogPluginManager: Mounting plugin SpeedTreeImporter
LogPluginManager: Mounting plugin DatasmithContent
LogPluginManager: Mounting plugin VariantManagerContent
LogPluginManager: Mounting plugin AlembicImporter
LogPluginManager: Mounting plugin AppleImageUtils
LogPluginManager: Mounting plugin AppleVision
LogPluginManager: Mounting plugin BackChannel
LogPluginManager: Mounting plugin CharacterAI
LogPluginManager: Mounting plugin GeometryCache
LogPluginManager: Mounting plugin HTML5Networking
LogPluginManager: Mounting plugin ProxyLODPlugin
LogPluginManager: Mounting plugin SkeletalReduction
LogPluginManager: Mounting plugin MagicLeap
LogPluginManager: Mounting plugin MagicLeapMedia
LogPluginManager: Mounting plugin AndroidMedia
LogPluginManager: Mounting plugin AvfMedia
LogPluginManager: Mounting plugin ImgMedia
LogPluginManager: Mounting plugin LinearTimecode
LogPluginManager: Mounting plugin MediaCompositing
LogPluginManager: Mounting plugin MediaPlayerEditor
LogPluginManager: Mounting plugin WebMMedia
LogPluginManager: Mounting plugin WmfMedia
LogPluginManager: Mounting plugin TcpMessaging
LogPluginManager: Mounting plugin UdpMessaging
LogPluginManager: Mounting plugin ActorSequence
LogPluginManager: Mounting plugin LevelSequenceEditor
LogPluginManager: Mounting plugin MatineeToLevelSequence
LogPluginManager: Mounting plugin NetcodeUnitTest
LogPluginManager: Mounting plugin NUTUnrealEngine4
LogPluginManager: Mounting plugin OnlineSubsystemGooglePlay
LogPluginManager: Mounting plugin OnlineSubsystemIOS
LogPluginManager: Mounting plugin OnlineSubsystem
LogPluginManager: Mounting plugin OnlineSubsystemNull
LogPluginManager: Mounting plugin OnlineSubsystemUtils
LogPluginManager: Mounting plugin LauncherChunkInstaller
LogPluginManager: Mounting plugin AndroidDeviceProfileSelector
LogPluginManager: Mounting plugin AndroidMoviePlayer
LogPluginManager: Mounting plugin AndroidPermission
LogPluginManager: Mounting plugin AppleMoviePlayer
LogPluginManager: Mounting plugin ArchVisCharacter
LogPluginManager: Mounting plugin AudioCapture
LogPluginManager: Mounting plugin CableComponent
LogPluginManager: Mounting plugin CustomMeshComponent
LogPluginManager: Mounting plugin EditableMesh
LogPluginManager: Mounting plugin ExampleDeviceProfileSelector
LogPluginManager: Mounting plugin Firebase
LogPluginManager: Mounting plugin GoogleCloudMessaging
LogPluginManager: Mounting plugin IOSDeviceProfileSelector
LogPluginManager: Mounting plugin LinuxDeviceProfileSelector
LogPluginManager: Mounting plugin LocationServicesBPLibrary
LogPluginManager: Mounting plugin MobilePatchingUtils
LogPluginManager: Mounting plugin OculusVR
LogPluginManager: Mounting plugin PhysXVehicles
LogPluginManager: Mounting plugin ProceduralMeshComponent
LogPluginManager: Mounting plugin RuntimePhysXCooking
LogPluginManager: Mounting plugin SignificanceManager
LogPluginManager: Mounting plugin SteamVR
LogPluginManager: Mounting plugin WebMMoviePlayer
LogPluginManager: Mounting plugin WindowsMoviePlayer
LogInit: Using libcurl 7.55.1-DEV
LogInit:  - built for x86_64-pc-win32
LogInit:  - supports SSL with OpenSSL/1.1.1
LogInit:  - supports HTTP deflate (compression) using libz 1.2.8
LogInit:  - other features:
LogInit:      CURL_VERSION_SSL
LogInit:      CURL_VERSION_LIBZ
LogInit:      CURL_VERSION_IPV6
LogInit:      CURL_VERSION_ASYNCHDNS
LogInit:      CURL_VERSION_LARGEFILE
LogInit:      CURL_VERSION_IDN
LogInit:  CurlRequestOptions (configurable via config and command line):
LogInit:  - bVerifyPeer = true  - Libcurl will verify peer certificate
LogInit:  - bUseHttpProxy = false  - Libcurl will NOT use HTTP proxy
LogInit:  - bDontReuseConnections = false  - Libcurl will reuse connections
LogInit:  - MaxHostConnections = 16  - Libcurl will limit the number of connections to a host
LogInit:  - LocalHostAddr = Default
LogInit:  - BufferSize = 65536
LogInit: WinSock: version 1.1 (2.2), MaxSocks=32767, MaxUdp=65467
LogInit: Build: ++UE4+Release-4.22-CL-7053642
LogInit: Engine Version: 4.22.3-7053642+++UE4+Release-4.22
LogInit: Compatible Engine Version: 4.22.0-5660361+++UE4+Release-4.22
LogInit: Net CL: 5660361
LogInit: OS: Windows 10 (Release 2009) (), CPU: AMD Ryzen 5 2400G with Radeon Vega Graphics    , GPU: NVIDIA GeForce GTX 1050 Ti
LogInit: Compiled (64-bit): Jun 18 2019 03:09:11
LogInit: Compiled with Visual C++: 19.16.27025.01
LogInit: Build Configuration: Development
LogInit: Branch Name: ++UE4+Release-4.22
LogInit: Command Line: 
LogInit: Base Directory: C:/Program Files/Epic Games/UE_4.22/Engine/Binaries/Win64/
LogInit: Installed Engine Build: 1
LogDevObjectVersion: Number of dev versions registered: 23
LogDevObjectVersion:   Dev-Blueprints (B0D832E4-1F89-4F0D-ACCF-7EB736FD4AA2): 10
LogDevObjectVersion:   Dev-Build (E1C64328-A22C-4D53-A36C-8E866417BD8C): 0
LogDevObjectVersion:   Dev-Core (375EC13C-06E4-48FB-B500-84F0262A717E): 3
LogDevObjectVersion:   Dev-Editor (E4B068ED-F494-42E9-A231-DA0B2E46BB41): 30
LogDevObjectVersion:   Dev-Framework (CFFC743F-43B0-4480-9391-14DF171D2073): 35
LogDevObjectVersion:   Dev-Mobile (B02B49B5-BB20-44E9-A304-32B752E40360): 2
LogDevObjectVersion:   Dev-Networking (A4E4105C-59A1-49B5-A7C5-40C4547EDFEE): 0
LogDevObjectVersion:   Dev-Online (39C831C9-5AE6-47DC-9A44-9C173E1C8E7C): 0
LogDevObjectVersion:   Dev-Physics (78F01B33-EBEA-4F98-B9B4-84EACCB95AA2): 0
LogDevObjectVersion:   Dev-Platform (6631380F-2D4D-43E0-8009-CF276956A95A): 0
LogDevObjectVersion:   Dev-Rendering (12F88B9F-8875-4AFC-A67C-D90C383ABD29): 28
LogDevObjectVersion:   Dev-Sequencer (7B5AE74C-D270-4C10-A958-57980B212A5A): 11
LogDevObjectVersion:   Dev-VR (D7296918-1DD6-4BDD-9DE2-64A83CC13884): 2
LogDevObjectVersion:   Dev-LoadTimes (C2A15278-BFE7-4AFE-6C17-90FF531DF755): 1
LogDevObjectVersion:   Private-Geometry (6EACA3D4-40EC-4CC1-B786-8BED09428FC5): 3
LogDevObjectVersion:   Dev-AnimPhys (29E575DD-E0A3-4627-9D10-D276232CDCEA): 17
LogDevObjectVersion:   Dev-Anim (AF43A65D-7FD3-4947-9873-3E8ED9C1BB05): 2
LogDevObjectVersion:   Dev-ReflectionCapture (6B266CEC-1EC7-4B8F-A30B-E4D90942FC07): 1
LogDevObjectVersion:   Dev-Automation (0DF73D61-A23F-47EA-B727-89E90C41499A): 1
LogDevObjectVersion:   FortniteMain (601D1886-AC64-4F84-AA16-D3DE0DEAC7D6): 25
LogDevObjectVersion:   Dev-Enterprise (9DFFBCD6-494F-0158-E221-12823C92A888): 6
LogDevObjectVersion:   Dev-Niagara (F2AED0AC-9AFE-416F-8664-AA7FFA26D6FC): 1
LogDevObjectVersion:   Dev-Destruction (174F1F0B-B4C6-45A5-B13F-2EE8D0FB917D): 2
LogInit: Presizing for max 16777216 objects, including 0 objects not considered by GC, pre-allocating 0 bytes for permanent pool.
LogInit: Object subsystem initialized
LogConfig: Setting CVar [[con.DebugEarlyDefault:1]]
LogConfig: Setting CVar [[r.setres:1280x720]]
[2021.09.24-09.09.07:538][  0]LogConfig: Setting CVar [[r.VSync:0]]
[2021.09.24-09.09.07:538][  0]LogConfig: Setting CVar [[r.RHICmdBypass:0]]
[2021.09.24-09.09.07:538][  0]LogConfig: Applying CVar settings from Section [/Script/Engine.RendererSettings] File [C:/Users/ADMIN/Documents/GitHub/theshwetapatil/COOP-Game-UE4/COOPGame/Saved/Config/Windows/Engine.ini]
[2021.09.24-09.09.07:538][  0]LogConfig: Setting CVar [[r.GPUCrashDebugging:0]]
[2021.09.24-09.09.07:538][  0]LogConfig: Setting CVar [[r.DefaultFeature.AutoExposure.ExtendDefaultLuminanceRange:1]]
[2021.09.24-09.09.07:538][  0]LogConfig: Applying CVar settings from Section [/Script/Engine.RendererOverrideSettings] File [C:/Users/ADMIN/Documents/GitHub/theshwetapatil/COOP-Game-UE4/COOPGame/Saved/Config/Windows/Engine.ini]
[2021.09.24-09.09.07:538][  0]LogConfig: Applying CVar settings from Section [/Script/Engine.StreamingSettings] File [C:/Users/ADMIN/Documents/GitHub/theshwetapatil/COOP-Game-UE4/COOPGame/Saved/Config/Windows/Engine.ini]
[2021.09.24-09.09.07:538][  0]LogConfig: Setting CVar [[s.MinBulkDataSizeForAsyncLoading:131072]]
[2021.09.24-09.09.07:538][  0]LogConfig: Setting CVar [[s.AsyncLoadingThreadEnabled:0]]
[2021.09.24-09.09.07:538][  0]LogConfig: Setting CVar [[s.EventDrivenLoaderEnabled:1]]
[2021.09.24-09.09.07:538][  0]LogConfig: Setting CVar [[s.WarnIfTimeLimitExceeded:0]]
[2021.09.24-09.09.07:538][  0]LogConfig: Setting CVar [[s.TimeLimitExceededMultiplier:1.5]]
[2021.09.24-09.09.07:538][  0]LogConfig: Setting CVar [[s.TimeLimitExceededMinTime:0.005]]
[2021.09.24-09.09.07:538][  0]LogConfig: Setting CVar [[s.UseBackgroundLevelStreaming:1]]
[2021.09.24-09.09.07:538][  0]LogConfig: Setting CVar [[s.PriorityAsyncLoadingExtraTime:15.0]]
[2021.09.24-09.09.07:538][  0]LogConfig: Setting CVar [[s.LevelStreamingActorsUpdateTimeLimit:5.0]]
[2021.09.24-09.09.07:538][  0]LogConfig: Setting CVar [[s.PriorityLevelStreamingActorsUpdateExtraTime:5.0]]
[2021.09.24-09.09.07:538][  0]LogConfig: Setting CVar [[s.LevelStreamingComponentsRegistrationGranularity:10]]
[2021.09.24-09.09.07:538][  0]LogConfig: Setting CVar [[s.UnregisterComponentsTimeLimit:1.0]]
[2021.09.24-09.09.07:538][  0]LogConfig: Setting CVar [[s.LevelStreamingComponentsUnregistrationGranularity:5]]
[2021.09.24-09.09.07:538][  0]LogConfig: Applying CVar settings from Section [/Script/Engine.GarbageCollectionSettings] File [C:/Users/ADMIN/Documents/GitHub/theshwetapatil/COOP-Game-UE4/COOPGame/Saved/Config/Windows/Engine.ini]
[2021.09.24-09.09.07:538][  0]LogConfig: Setting CVar [[gc.MaxObjectsNotConsideredByGC:1]]
[2021.09.24-09.09.07:538][  0]LogConfig: Setting CVar [[gc.SizeOfPermanentObjectPool:0]]
[2021.09.24-09.09.07:538][  0]LogConfig: Setting CVar [[gc.FlushStreamingOnGC:0]]
[2021.09.24-09.09.07:538][  0]LogConfig: Setting CVar [[gc.NumRetriesBeforeForcingGC:10]]
[2021.09.24-09.09.07:538][  0]LogConfig: Setting CVar [[gc.AllowParallelGC:1]]
[2021.09.24-09.09.07:538][  0]LogConfig: Setting CVar [[gc.TimeBetweenPurgingPendingKillObjects:61.1]]
[2021.09.24-09.09.07:538][  0]LogConfig: Setting CVar [[gc.MaxObjectsInEditor:16777216]]
[2021.09.24-09.09.07:538][  0]LogConfig: Setting CVar [[gc.IncrementalBeginDestroyEnabled:1]]
[2021.09.24-09.09.07:538][  0]LogConfig: Setting CVar [[gc.CreateGCClusters:1]]
[2021.09.24-09.09.07:539][  0]LogConfig: Setting CVar [[gc.MinGCClusterSize:5]]
[2021.09.24-09.09.07:539][  0]LogConfig: Setting CVar [[gc.ActorClusteringEnabled:0]]
[2021.09.24-09.09.07:539][  0]LogConfig: Setting CVar [[gc.BlueprintClusteringEnabled:0]]
[2021.09.24-09.09.07:539][  0]LogConfig: Setting CVar [[gc.UseDisregardForGCOnDedicatedServers:0]]
[2021.09.24-09.09.07:539][  0]LogConfig: Applying CVar settings from Section [/Script/Engine.NetworkSettings] File [C:/Users/ADMIN/Documents/GitHub/theshwetapatil/COOP-Game-UE4/COOPGame/Saved/Config/Windows/Engine.ini]
[2021.09.24-09.09.07:539][  0]LogConfig: Applying CVar settings from Section [/Script/UnrealEd.CookerSettings] File [C:/Users/ADMIN/Documents/GitHub/theshwetapatil/COOP-Game-UE4/COOPGame/Saved/Config/Windows/Engine.ini]
[2021.09.24-09.09.07:543][  0]LogConfig: Applying CVar settings from Section [ViewDistanceQuality@3] File [C:/Users/ADMIN/Documents/GitHub/theshwetapatil/COOP-Game-UE4/COOPGame/Saved/Config/Windows/Scalability.ini]
[2021.09.24-09.09.07:543][  0]LogConfig: Setting CVar [[r.SkeletalMeshLODBias:0]]
[2021.09.24-09.09.07:543][  0]LogConfig: Setting CVar [[r.ViewDistanceScale:1.0]]
[2021.09.24-09.09.07:543][  0]LogConfig: Applying CVar settings from Section [AntiAliasingQuality@3] File [C:/Users/ADMIN/Documents/GitHub/theshwetapatil/COOP-Game-UE4/COOPGame/Saved/Config/Windows/Scalability.ini]
[2021.09.24-09.09.07:543][  0]LogConfig: Setting CVar [[r.PostProcessAAQuality:4]]
[2021.09.24-09.09.07:543][  0]LogConfig: Applying CVar settings from Section [ShadowQuality@3] File [C:/Users/ADMIN/Documents/GitHub/theshwetapatil/COOP-Game-UE4/COOPGame/Saved/Config/Windows/Scalability.ini]
[2021.09.24-09.09.07:543][  0]LogConfig: Setting CVar [[r.LightFunctionQuality:1]]
[2021.09.24-09.09.07:543][  0]LogConfig: Setting CVar [[r.ShadowQuality:5]]
[2021.09.24-09.09.07:543][  0]LogConfig: Setting CVar [[r.Shadow.CSM.MaxCascades:10]]
[2021.09.24-09.09.07:543][  0]LogConfig: Setting CVar [[r.Shadow.MaxResolution:2048]]
[2021.09.24-09.09.07:543][  0]LogConfig: Setting CVar [[r.Shadow.MaxCSMResolution:2048]]
[2021.09.24-09.09.07:543][  0]LogConfig: Setting CVar [[r.Shadow.RadiusThreshold:0.01]]
[2021.09.24-09.09.07:543][  0]LogConfig: Setting CVar [[r.Shadow.DistanceScale:1.0]]
[2021.09.24-09.09.07:543][  0]LogConfig: Setting CVar [[r.Shadow.CSM.TransitionScale:1.0]]
[2021.09.24-09.09.07:543][  0]LogConfig: Setting CVar [[r.Shadow.PreShadowResolutionFactor:1.0]]
[2021.09.24-09.09.07:543][  0]LogConfig: Setting CVar [[r.DistanceFieldShadowing:1]]
[2021.09.24-09.09.07:543][  0]LogConfig: Setting CVar [[r.DistanceFieldAO:1]]
[2021.09.24-09.09.07:543][  0]LogConfig: Setting CVar [[r.AOQuality:2]]
[2021.09.24-09.09.07:543][  0]LogConfig: Setting CVar [[r.VolumetricFog:1]]
[2021.09.24-09.09.07:543][  0]LogConfig: Setting CVar [[r.VolumetricFog.GridPixelSize:8]]
[2021.09.24-09.09.07:543][  0]LogConfig: Setting CVar [[r.VolumetricFog.GridSizeZ:128]]
[2021.09.24-09.09.07:543][  0]LogConfig: Setting CVar [[r.VolumetricFog.HistoryMissSupersampleCount:4]]
[2021.09.24-09.09.07:543][  0]LogConfig: Setting CVar [[r.LightMaxDrawDistanceScale:1]]
[2021.09.24-09.09.07:543][  0]LogConfig: Setting CVar [[r.CapsuleShadows:1]]
[2021.09.24-09.09.07:543][  0]LogConfig: Applying CVar settings from Section [PostProcessQuality@3] File [C:/Users/ADMIN/Documents/GitHub/theshwetapatil/COOP-Game-UE4/COOPGame/Saved/Config/Windows/Scalability.ini]
[2021.09.24-09.09.07:543][  0]LogConfig: Setting CVar [[r.MotionBlurQuality:4]]
[2021.09.24-09.09.07:543][  0]LogConfig: Setting CVar [[r.AmbientOcclusionMipLevelFactor:0.4]]
[2021.09.24-09.09.07:544][  0]LogConfig: Setting CVar [[r.AmbientOcclusionMaxQuality:100]]
[2021.09.24-09.09.07:544][  0]LogConfig: Setting CVar [[r.AmbientOcclusionLevels:-1]]
[2021.09.24-09.09.07:544][  0]LogConfig: Setting CVar [[r.AmbientOcclusionRadiusScale:1.0]]
[2021.09.24-09.09.07:544][  0]LogConfig: Setting CVar [[r.DepthOfFieldQuality:2]]
[2021.09.24-09.09.07:544][  0]LogConfig: Setting CVar [[r.RenderTargetPoolMin:400]]
[2021.09.24-09.09.07:544][  0]LogConfig: Setting CVar [[r.LensFlareQuality:2]]
[2021.09.24-09.09.07:544][  0]LogConfig: Setting CVar [[r.SceneColorFringeQuality:1]]
[2021.09.24-09.09.07:544][  0]LogConfig: Setting CVar [[r.EyeAdaptationQuality:2]]
[2021.09.24-09.09.07:544][  0]LogConfig: Setting CVar [[r.BloomQuality:5]]
[2021.09.24-09.09.07:544][  0]LogConfig: Setting CVar [[r.FastBlurThreshold:100]]
[2021.09.24-09.09.07:544][  0]LogConfig: Setting CVar [[r.Upscale.Quality:3]]
[2021.09.24-09.09.07:544][  0]LogConfig: Setting CVar [[r.Tonemapper.GrainQuantization:1]]
[2021.09.24-09.09.07:544][  0]LogConfig: Setting CVar [[r.LightShaftQuality:1]]
[2021.09.24-09.09.07:544][  0]LogConfig: Setting CVar [[r.Filter.SizeScale:1]]
[2021.09.24-09.09.07:544][  0]LogConfig: Setting CVar [[r.Tonemapper.Quality:5]]
[2021.09.24-09.09.07:544][  0]LogConfig: Setting CVar [[r.DOF.Gather.AccumulatorQuality:1        ; higher gathering accumulator quality]]
[2021.09.24-09.09.07:544][  0]LogConfig: Setting CVar [[r.DOF.Gather.PostfilterMethod:1          ; Median3x3 postfilering method]]
[2021.09.24-09.09.07:544][  0]LogConfig: Setting CVar [[r.DOF.Gather.EnableBokehSettings:0       ; no bokeh simulation when gathering]]
[2021.09.24-09.09.07:544][  0]LogConfig: Setting CVar [[r.DOF.Gather.RingCount:4                 ; medium number of samples when gathering]]
[2021.09.24-09.09.07:544][  0]LogConfig: Setting CVar [[r.DOF.Scatter.ForegroundCompositing:1    ; additive foreground scattering]]
[2021.09.24-09.09.07:544][  0]LogConfig: Setting CVar [[r.DOF.Scatter.BackgroundCompositing:2    ; additive background scattering]]
[2021.09.24-09.09.07:544][  0]LogConfig: Setting CVar [[r.DOF.Scatter.EnableBokehSettings:1      ; bokeh simulation when scattering]]
[2021.09.24-09.09.07:544][  0]LogConfig: Setting CVar [[r.DOF.Scatter.MaxSpriteRatio:0.1         ; only a maximum of 10% of scattered bokeh]]
[2021.09.24-09.09.07:544][  0]LogConfig: Setting CVar [[r.DOF.Recombine.Quality:1                ; cheap slight out of focus]]
[2021.09.24-09.09.07:544][  0]LogConfig: Setting CVar [[r.DOF.Recombine.EnableBokehSettings:0    ; no bokeh simulation on slight out of focus]]
[2021.09.24-09.09.07:544][  0]LogConfig: Setting CVar [[r.DOF.TemporalAAQuality:1                ; more stable temporal accumulation]]
[2021.09.24-09.09.07:544][  0]LogConfig: Setting CVar [[r.DOF.Kernel.MaxForegroundRadius:0.025]]
[2021.09.24-09.09.07:544][  0]LogConfig: Setting CVar [[r.DOF.Kernel.MaxBackgroundRadius:0.025]]
[2021.09.24-09.09.07:544][  0]LogConfig: Applying CVar settings from Section [TextureQuality@3] File [C:/Users/ADMIN/Documents/GitHub/theshwetapatil/COOP-Game-UE4/COOPGame/Saved/Config/Windows/Scalability.ini]
[2021.09.24-09.09.07:544][  0]LogConfig: Setting CVar [[r.Streaming.MipBias:0]]
[2021.09.24-09.09.07:544][  0]LogConfig: Setting CVar [[r.Streaming.AmortizeCPUToGPUCopy:0]]
[2021.09.24-09.09.07:544][  0]LogConfig: Setting CVar [[r.Streaming.MaxNumTexturesToStreamPerFrame:0]]
[2021.09.24-09.09.07:544][  0]LogConfig: Setting CVar [[r.Streaming.Boost:1]]
[2021.09.24-09.09.07:544][  0]LogConfig: Setting CVar [[r.MaxAnisotropy:8]]
[2021.09.24-09.09.07:544][  0]LogConfig: Setting CVar [[r.Streaming.LimitPoolSizeToVRAM:0]]
[2021.09.24-09.09.07:544][  0]LogConfig: Setting CVar [[r.Streaming.PoolSize:1000]]
[2021.09.24-09.09.07:544][  0]LogConfig: Setting CVar [[r.Streaming.MaxEffectiveScreenSize:0]]
[2021.09.24-09.09.07:544][  0]LogConfig: Applying CVar settings from Section [EffectsQuality@3] File [C:/Users/ADMIN/Documents/GitHub/theshwetapatil/COOP-Game-UE4/COOPGame/Saved/Config/Windows/Scalability.ini]
[2021.09.24-09.09.07:544][  0]LogConfig: Setting CVar [[r.TranslucencyLightingVolumeDim:64]]
[2021.09.24-09.09.07:544][  0]LogConfig: Setting CVar [[r.RefractionQuality:2]]
[2021.09.24-09.09.07:544][  0]LogConfig: Setting CVar [[r.SSR.Quality:3]]
[2021.09.24-09.09.07:544][  0]LogConfig: Setting CVar [[r.SceneColorFormat:4]]
[2021.09.24-09.09.07:544][  0]LogConfig: Setting CVar [[r.DetailMode:2]]
[2021.09.24-09.09.07:544][  0]LogConfig: Setting CVar [[r.TranslucencyVolumeBlur:1]]
[2021.09.24-09.09.07:544][  0]LogConfig: Setting CVar [[r.MaterialQualityLevel:1 ; High quality]]
[2021.09.24-09.09.07:544][  0]LogConfig: Setting CVar [[r.SSS.Scale:1]]
[2021.09.24-09.09.07:544][  0]LogConfig: Setting CVar [[r.SSS.SampleSet:2]]
[2021.09.24-09.09.07:544][  0]LogConfig: Setting CVar [[r.SSS.Quality:1]]
[2021.09.24-09.09.07:544][  0]LogConfig: Setting CVar [[r.SSS.HalfRes:1]]
[2021.09.24-09.09.07:544][  0]LogConfig: Setting CVar [[r.EmitterSpawnRateScale:1.0]]
[2021.09.24-09.09.07:544][  0]LogConfig: Setting CVar [[r.ParticleLightQuality:2]]
[2021.09.24-09.09.07:544][  0]LogConfig: Applying CVar settings from Section [FoliageQuality@3] File [C:/Users/ADMIN/Documents/GitHub/theshwetapatil/COOP-Game-UE4/COOPGame/Saved/Config/Windows/Scalability.ini]
[2021.09.24-09.09.07:544][  0]LogConfig: Setting CVar [[foliage.DensityScale:1.0]]
[2021.09.24-09.09.07:544][  0]LogConfig: Setting CVar [[grass.DensityScale:1.0]]
[2021.09.24-09.09.07:544][  0]LogInit: Selected Device Profile: [Windows]
[2021.09.24-09.09.07:544][  0]LogInit: Applying CVar settings loaded from the selected device profile: [Windows]
[2021.09.24-09.09.07:557][  0]LogHAL: Display: Platform has ~ 16 GB [17125855232 / 17179869184 / 16], which maps to Larger [LargestMinGB=32, LargerMinGB=12, DefaultMinGB=8, SmallerMinGB=6, SmallestMinGB=0)
[2021.09.24-09.09.07:557][  0]LogConfig: Setting CVar [[r.Vulkan.UseRealUBs:0		; Required until we fix HLR fall-out]]
[2021.09.24-09.09.07:558][  0]LogInit: Going up to parent DeviceProfile []
[2021.09.24-09.09.07:558][  0]LogConfig: Applying CVar settings from Section [ViewDistanceQuality@3] File [C:/Users/ADMIN/Documents/GitHub/theshwetapatil/COOP-Game-UE4/COOPGame/Saved/Config/Windows/Scalability.ini]
[2021.09.24-09.09.07:558][  0]LogConfig: Setting CVar [[r.SkeletalMeshLODBias:0]]
[2021.09.24-09.09.07:558][  0]LogConfig: Setting CVar [[r.ViewDistanceScale:1.0]]
[2021.09.24-09.09.07:558][  0]LogConfig: Applying CVar settings from Section [AntiAliasingQuality@3] File [C:/Users/ADMIN/Documents/GitHub/theshwetapatil/COOP-Game-UE4/COOPGame/Saved/Config/Windows/Scalability.ini]
[2021.09.24-09.09.07:558][  0]LogConfig: Setting CVar [[r.PostProcessAAQuality:4]]
[2021.09.24-09.09.07:558][  0]LogConfig: Applying CVar settings from Section [ShadowQuality@3] File [C:/Users/ADMIN/Documents/GitHub/theshwetapatil/COOP-Game-UE4/COOPGame/Saved/Config/Windows/Scalability.ini]
[2021.09.24-09.09.07:558][  0]LogConfig: Setting CVar [[r.LightFunctionQuality:1]]
[2021.09.24-09.09.07:558][  0]LogConfig: Setting CVar [[r.ShadowQuality:5]]
[2021.09.24-09.09.07:558][  0]LogConfig: Setting CVar [[r.Shadow.CSM.MaxCascades:10]]
[2021.09.24-09.09.07:558][  0]LogConfig: Setting CVar [[r.Shadow.MaxResolution:2048]]
[2021.09.24-09.09.07:558][  0]LogConfig: Setting CVar [[r.Shadow.MaxCSMResolution:2048]]
[2021.09.24-09.09.07:558][  0]LogConfig: Setting CVar [[r.Shadow.RadiusThreshold:0.01]]
[2021.09.24-09.09.07:558][  0]LogConfig: Setting CVar [[r.Shadow.DistanceScale:1.0]]
[2021.09.24-09.09.07:558][  0]LogConfig: Setting CVar [[r.Shadow.CSM.TransitionScale:1.0]]
[2021.09.24-09.09.07:558][  0]LogConfig: Setting CVar [[r.Shadow.PreShadowResolutionFactor:1.0]]
[2021.09.24-09.09.07:558][  0]LogConfig: Setting CVar [[r.DistanceFieldShadowing:1]]
[2021.09.24-09.09.07:558][  0]LogConfig: Setting CVar [[r.DistanceFieldAO:1]]
[2021.09.24-09.09.07:558][  0]LogConfig: Setting CVar [[r.AOQuality:2]]
[2021.09.24-09.09.07:558][  0]LogConfig: Setting CVar [[r.VolumetricFog:1]]
[2021.09.24-09.09.07:558][  0]LogConfig: Setting CVar [[r.VolumetricFog.GridPixelSize:8]]
[2021.09.24-09.09.07:558][  0]LogConfig: Setting CVar [[r.VolumetricFog.GridSizeZ:128]]
[2021.09.24-09.09.07:558][  0]LogConfig: Setting CVar [[r.VolumetricFog.HistoryMissSupersampleCount:4]]
[2021.09.24-09.09.07:558][  0]LogConfig: Setting CVar [[r.LightMaxDrawDistanceScale:1]]
[2021.09.24-09.09.07:558][  0]LogConfig: Setting CVar [[r.CapsuleShadows:1]]
[2021.09.24-09.09.07:558][  0]LogConfig: Applying CVar settings from Section [PostProcessQuality@3] File [C:/Users/ADMIN/Documents/GitHub/theshwetapatil/COOP-Game-UE4/COOPGame/Saved/Config/Windows/Scalability.ini]
[2021.09.24-09.09.07:558][  0]LogConfig: Setting CVar [[r.MotionBlurQuality:4]]
[2021.09.24-09.09.07:558][  0]LogConfig: Setting CVar [[r.AmbientOcclusionMipLevelFactor:0.4]]
[2021.09.24-09.09.07:558][  0]LogConfig: Setting CVar [[r.AmbientOcclusionMaxQuality:100]]
[2021.09.24-09.09.07:558][  0]LogConfig: Setting CVar [[r.AmbientOcclusionLevels:-1]]
[2021.09.24-09.09.07:558][  0]LogConfig: Setting CVar [[r.AmbientOcclusionRadiusScale:1.0]]
[2021.09.24-09.09.07:558][  0]LogConfig: Setting CVar [[r.DepthOfFieldQuality:2]]
[2021.09.24-09.09.07:558][  0]LogConfig: Setting CVar [[r.RenderTargetPoolMin:400]]
[2021.09.24-09.09.07:558][  0]LogConfig: Setting CVar [[r.LensFlareQuality:2]]
[2021.09.24-09.09.07:558][  0]LogConfig: Setting CVar [[r.SceneColorFringeQuality:1]]
[2021.09.24-09.09.07:558][  0]LogConfig: Setting CVar [[r.EyeAdaptationQuality:2]]
[2021.09.24-09.09.07:558][  0]LogConfig: Setting CVar [[r.BloomQuality:5]]
[2021.09.24-09.09.07:558][  0]LogConfig: Setting CVar [[r.FastBlurThreshold:100]]
[2021.09.24-09.09.07:558][  0]LogConfig: Setting CVar [[r.Upscale.Quality:3]]
[2021.09.24-09.09.07:558][  0]LogConfig: Setting CVar [[r.Tonemapper.GrainQuantization:1]]
[2021.09.24-09.09.07:558][  0]LogConfig: Setting CVar [[r.LightShaftQuality:1]]
[2021.09.24-09.09.07:558][  0]LogConfig: Setting CVar [[r.Filter.SizeScale:1]]
[2021.09.24-09.09.07:558][  0]LogConfig: Setting CVar [[r.Tonemapper.Quality:5]]
[2021.09.24-09.09.07:558][  0]LogConfig: Setting CVar [[r.DOF.Gather.AccumulatorQuality:1        ; higher gathering accumulator quality]]
[2021.09.24-09.09.07:558][  0]LogConfig: Setting CVar [[r.DOF.Gather.PostfilterMethod:1          ; Median3x3 postfilering method]]
[2021.09.24-09.09.07:558][  0]LogConfig: Setting CVar [[r.DOF.Gather.EnableBokehSettings:0       ; no bokeh simulation when gathering]]
[2021.09.24-09.09.07:558][  0]LogConfig: Setting CVar [[r.DOF.Gather.RingCount:4                 ; medium number of samples when gathering]]
[2021.09.24-09.09.07:558][  0]LogConfig: Setting CVar [[r.DOF.Scatter.ForegroundCompositing:1    ; additive foreground scattering]]
[2021.09.24-09.09.07:558][  0]LogConfig: Setting CVar [[r.DOF.Scatter.BackgroundCompositing:2    ; additive background scattering]]
[2021.09.24-09.09.07:558][  0]LogConfig: Setting CVar [[r.DOF.Scatter.EnableBokehSettings:1      ; bokeh simulation when scattering]]
[2021.09.24-09.09.07:559][  0]LogConfig: Setting CVar [[r.DOF.Scatter.MaxSpriteRatio:0.1         ; only a maximum of 10% of scattered bokeh]]
[2021.09.24-09.09.07:559][  0]LogConfig: Setting CVar [[r.DOF.Recombine.Quality:1                ; cheap slight out of focus]]
[2021.09.24-09.09.07:559][  0]LogConfig: Setting CVar [[r.DOF.Recombine.EnableBokehSettings:0    ; no bokeh simulation on slight out of focus]]
[2021.09.24-09.09.07:559][  0]LogConfig: Setting CVar [[r.DOF.TemporalAAQuality:1                ; more stable temporal accumulation]]
[2021.09.24-09.09.07:559][  0]LogConfig: Setting CVar [[r.DOF.Kernel.MaxForegroundRadius:0.025]]
[2021.09.24-09.09.07:559][  0]LogConfig: Setting CVar [[r.DOF.Kernel.MaxBackgroundRadius:0.025]]
[2021.09.24-09.09.07:559][  0]LogConfig: Applying CVar settings from Section [TextureQuality@3] File [C:/Users/ADMIN/Documents/GitHub/theshwetapatil/COOP-Game-UE4/COOPGame/Saved/Config/Windows/Scalability.ini]
[2021.09.24-09.09.07:559][  0]LogConfig: Setting CVar [[r.Streaming.MipBias:0]]
[2021.09.24-09.09.07:559][  0]LogConfig: Setting CVar [[r.Streaming.AmortizeCPUToGPUCopy:0]]
[2021.09.24-09.09.07:559][  0]LogConfig: Setting CVar [[r.Streaming.MaxNumTexturesToStreamPerFrame:0]]
[2021.09.24-09.09.07:559][  0]LogConfig: Setting CVar [[r.Streaming.Boost:1]]
[2021.09.24-09.09.07:559][  0]LogConfig: Setting CVar [[r.MaxAnisotropy:8]]
[2021.09.24-09.09.07:559][  0]LogConfig: Setting CVar [[r.Streaming.LimitPoolSizeToVRAM:0]]
[2021.09.24-09.09.07:559][  0]LogConfig: Setting CVar [[r.Streaming.PoolSize:1000]]
[2021.09.24-09.09.07:559][  0]LogConfig: Setting CVar [[r.Streaming.MaxEffectiveScreenSize:0]]
[2021.09.24-09.09.07:559][  0]LogConfig: Applying CVar settings from Section [EffectsQuality@3] File [C:/Users/ADMIN/Documents/GitHub/theshwetapatil/COOP-Game-UE4/COOPGame/Saved/Config/Windows/Scalability.ini]
[2021.09.24-09.09.07:559][  0]LogConfig: Setting CVar [[r.TranslucencyLightingVolumeDim:64]]
[2021.09.24-09.09.07:559][  0]LogConfig: Setting CVar [[r.RefractionQuality:2]]
[2021.09.24-09.09.07:559][  0]LogConfig: Setting CVar [[r.SSR.Quality:3]]
[2021.09.24-09.09.07:559][  0]LogConfig: Setting CVar [[r.SceneColorFormat:4]]
[2021.09.24-09.09.07:559][  0]LogConfig: Setting CVar [[r.DetailMode:2]]
[2021.09.24-09.09.07:559][  0]LogConfig: Setting CVar [[r.TranslucencyVolumeBlur:1]]
[2021.09.24-09.09.07:559][  0]LogConfig: Setting CVar [[r.MaterialQualityLevel:1 ; High quality]]
[2021.09.24-09.09.07:559][  0]LogConfig: Setting CVar [[r.SSS.Scale:1]]
[2021.09.24-09.09.07:559][  0]LogConfig: Setting CVar [[r.SSS.SampleSet:2]]
[2021.09.24-09.09.07:559][  0]LogConfig: Setting CVar [[r.SSS.Quality:1]]
[2021.09.24-09.09.07:559][  0]LogConfig: Setting CVar [[r.SSS.HalfRes:1]]
[2021.09.24-09.09.07:559][  0]LogConfig: Setting CVar [[r.EmitterSpawnRateScale:1.0]]
[2021.09.24-09.09.07:559][  0]LogConfig: Setting CVar [[r.ParticleLightQuality:2]]
[2021.09.24-09.09.07:559][  0]LogConfig: Applying CVar settings from Section [FoliageQuality@3] File [C:/Users/ADMIN/Documents/GitHub/theshwetapatil/COOP-Game-UE4/COOPGame/Saved/Config/Windows/Scalability.ini]
[2021.09.24-09.09.07:559][  0]LogConfig: Setting CVar [[foliage.DensityScale:1.0]]
[2021.09.24-09.09.07:559][  0]LogConfig: Setting CVar [[grass.DensityScale:1.0]]
[2021.09.24-09.09.07:559][  0]LogConfig: Applying CVar settings from Section [Startup] File [../../../Engine/Config/ConsoleVariables.ini]
[2021.09.24-09.09.07:559][  0]LogConfig: Setting CVar [[net.UseAdaptiveNetUpdateFrequency:0]]
[2021.09.24-09.09.07:559][  0]LogConfig: Setting CVar [[p.chaos.AllowCreatePhysxBodies:1]]
[2021.09.24-09.09.07:559][  0]LogConfig: Applying CVar settings from Section [ConsoleVariables] File [C:/Users/ADMIN/Documents/GitHub/theshwetapatil/COOP-Game-UE4/COOPGame/Saved/Config/Windows/Engine.ini]
[2021.09.24-09.09.07:560][  0]LogInit: Computer: DESKTOP-C697CL8
[2021.09.24-09.09.07:560][  0]LogInit: User: ADMIN
[2021.09.24-09.09.07:560][  0]LogInit: CPU Page size=4096, Cores=4
[2021.09.24-09.09.07:560][  0]LogInit: High frequency timer resolution =10.000000 MHz
[2021.09.24-09.09.07:560][  0]LogMemory: Memory total: Physical=15.9GB (16GB approx)
[2021.09.24-09.09.07:560][  0]LogMemory: Platform Memory Stats for Windows
[2021.09.24-09.09.07:560][  0]LogMemory: Process Physical Memory: 99.68 MB used, 99.69 MB peak
[2021.09.24-09.09.07:560][  0]LogMemory: Process Virtual Memory: 97.48 MB used, 97.48 MB peak
[2021.09.24-09.09.07:560][  0]LogMemory: Physical Memory: 10652.59 MB used,  5679.89 MB free, 16332.49 MB total
[2021.09.24-09.09.07:560][  0]LogMemory: Virtual Memory: 4651.25 MB used,  134213080.00 MB free, 134217728.00 MB total
[2021.09.24-09.09.07:580][  0]LogInit: Using OS detected language (en-US).
[2021.09.24-09.09.07:580][  0]LogInit: Using OS detected locale (en-US).
[2021.09.24-09.09.07:580][  0]LogTextLocalizationManager: No specific localization for 'en-US' exists, so the 'en' localization will be used.
[2021.09.24-09.09.07:772][  0]LogInit: Setting process to per monitor DPI aware
[2021.09.24-09.09.07:803][  0]LogSlate: New Slate User Created.  User Index 0, Is Virtual User: 0
[2021.09.24-09.09.07:803][  0]LogSlate: Slate User Registered.  User Index 0, Is Virtual User: 0
[2021.09.24-09.09.08:053][  0]LogHMD: Failed to initialize OpenVR with code 110
[2021.09.24-09.09.08:053][  0]LogD3D11RHI: D3D11 adapters:
[2021.09.24-09.09.08:160][  0]LogD3D11RHI:    0. 'NVIDIA GeForce GTX 1050 Ti' (Feature Level 11_0)
[2021.09.24-09.09.08:160][  0]LogD3D11RHI:       4018/0/8166 MB DedicatedVideo/DedicatedSystem/SharedSystem, Outputs:2, VendorId:0x10de
[2021.09.24-09.09.08:163][  0]LogD3D11RHI:    1. 'Microsoft Basic Render Driver' (Feature Level 11_0)
[2021.09.24-09.09.08:163][  0]LogD3D11RHI:       0/0/8166 MB DedicatedVideo/DedicatedSystem/SharedSystem, Outputs:0, VendorId:0x1414
[2021.09.24-09.09.08:163][  0]LogD3D11RHI: Chosen D3D11 Adapter: 0
[2021.09.24-09.09.08:170][  0]LogD3D11RHI: Creating new Direct3DDevice
[2021.09.24-09.09.08:170][  0]LogD3D11RHI:     GPU DeviceId: 0x1c82 (for the marketing name, search the web for "GPU Device Id")
[2021.09.24-09.09.08:170][  0]LogWindows: EnumDisplayDevices:
[2021.09.24-09.09.08:170][  0]LogWindows:    0. 'NVIDIA GeForce GTX 1050 Ti' (P:1 D:1)
[2021.09.24-09.09.08:171][  0]LogWindows:    1. 'NVIDIA GeForce GTX 1050 Ti' (P:0 D:1)
[2021.09.24-09.09.08:171][  0]LogWindows:    2. 'NVIDIA GeForce GTX 1050 Ti' (P:0 D:0)
[2021.09.24-09.09.08:171][  0]LogWindows:    3. 'NVIDIA GeForce GTX 1050 Ti' (P:0 D:0)
[2021.09.24-09.09.08:171][  0]LogWindows: DebugString: FoundDriverCount:4 
[2021.09.24-09.09.08:171][  0]LogD3D11RHI:     Adapter Name: NVIDIA GeForce GTX 1050 Ti
[2021.09.24-09.09.08:171][  0]LogD3D11RHI:   Driver Version: 456.71 (internal:27.21.14.5671, unified:456.71)
[2021.09.24-09.09.08:171][  0]LogD3D11RHI:      Driver Date: 9-30-2020
[2021.09.24-09.09.08:171][  0]LogRHI: Texture pool is 2812 MB (70% of 4018 MB)
[2021.09.24-09.09.08:241][  0]LogD3D11RHI: Async texture creation enabled
[2021.09.24-09.09.08:246][  0]LogRendererCore: FGlobalReadBuffer::InitRHI
[2021.09.24-09.09.08:247][  0]LogRendererCore: FGlobalReadBuffer::InitRHI
[2021.09.24-09.09.08:247][  0]LogRendererCore: FGlobalReadBuffer::InitRHI
[2021.09.24-09.09.08:256][  0]LogD3D11RHI: GPU Timing Frequency: 1000.000000 (Debug: 2 1)
[2021.09.24-09.09.08:563][  0]LogTemp: Display: Module 'AllDesktopTargetPlatform' loaded TargetPlatform 'AllDesktop'
[2021.09.24-09.09.08:580][  0]LogTemp: Display: Module 'MacClientTargetPlatform' loaded TargetPlatform 'MacClient'
[2021.09.24-09.09.08:599][  0]LogTemp: Display: Module 'MacNoEditorTargetPlatform' loaded TargetPlatform 'MacNoEditor'
[2021.09.24-09.09.08:616][  0]LogTemp: Display: Module 'MacServerTargetPlatform' loaded TargetPlatform 'MacServer'
[2021.09.24-09.09.08:633][  0]LogTemp: Display: Module 'MacTargetPlatform' loaded TargetPlatform 'Mac'
[2021.09.24-09.09.08:652][  0]LogTemp: Display: Module 'WindowsClientTargetPlatform' loaded TargetPlatform 'WindowsClient'
[2021.09.24-09.09.08:669][  0]LogTemp: Display: Module 'WindowsNoEditorTargetPlatform' loaded TargetPlatform 'WindowsNoEditor'
[2021.09.24-09.09.08:689][  0]LogTemp: Display: Module 'WindowsServerTargetPlatform' loaded TargetPlatform 'WindowsServer'
[2021.09.24-09.09.08:697][  0]LogTemp: Display: Module 'WindowsTargetPlatform' loaded TargetPlatform 'Windows'
[2021.09.24-09.09.08:802][  0]LogTemp: Display: Module 'AndroidTargetPlatform' loaded TargetPlatform 'Android'
[2021.09.24-09.09.08:802][  0]LogTemp: Display: Module 'AndroidTargetPlatform' loaded TargetPlatform 'Android_ASTC'
[2021.09.24-09.09.08:802][  0]LogTemp: Display: Module 'AndroidTargetPlatform' loaded TargetPlatform 'Android_ATC'
[2021.09.24-09.09.08:802][  0]LogTemp: Display: Module 'AndroidTargetPlatform' loaded TargetPlatform 'Android_DXT'
[2021.09.24-09.09.08:802][  0]LogTemp: Display: Module 'AndroidTargetPlatform' loaded TargetPlatform 'Android_ETC1'
[2021.09.24-09.09.08:802][  0]LogTemp: Display: Module 'AndroidTargetPlatform' loaded TargetPlatform 'Android_ETC1a'
[2021.09.24-09.09.08:802][  0]LogTemp: Display: Module 'AndroidTargetPlatform' loaded TargetPlatform 'Android_ETC2'
[2021.09.24-09.09.08:802][  0]LogTemp: Display: Module 'AndroidTargetPlatform' loaded TargetPlatform 'Android_PVRTC'
[2021.09.24-09.09.08:802][  0]LogTemp: Display: Module 'AndroidTargetPlatform' loaded TargetPlatform 'AndroidClient'
[2021.09.24-09.09.08:802][  0]LogTemp: Display: Module 'AndroidTargetPlatform' loaded TargetPlatform 'Android_ASTCClient'
[2021.09.24-09.09.08:802][  0]LogTemp: Display: Module 'AndroidTargetPlatform' loaded TargetPlatform 'Android_ATCClient'
[2021.09.24-09.09.08:802][  0]LogTemp: Display: Module 'AndroidTargetPlatform' loaded TargetPlatform 'Android_DXTClient'
[2021.09.24-09.09.08:802][  0]LogTemp: Display: Module 'AndroidTargetPlatform' loaded TargetPlatform 'Android_ETC1Client'
[2021.09.24-09.09.08:802][  0]LogTemp: Display: Module 'AndroidTargetPlatform' loaded TargetPlatform 'Android_ETC1aClient'
[2021.09.24-09.09.08:802][  0]LogTemp: Display: Module 'AndroidTargetPlatform' loaded TargetPlatform 'Android_ETC2Client'
[2021.09.24-09.09.08:802][  0]LogTemp: Display: Module 'AndroidTargetPlatform' loaded TargetPlatform 'Android_PVRTCClient'
[2021.09.24-09.09.08:802][  0]LogTemp: Display: Module 'AndroidTargetPlatform' loaded TargetPlatform 'Android_Multi'
[2021.09.24-09.09.08:802][  0]LogTemp: Display: Module 'AndroidTargetPlatform' loaded TargetPlatform 'Android_MultiClient'
[2021.09.24-09.09.08:804][  0]LogTemp: Display: Module 'HTML5TargetPlatform' loaded TargetPlatform 'HTML5'
[2021.09.24-09.09.08:862][  0]LogTemp: Display: Module 'IOSTargetPlatform' loaded TargetPlatform 'IOSClient'
[2021.09.24-09.09.08:862][  0]LogTemp: Display: Module 'IOSTargetPlatform' loaded TargetPlatform 'IOS'
[2021.09.24-09.09.08:893][  0]LogTemp: Display: Module 'TVOSTargetPlatform' loaded TargetPlatform 'TVOSClient'
[2021.09.24-09.09.08:893][  0]LogTemp: Display: Module 'TVOSTargetPlatform' loaded TargetPlatform 'TVOS'
[2021.09.24-09.09.08:911][  0]LogTemp: Display: Module 'LinuxClientTargetPlatform' loaded TargetPlatform 'LinuxClient'
[2021.09.24-09.09.08:926][  0]LogTemp: Display: Module 'LinuxNoEditorTargetPlatform' loaded TargetPlatform 'LinuxNoEditor'
[2021.09.24-09.09.08:941][  0]LogTemp: Display: Module 'LinuxServerTargetPlatform' loaded TargetPlatform 'LinuxServer'
[2021.09.24-09.09.08:959][  0]LogTemp: Display: Module 'LinuxTargetPlatform' loaded TargetPlatform 'Linux'
[2021.09.24-09.09.09:017][  0]LogTemp: Display: Module 'LuminTargetPlatform' loaded TargetPlatform 'Lumin'
[2021.09.24-09.09.09:017][  0]LogTemp: Display: Module 'LuminTargetPlatform' loaded TargetPlatform 'LuminClient'
[2021.09.24-09.09.09:017][  0]LogTargetPlatformManager: Display: Building Assets For Windows
[2021.09.24-09.09.09:027][  0]LogAudioDebug: Display: Lib vorbis DLL was dynamically loaded.
[2021.09.24-09.09.09:088][  0]LogShaderCompilers: Guid format shader working directory is -39 characters bigger than the processId version (../../../../../../Users/ADMIN/Documents/GitHub/theshwetapatil/COOP-Game-UE4/COOPGame/Intermediate/Shaders/WorkingDirectory/17284/).
[2021.09.24-09.09.09:088][  0]LogShaderCompilers: Cleaned the shader compiler working directory 'C:/Users/ADMIN/AppData/Local/Temp/UnrealShaderWorkingDir/E16585F446C5ADB9E37E26A9FBE87FB3/'.
[2021.09.24-09.09.09:091][  0]LogXGEController: Cannot use XGE Controller as Incredibuild is not installed on this machine.
[2021.09.24-09.09.09:091][  0]LogShaderCompilers: Cannot use XGE Shader Compiler as Incredibuild is not installed on this machine.
[2021.09.24-09.09.09:091][  0]LogShaderCompilers: Display: Using Local Shader Compiler.
[2021.09.24-09.09.09:680][  0]LogDerivedDataCache: Display: Max Cache Size: 512 MB
[2021.09.24-09.09.09:732][  0]LogDerivedDataCache: Loaded boot cache 0.05s 71MB C:/Users/ADMIN/AppData/Local/UnrealEngine/4.22/DerivedDataCache/Boot.ddc.
[2021.09.24-09.09.09:732][  0]LogDerivedDataCache: Display: Loaded Boot cache: C:/Users/ADMIN/AppData/Local/UnrealEngine/4.22/DerivedDataCache/Boot.ddc
[2021.09.24-09.09.09:732][  0]LogDerivedDataCache: FDerivedDataBackendGraph:  Pak pak cache file ../../../../../../Users/ADMIN/Documents/GitHub/theshwetapatil/COOP-Game-UE4/COOPGame/DerivedDataCache/DDC.ddp not found, will not use a pak cache.
[2021.09.24-09.09.09:732][  0]LogDerivedDataCache: Unable to find inner node Pak for hierarchical cache Hierarchy.
[2021.09.24-09.09.09:732][  0]LogDerivedDataCache: FDerivedDataBackendGraph:  CompressedPak pak cache file ../../../../../../Users/ADMIN/Documents/GitHub/theshwetapatil/COOP-Game-UE4/COOPGame/DerivedDataCache/Compressed.ddp not found, will not use a pak cache.
[2021.09.24-09.09.09:732][  0]LogDerivedDataCache: Unable to find inner node CompressedPak for hierarchical cache Hierarchy.
[2021.09.24-09.09.09:747][  0]LogDerivedDataCache: Display: Pak cache opened for reading ../../../Engine/DerivedDataCache/Compressed.ddp.
[2021.09.24-09.09.09:747][  0]LogDerivedDataCache: FDerivedDataBackendGraph:  EnterprisePak pak cache file ../../../Enterprise/DerivedDataCache/Compressed.ddp not found, will not use a pak cache.
[2021.09.24-09.09.09:747][  0]LogDerivedDataCache: Unable to find inner node EnterprisePak for hierarchical cache Hierarchy.
[2021.09.24-09.09.09:760][  0]LogDerivedDataCache: Using Local data cache path C:/Users/ADMIN/AppData/Local/UnrealEngine/Common/DerivedDataCache: Writable
[2021.09.24-09.09.09:760][  0]LogDerivedDataCache: Shared data cache path not found in *engine.ini, will not use an Shared cache.
[2021.09.24-09.09.09:760][  0]LogDerivedDataCache: Unable to find inner node Shared for hierarchical cache Hierarchy.
[2021.09.24-09.09.09:786][  0]LogMaterial: Verifying Global Shaders for PCD3D_SM5
[2021.09.24-09.09.09:788][  0]LogSlate: Using FreeType 2.6.0
[2021.09.24-09.09.09:789][  0]LogSlate: SlateFontServices - WITH_FREETYPE: 1, WITH_HARFBUZZ: 1
[2021.09.24-09.09.09:891][  0]LogAssetRegistry: FAssetRegistry took 0.0389 seconds to start up
[2021.09.24-09.09.10:303][  0]LogInit: Selected Device Profile: [Windows]
[2021.09.24-09.09.10:453][  0]LogMeshReduction: Using QuadricMeshReduction for automatic static mesh reduction
[2021.09.24-09.09.10:453][  0]LogMeshReduction: Using SimplygonMeshReduction for automatic skeletal mesh reduction
[2021.09.24-09.09.10:453][  0]LogMeshReduction: Using ProxyLODMeshReduction for automatic mesh merging
[2021.09.24-09.09.10:453][  0]LogMeshReduction: No distributed automatic mesh merging module available
[2021.09.24-09.09.10:453][  0]LogMeshMerging: No distributed automatic mesh merging module available
[2021.09.24-09.09.10:465][  0]LogNetVersion: COOPGame 1.0.0, NetCL: 5660361, EngineNetVer: 10, GameNetVer: 0 (Checksum: 3513699854)
[2021.09.24-09.09.10:912][  0]LogPackageLocalizationCache: Processed 10 localized package path(s) for 1 prioritized culture(s) in 0.041875 seconds
[2021.09.24-09.09.10:920][  0]LogUObjectArray: 42205 objects as part of root set at end of initial load.
[2021.09.24-09.09.10:920][  0]LogUObjectAllocator: 7325032 out of 0 bytes used by permanent object pool.
[2021.09.24-09.09.10:921][  0]LogUObjectArray: CloseDisregardForGC: 0/0 objects in disregard for GC pool
[2021.09.24-09.09.11:876][  0]LogTcpMessaging: Initializing TcpMessaging bridge
[2021.09.24-09.09.11:890][  0]LogUdpMessaging: Initializing bridge on interface 0.0.0.0:0 to multicast group 230.0.0.1:6666.
[2021.09.24-09.09.12:020][  0]SourceControl: Source control is disabled
[2021.09.24-09.09.12:020][  0]SourceControl: Source control is disabled
[2021.09.24-09.09.12:022][  0]SourceControl: Source control is disabled
[2021.09.24-09.09.12:023][  0]SourceControl: Source control is disabled
[2021.09.24-09.09.12:113][  0]LogAndroidPermission: UAndroidPermissionCallbackProxy::GetInstance
[2021.09.24-09.09.12:226][  0]LogOcInput: OculusInput pre-init called
[2021.09.24-09.09.12:984][  0]LogEngine: Initializing Engine...
[2021.09.24-09.09.12:985][  0]LogHMD: Failed to initialize OpenVR with code 110
[2021.09.24-09.09.12:986][  0]LogStats: UGameplayTagsManager::InitializeManager -  0.000 s
[2021.09.24-09.09.13:215][  0]LogInit: Initializing FReadOnlyCVARCache
[2021.09.24-09.09.13:231][  0]LogAIModule: Creating AISystem for world Untitled
[2021.09.24-09.09.13:251][  0]LogInit: XAudio2 using 'Speakers (Realtek(R) Audio)' : 2 channels at 48 kHz using 32 bits per sample (channel mask 0x3)
[2021.09.24-09.09.13:278][  0]LogInit: FAudioDevice initialized.
[2021.09.24-09.09.13:278][  0]LogNetVersion: Set ProjectVersion to 1.0.0.0. Version Checksum will be recalculated on next use.
[2021.09.24-09.09.13:578][  0]LogDerivedDataCache: Saved boot cache 0.30s 71MB C:/Users/ADMIN/AppData/Local/UnrealEngine/4.22/DerivedDataCache/Boot.ddc.
[2021.09.24-09.09.13:585][  0]LogInit: Texture streaming: Enabled
[2021.09.24-09.09.13:616][  0]LogEngineSessionManager: EngineSessionManager initialized
[2021.09.24-09.09.13:616][  0]LogEngineSessionManager: EngineSessionManager sent abnormal shutdown report. Type=Debugger, SessionId={F3636497-4223-E3BE-EF0F-FB98104B84FC}
[2021.09.24-09.09.13:616][  0]LogEngineSessionManager: EngineSessionManager sent abnormal shutdown report. Type=Debugger, SessionId={B9306574-4261-CE1C-00A0-CA9130A58BA9}
[2021.09.24-09.09.13:616][  0]LogEngineSessionManager: EngineSessionManager sent abnormal shutdown report. Type=Debugger, SessionId={79869ADB-4152-2492-E46F-48A2CF1F77B7}
[2021.09.24-09.09.13:641][  0]LogInit: Transaction tracking system initialized
[2021.09.24-09.09.13:681][  0]BlueprintLog: New page: Editor Load
[2021.09.24-09.09.13:786][  0]LocalizationService: Localization service is disabled
[2021.09.24-09.09.14:151][  0]LogFileCache: Scanning file cache for directory 'C:/Users/ADMIN/Documents/GitHub/theshwetapatil/COOP-Game-UE4/COOPGame/Content/' took 0.01s
[2021.09.24-09.09.14:151][  0]LogCook: Display: Max memory allowance for cook 16384mb min free memory 0mb
[2021.09.24-09.09.14:152][  0]LogCook: Display: Mobile HDR setting 1
[2021.09.24-09.09.14:353][  0]SourceControl: Source control is disabled
[2021.09.24-09.09.14:353][  0]Cmd: MAP LOAD FILE="../../../../../../Users/ADMIN/Documents/GitHub/theshwetapatil/COOP-Game-UE4/COOPGame/Content/Maps/P_TestMap.umap" TEMPLATE=0 SHOWPROGRESS=1 FEATURELEVEL=3
[2021.09.24-09.09.14:353][  0]LightingResults: New page: Lighting Build
[2021.09.24-09.09.14:357][  0]MapCheck: New page: Map Check
[2021.09.24-09.09.14:357][  0]LightingResults: New page: Lighting Build
[2021.09.24-09.09.14:384][  0]LogUObjectHash: Compacting FUObjectHashTables data took   2.14ms
[2021.09.24-09.09.15:049][  0]LogAIModule: Creating AISystem for world P_TestMap
[2021.09.24-09.09.15:068][  0]LogEditorServer: Finished looking for orphan Actors (0.000 secs)
[2021.09.24-09.09.15:102][  0]LogUObjectHash: Compacting FUObjectHashTables data took   2.95ms
[2021.09.24-09.09.15:102][  0]Cmd: MAP CHECKDEP NOCLEARLOG
[2021.09.24-09.09.15:102][  0]MapCheck: Map check complete: 0 Error(s), 0 Warning(s), took 0.235ms to complete.
[2021.09.24-09.09.15:102][  0]LogFileHelpers: Loading map 'P_TestMap' took 0.750
[2021.09.24-09.09.16:381][  0]LogSlate: Only BGRA pngs, bmps or icos are supported in by External Image Picker
[2021.09.24-09.09.16:458][  0]LogSlate: Updating window title bar state: overlay mode, drag disabled, window buttons hidden, title bar hidden
[2021.09.24-09.09.16:471][  0]LogSlate: Updating window title bar state: overlay mode, drag disabled, window buttons hidden, title bar hidden
[2021.09.24-09.09.16:482][  0]LogSlate: Updating window title bar state: overlay mode, drag disabled, window buttons hidden, title bar hidden
[2021.09.24-09.09.16:493][  0]LogSlate: Updating window title bar state: overlay mode, drag disabled, window buttons hidden, title bar hidden
[2021.09.24-09.09.16:500][  0]LogCollectionManager: Loaded 0 collections in 0.001927 seconds
[2021.09.24-09.09.16:529][  0]LogFileCache: Scanning file cache for directory 'C:/Users/ADMIN/Documents/GitHub/theshwetapatil/COOP-Game-UE4/COOPGame/Saved/Collections/' took 0.01s
[2021.09.24-09.09.16:529][  0]LogFileCache: Scanning file cache for directory 'C:/Users/ADMIN/Documents/GitHub/theshwetapatil/COOP-Game-UE4/COOPGame/Content/Developers/ADMIN/Collections/' took 0.01s
[2021.09.24-09.09.16:529][  0]LogFileCache: Scanning file cache for directory 'C:/Users/ADMIN/Documents/GitHub/theshwetapatil/COOP-Game-UE4/COOPGame/Content/Collections/' took 0.00s
[2021.09.24-09.09.16:529][  0]LogCollectionManager: Rebuilt the GUID cache for 0 collections in 0.000000 seconds
[2021.09.24-09.09.16:539][  0]LogContentBrowser: Native class hierarchy populated in 0.0099 seconds. Added 2747 classes and 666 folders.
[2021.09.24-09.09.16:547][  0]LogContentBrowser: Native class hierarchy updated for 'WidgetCarousel' in 0.0003 seconds. Added 0 classes and 0 folders.
[2021.09.24-09.09.16:549][  0]LogPakFile: Registered encryption key '00000000000000000000000000000000': 0 pak files mounted, 0 remain pending
[2021.09.24-09.09.16:550][  0]LogPakFile: Registered encryption key '00000000000000000000000000000000': 0 pak files mounted, 0 remain pending
[2021.09.24-09.09.16:550][  0]LogPakFile: Registered encryption key '00000000000000000000000000000000': 0 pak files mounted, 0 remain pending
[2021.09.24-09.09.16:551][  0]LogPakFile: Registered encryption key '00000000000000000000000000000000': 0 pak files mounted, 0 remain pending
[2021.09.24-09.09.16:551][  0]LogPakFile: Registered encryption key '00000000000000000000000000000000': 0 pak files mounted, 0 remain pending
[2021.09.24-09.09.16:552][  0]LogPakFile: Registered encryption key '00000000000000000000000000000000': 0 pak files mounted, 0 remain pending
[2021.09.24-09.09.16:552][  0]LogPakFile: Registered encryption key '00000000000000000000000000000000': 0 pak files mounted, 0 remain pending
[2021.09.24-09.09.16:553][  0]LogPakFile: Registered encryption key '00000000000000000000000000000000': 0 pak files mounted, 0 remain pending
[2021.09.24-09.09.16:553][  0]LogPakFile: Registered encryption key '00000000000000000000000000000000': 0 pak files mounted, 0 remain pending
[2021.09.24-09.09.16:554][  0]LogPakFile: Registered encryption key '00000000000000000000000000000000': 0 pak files mounted, 0 remain pending
[2021.09.24-09.09.16:554][  0]LogPakFile: Registered encryption key '00000000000000000000000000000000': 0 pak files mounted, 0 remain pending
[2021.09.24-09.09.16:555][  0]LogPakFile: Registered encryption key '00000000000000000000000000000000': 0 pak files mounted, 0 remain pending
[2021.09.24-09.09.16:555][  0]LogPakFile: Registered encryption key '00000000000000000000000000000000': 0 pak files mounted, 0 remain pending
[2021.09.24-09.09.16:556][  0]LogPakFile: Registered encryption key '00000000000000000000000000000000': 0 pak files mounted, 0 remain pending
[2021.09.24-09.09.16:556][  0]LogPakFile: Registered encryption key '00000000000000000000000000000000': 0 pak files mounted, 0 remain pending
[2021.09.24-09.09.16:557][  0]LogPakFile: Registered encryption key '00000000000000000000000000000000': 0 pak files mounted, 0 remain pending
[2021.09.24-09.09.16:557][  0]LogPakFile: Registered encryption key '00000000000000000000000000000000': 0 pak files mounted, 0 remain pending
[2021.09.24-09.09.16:558][  0]LogPakFile: Registered encryption key '00000000000000000000000000000000': 0 pak files mounted, 0 remain pending
[2021.09.24-09.09.16:558][  0]LogPakFile: Registered encryption key '00000000000000000000000000000000': 0 pak files mounted, 0 remain pending
[2021.09.24-09.09.16:559][  0]LogPakFile: Registered encryption key '00000000000000000000000000000000': 0 pak files mounted, 0 remain pending
[2021.09.24-09.09.16:559][  0]LogPakFile: Registered encryption key '00000000000000000000000000000000': 0 pak files mounted, 0 remain pending
[2021.09.24-09.09.16:560][  0]LogPakFile: Registered encryption key '00000000000000000000000000000000': 0 pak files mounted, 0 remain pending
[2021.09.24-09.09.16:560][  0]LogPakFile: Registered encryption key '00000000000000000000000000000000': 0 pak files mounted, 0 remain pending
[2021.09.24-09.09.16:561][  0]LogPakFile: Registered encryption key '00000000000000000000000000000000': 0 pak files mounted, 0 remain pending
[2021.09.24-09.09.16:561][  0]LogPakFile: Registered encryption key '00000000000000000000000000000000': 0 pak files mounted, 0 remain pending
[2021.09.24-09.09.16:562][  0]LogPakFile: Registered encryption key '00000000000000000000000000000000': 0 pak files mounted, 0 remain pending
[2021.09.24-09.09.16:590][  0]LogContentBrowser: Native class hierarchy updated for 'AddContentDialog' in 0.0004 seconds. Added 0 classes and 0 folders.
[2021.09.24-09.09.16:598][  0]LogContentBrowser: Native class hierarchy updated for 'SceneOutliner' in 0.0004 seconds. Added 1 classes and 2 folders.
[2021.09.24-09.09.16:689][  0]LogSlate: Took 0.000335 seconds to synchronously load lazily loaded font '../../../Engine/Content/Slate/Fonts/Roboto-Regular.ttf' (155K)
[2021.09.24-09.09.16:692][  0]LogSlate: Took 0.000284 seconds to synchronously load lazily loaded font '../../../Engine/Content/Slate/Fonts/Roboto-Bold.ttf' (160K)
[2021.09.24-09.09.16:700][  0]LogSlate: Took 0.000301 seconds to synchronously load lazily loaded font '../../../Engine/Content/Editor/Slate/Fonts/FontAwesome.ttf' (139K)
[2021.09.24-09.09.16:792][  0]LogRenderer: Reallocating scene render targets to support 864x344 Format 10 NumSamples 1 (Frame:1).
[2021.09.24-09.09.16:978][  0]LogContentBrowser: Native class hierarchy updated for 'HierarchicalLODOutliner' in 0.0004 seconds. Added 0 classes and 0 folders.
[2021.09.24-09.09.16:978][  0]LogLoad: (Engine Initialization) Total time: 11.44 seconds
[2021.09.24-09.09.16:978][  0]LogLoad: (Engine Initialization) Total Blueprint compile time: 0.00 seconds
[2021.09.24-09.09.17:069][  0]LogAssetRegistry: Asset discovery search completed in 7.2016 seconds
[2021.09.24-09.09.17:072][  0]LogCollectionManager: Rebuilt the object cache for 0 collections in 0.000000 seconds (found 0 objects)
[2021.09.24-09.09.17:072][  0]LogCollectionManager: Fixed up redirectors for 0 collections in 0.000098 seconds (updated 0 objects)
[2021.09.24-09.09.17:074][  0]LogContentStreaming: Texture pool size now 1000 MB
[2021.09.24-09.09.17:130][  0]LogSlate: Took 0.000244 seconds to synchronously load lazily loaded font '../../../Engine/Content/Slate/Fonts/Roboto-Light.ttf' (167K)
[2021.09.24-09.09.18:022][ 95]LogSlate: Took 0.000319 seconds to synchronously load lazily loaded font '../../../Engine/Content/Slate/Fonts/Roboto-Light.ttf' (167K)
[2021.09.24-09.09.19:708][290]LogSlate: FSceneViewport::OnFocusLost() reason 0
[2021.09.24-09.09.19:874][307]LogUObjectHash: Compacting FUObjectHashTables data took   0.79ms
[2021.09.24-09.09.19:983][307]LogSlate: Window 'COOPGame - Unreal Editor' being destroyed
[2021.09.24-09.09.19:985][307]LogWindowsTextInputMethodSystem: Display: IME system now deactivated.
[2021.09.24-09.09.19:988][307]LogWindowsTextInputMethodSystem: Display: IME system now deactivated.
[2021.09.24-09.09.20:218][308]Cmd: QUIT_EDITOR
[2021.09.24-09.09.20:309][308]LogExit: Preparing to exit.
[2021.09.24-09.09.20:985][308]LogExit: Editor shut down
[2021.09.24-09.09.20:985][308]LogExit: Transaction tracking system shut down
[2021.09.24-09.09.21:304][308]LogExit: Object subsystem successfully closed.
[2021.09.24-09.09.21:331][308]LogShaderCompilers: Display: Shaders left to compile 0
[2021.09.24-09.09.21:336][308]LogD3D11RHI: Shutdown
[2021.09.24-09.09.21:336][308]LogD3D11RHI: CleanupD3DDevice
[2021.09.24-09.09.21:337][308]LogRendererCore: FGlobalReadBuffer::ReleaseRHI
[2021.09.24-09.09.21:337][308]LogRendererCore: FGlobalDynamicReadBuffer::Cleanup()
[2021.09.24-09.09.21:338][308]LogRendererCore: FGlobalReadBuffer::ReleaseRHI
[2021.09.24-09.09.21:338][308]LogRendererCore: FGlobalDynamicReadBuffer::Cleanup()
[2021.09.24-09.09.21:338][308]LogRendererCore: FGlobalReadBuffer::ReleaseRHI
[2021.09.24-09.09.21:338][308]LogRendererCore: FGlobalDynamicReadBuffer::Cleanup()
[2021.09.24-09.09.21:437][308]LogD3D11RHI: ~FD3D11DynamicRHI
[2021.09.24-09.09.21:580][308]LogModuleManager: Shutting down and abandoning module HierarchicalLODOutliner (648)
[2021.09.24-09.09.21:580][308]LogModuleManager: Shutting down and abandoning module SceneOutliner (646)
[2021.09.24-09.09.21:580][308]LogModuleManager: Shutting down and abandoning module AddContentDialog (644)
[2021.09.24-09.09.21:582][308]LogModuleManager: Shutting down and abandoning module WidgetCarousel (643)
[2021.09.24-09.09.21:582][308]LogModuleManager: Shutting down and abandoning module EditorWidgets (640)
[2021.09.24-09.09.21:582][308]LogModuleManager: Shutting down and abandoning module CollectionManager (638)
[2021.09.24-09.09.21:583][308]LogModuleManager: Shutting down and abandoning module ExternalImagePicker (636)
[2021.09.24-09.09.21:583][308]LogModuleManager: Shutting down and abandoning module StatsViewer (634)
[2021.09.24-09.09.21:584][308]LogModuleManager: Shutting down and abandoning module FoliageEdit (632)
[2021.09.24-09.09.21:584][308]LogModuleManager: Shutting down and abandoning module LandscapeEditor (630)
[2021.09.24-09.09.21:588][308]LogModuleManager: Shutting down and abandoning module MeshPaintMode (628)
[2021.09.24-09.09.21:589][308]LogModuleManager: Shutting down and abandoning module SceneDepthPickerMode (626)
[2021.09.24-09.09.21:589][308]LogModuleManager: Shutting down and abandoning module ActorPickerMode (624)
[2021.09.24-09.09.21:589][308]LogModuleManager: Shutting down and abandoning module GeometryMode (622)
[2021.09.24-09.09.21:589][308]LogModuleManager: Shutting down and abandoning module TextureAlignMode (620)
[2021.09.24-09.09.21:589][308]LogModuleManager: Shutting down and abandoning module BspMode (618)
[2021.09.24-09.09.21:589][308]LogModuleManager: Shutting down and abandoning module PIEPreviewDeviceProfileSelector (616)
[2021.09.24-09.09.21:592][308]LogModuleManager: Shutting down and abandoning module SequenceRecorderSections (614)
[2021.09.24-09.09.21:593][308]LogModuleManager: Shutting down and abandoning module AutomationWorker (612)
[2021.09.24-09.09.21:593][308]LogModuleManager: Shutting down and abandoning module OculusMR (610)
[2021.09.24-09.09.21:593][308]LogModuleManager: Shutting down and abandoning module AudioCaptureEditor (608)
[2021.09.24-09.09.21:594][308]LogModuleManager: Shutting down and abandoning module MatineeToLevelSequence (606)
[2021.09.24-09.09.21:595][308]LogModuleManager: Shutting down and abandoning module LevelSequenceEditor (604)
[2021.09.24-09.09.21:597][308]LogModuleManager: Shutting down and abandoning module PlacementMode (603)
[2021.09.24-09.09.21:598][308]LogModuleManager: Shutting down and abandoning module MaterialEditor (602)
[2021.09.24-09.09.21:601][308]LogModuleManager: Shutting down and abandoning module ActorSequenceEditor (598)
[2021.09.24-09.09.21:602][308]LogModuleManager: Shutting down and abandoning module WmfMediaFactory (596)
[2021.09.24-09.09.21:602][308]LogModuleManager: Shutting down and abandoning module WmfMediaEditor (594)
[2021.09.24-09.09.21:603][308]LogModuleManager: Shutting down and abandoning module WebMMediaFactory (592)
[2021.09.24-09.09.21:603][308]LogModuleManager: Shutting down and abandoning module WebMMediaEditor (590)
[2021.09.24-09.09.21:603][308]LogModuleManager: Shutting down and abandoning module WebMMedia (588)
[2021.09.24-09.09.21:603][308]LogModuleManager: Shutting down and abandoning module MediaPlayerEditor (586)
[2021.09.24-09.09.21:605][308]LogModuleManager: Shutting down and abandoning module MediaCompositingEditor (584)
[2021.09.24-09.09.21:606][308]LogModuleManager: Shutting down and abandoning module SequenceRecorder (583)
[2021.09.24-09.09.21:606][308]LogModuleManager: Shutting down and abandoning module OpenExrWrapper (580)
[2021.09.24-09.09.21:606][308]LogModuleManager: Shutting down and abandoning module ImgMediaFactory (578)
[2021.09.24-09.09.21:606][308]LogModuleManager: Shutting down and abandoning module ImgMediaEditor (576)
[2021.09.24-09.09.21:606][308]LogModuleManager: Shutting down and abandoning module AvfMediaFactory (574)
[2021.09.24-09.09.21:606][308]LogModuleManager: Shutting down and abandoning module AvfMediaEditor (572)
[2021.09.24-09.09.21:606][308]LogModuleManager: Shutting down and abandoning module AndroidMediaFactory (570)
[2021.09.24-09.09.21:606][308]LogModuleManager: Shutting down and abandoning module AndroidMediaEditor (568)
[2021.09.24-09.09.21:606][308]LogModuleManager: Shutting down and abandoning module MagicLeapCameraPreviewFactory (566)
[2021.09.24-09.09.21:606][308]LogModuleManager: Shutting down and abandoning module MagicLeapMediaCodecFactory (564)
[2021.09.24-09.09.21:606][308]LogModuleManager: Shutting down and abandoning module MagicLeapMediaFactory (562)
[2021.09.24-09.09.21:606][308]LogModuleManager: Shutting down and abandoning module MagicLeapMediaEditor (560)
[2021.09.24-09.09.21:606][308]LogModuleManager: Shutting down and abandoning module CharacterAI (558)
[2021.09.24-09.09.21:606][308]LogModuleManager: Shutting down and abandoning module SmartSnapping (556)
[2021.09.24-09.09.21:606][308]LogModuleManager: Shutting down and abandoning module SessionServices (554)
[2021.09.24-09.09.21:606][308]LogModuleManager: Shutting down and abandoning module MeshPaint (552)
[2021.09.24-09.09.21:607][308]LogModuleManager: Shutting down and abandoning module ViewportSnapping (550)
[2021.09.24-09.09.21:607][308]LogModuleManager: Shutting down and abandoning module ViewportInteraction (548)
[2021.09.24-09.09.21:607][308]LogModuleManager: Shutting down and abandoning module ClothPainter (546)
[2021.09.24-09.09.21:609][308]LogModuleManager: Shutting down and abandoning module SkeletalMeshEditor (545)
[2021.09.24-09.09.21:615][308]LogModuleManager: Shutting down and abandoning module LogVisualizer (542)
[2021.09.24-09.09.21:618][308]LogModuleManager: Shutting down and abandoning module IntroTutorials (540)
[2021.09.24-09.09.21:621][308]LogModuleManager: Shutting down and abandoning module GameProjectGeneration (539)
[2021.09.24-09.09.21:622][308]LogModuleManager: Shutting down and abandoning module LuminPlatformEditor (536)
[2021.09.24-09.09.21:622][308]LogModuleManager: Shutting down and abandoning module IOSPlatformEditor (534)
[2021.09.24-09.09.21:622][308]LogModuleManager: Shutting down and abandoning module HTML5PlatformEditor (532)
[2021.09.24-09.09.21:622][308]LogModuleManager: Shutting down and abandoning module AndroidPlatformEditor (530)
[2021.09.24-09.09.21:622][308]LogModuleManager: Shutting down and abandoning module AndroidDeviceDetection (529)
[2021.09.24-09.09.21:893][308]LogModuleManager: Shutting down and abandoning module WindowsPlatformEditor (526)
[2021.09.24-09.09.21:893][308]LogModuleManager: Shutting down and abandoning module LuminRuntimeSettings (524)
[2021.09.24-09.09.21:893][308]LogModuleManager: Shutting down and abandoning module IOSRuntimeSettings (522)
[2021.09.24-09.09.21:893][308]LogModuleManager: Shutting down and abandoning module AndroidRuntimeSettings (520)
[2021.09.24-09.09.21:893][308]LogModuleManager: Shutting down and abandoning module TimeManagementEditor (518)
[2021.09.24-09.09.21:893][308]LogModuleManager: Shutting down and abandoning module InputBindingEditor (516)
[2021.09.24-09.09.21:893][308]LogModuleManager: Shutting down and abandoning module MergeActors (514)
[2021.09.24-09.09.21:895][308]LogModuleManager: Shutting down and abandoning module LocalizationDashboard (512)
[2021.09.24-09.09.21:896][308]LogModuleManager: Shutting down and abandoning module LocalizationService (511)
[2021.09.24-09.09.21:897][308]LogModuleManager: Shutting down and abandoning module HardwareTargeting (508)
[2021.09.24-09.09.21:897][308]LogModuleManager: Shutting down and abandoning module DeviceProfileEditor (506)
[2021.09.24-09.09.21:898][308]LogModuleManager: Shutting down and abandoning module UndoHistory (504)
[2021.09.24-09.09.21:899][308]LogModuleManager: Shutting down and abandoning module XmlParser (502)
[2021.09.24-09.09.21:900][308]LogModuleManager: Shutting down and abandoning module Blutility (500)
[2021.09.24-09.09.21:900][308]LogModuleManager: Shutting down and abandoning module ProjectSettingsViewer (498)
[2021.09.24-09.09.21:900][308]LogModuleManager: Shutting down and abandoning module ProjectTargetPlatformEditor (497)
[2021.09.24-09.09.21:900][308]LogModuleManager: Shutting down and abandoning module EditorSettingsViewer (494)
[2021.09.24-09.09.21:900][308]LogModuleManager: Shutting down and abandoning module SettingsEditor (492)
[2021.09.24-09.09.21:900][308]LogModuleManager: Shutting down and abandoning module ProjectLauncher (490)
[2021.09.24-09.09.21:902][308]LogModuleManager: Shutting down and abandoning module SessionFrontend (488)
[2021.09.24-09.09.21:903][308]LogModuleManager: Shutting down and abandoning module ProfilerClient (486)
[2021.09.24-09.09.21:904][308]LogModuleManager: Shutting down and abandoning module DeviceManager (484)
[2021.09.24-09.09.21:905][308]LogModuleManager: Shutting down and abandoning module TargetDeviceServices (483)
[2021.09.24-09.09.21:962][308]LogModuleManager: Shutting down and abandoning module AutomationController (480)
[2021.09.24-09.09.21:964][308]LogModuleManager: Shutting down and abandoning module AutomationWindow (478)
[2021.09.24-09.09.21:966][308]LogModuleManager: Shutting down and abandoning module Layers (476)
[2021.09.24-09.09.21:969][308]LogModuleManager: Shutting down and abandoning module ComponentVisualizers (474)
[2021.09.24-09.09.21:969][308]LogModuleManager: Shutting down and abandoning module DetailCustomizations (472)
[2021.09.24-09.09.21:970][308]LogModuleManager: Shutting down and abandoning module PackagesDialog (470)
[2021.09.24-09.09.21:970][308]LogModuleManager: Shutting down and abandoning module AnimationBlueprintEditor (468)
[2021.09.24-09.09.21:973][308]LogModuleManager: Shutting down and abandoning module Persona (466)
[2021.09.24-09.09.21:974][308]LogModuleManager: Shutting down and abandoning module AdvancedPreviewScene (465)
[2021.09.24-09.09.21:974][308]LogModuleManager: Shutting down and abandoning module AnimGraph (463)
[2021.09.24-09.09.21:974][308]LogModuleManager: Shutting down and abandoning module Kismet (460)
[2021.09.24-09.09.21:975][308]LogModuleManager: Shutting down and abandoning module GraphEditor (458)
[2021.09.24-09.09.21:976][308]LogModuleManager: Shutting down and abandoning module ClassViewer (456)
[2021.09.24-09.09.21:976][308]LogModuleManager: Shutting down and abandoning module Toolbox (454)
[2021.09.24-09.09.21:976][308]LogModuleManager: Shutting down and abandoning module DesktopPlatform (453)
[2021.09.24-09.09.21:976][308]LogModuleManager: Shutting down and abandoning module ModuleUI (450)
[2021.09.24-09.09.21:977][308]LogModuleManager: Shutting down and abandoning module MovieSceneTools (448)
[2021.09.24-09.09.21:978][308]LogModuleManager: Shutting down and abandoning module OutputLog (446)
[2021.09.24-09.09.21:978][308]LogModuleManager: Shutting down and abandoning module GammaUI (444)
[2021.09.24-09.09.21:979][308]LogModuleManager: Shutting down and abandoning module Documentation (442)
[2021.09.24-09.09.21:979][308]LogModuleManager: Shutting down and abandoning module LiveCoding (440)
[2021.09.24-09.09.21:981][308]LogModuleManager: Shutting down and abandoning module LevelSequence (438)
[2021.09.24-09.09.21:981][308]LogModuleManager: Shutting down and abandoning module MovieSceneTracks (436)
[2021.09.24-09.09.21:981][308]LogModuleManager: Shutting down and abandoning module MovieScene (434)
[2021.09.24-09.09.21:982][308]LogModuleManager: Shutting down and abandoning module StreamingPauseRendering (432)
[2021.09.24-09.09.21:983][308]LogModuleManager: Shutting down and abandoning module LauncherPlatform (430)
[2021.09.24-09.09.21:983][308]LogModuleManager: Shutting down and abandoning module AnalyticsET (428)
[2021.09.24-09.09.21:983][308]LogModuleManager: Shutting down and abandoning module PortalServices (426)
[2021.09.24-09.09.21:983][308]LogModuleManager: Shutting down and abandoning module PortalRpc (424)
[2021.09.24-09.09.21:983][308]LogModuleManager: Shutting down and abandoning module MessagingRpc (422)
[2021.09.24-09.09.21:983][308]LogModuleManager: Shutting down and abandoning module AIModule (420)
[2021.09.24-09.09.21:984][308]LogModuleManager: Shutting down and abandoning module GameplayDebugger (419)
[2021.09.24-09.09.21:984][308]LogModuleManager: Shutting down and abandoning module AITestSuite (417)
[2021.09.24-09.09.21:984][308]LogModuleManager: Shutting down and abandoning module NavigationSystem (415)
[2021.09.24-09.09.21:984][308]LogModuleManager: Shutting down and abandoning module ImageWriteQueue (412)
[2021.09.24-09.09.21:988][308]LogModuleManager: Shutting down and abandoning module ProfilerService (410)
[2021.09.24-09.09.22:108][308]LogModuleManager: Shutting down and abandoning module TaskGraph (408)
[2021.09.24-09.09.22:111][308]LogModuleManager: Shutting down and abandoning module SteamVRController (406)
[2021.09.24-09.09.22:111][308]LogModuleManager: Shutting down and abandoning module ProceduralMeshComponentEditor (404)
[2021.09.24-09.09.22:111][308]LogModuleManager: Shutting down and abandoning module ProceduralMeshComponent (402)
[2021.09.24-09.09.22:112][308]LogModuleManager: Shutting down and abandoning module OculusEditor (400)
[2021.09.24-09.09.22:114][308]LogModuleManager: Shutting down and abandoning module OculusInput (398)
[2021.09.24-09.09.22:114][308]LogModuleManager: Shutting down and abandoning module MobilePatchingUtils (396)
[2021.09.24-09.09.22:114][308]LogModuleManager: Shutting down and abandoning module EditableMesh (394)
[2021.09.24-09.09.22:115][308]LogModuleManager: Shutting down and abandoning module CustomMeshComponent (392)
[2021.09.24-09.09.22:115][308]LogModuleManager: Shutting down and abandoning module CableComponent (390)
[2021.09.24-09.09.22:115][308]LogModuleManager: Shutting down and abandoning module AudioCapture (388)
[2021.09.24-09.09.22:115][308]LogModuleManager: Shutting down and abandoning module ArchVisCharacter (386)
[2021.09.24-09.09.22:115][308]LogModuleManager: Shutting down and abandoning module AndroidPermission (384)
[2021.09.24-09.09.22:115][308]LogModuleManager: Shutting down and abandoning module NUTUnrealEngine4 (382)
[2021.09.24-09.09.22:117][308]LogModuleManager: Shutting down and abandoning module NetcodeUnitTest (380)
[2021.09.24-09.09.22:119][308]LogModuleManager: Shutting down and abandoning module MediaCompositing (378)
[2021.09.24-09.09.22:119][308]LogModuleManager: Shutting down and abandoning module LinearTimecode (376)
[2021.09.24-09.09.22:119][308]LogModuleManager: Shutting down and abandoning module ImgMedia (374)
[2021.09.24-09.09.22:119][308]LogModuleManager: Shutting down and abandoning module MagicLeapHelperVulkan (372)
[2021.09.24-09.09.22:119][308]LogModuleManager: Shutting down and abandoning module MagicLeapHelperOpenGL (370)
[2021.09.24-09.09.22:119][308]LogModuleManager: Shutting down and abandoning module MagicLeapAudio (368)
[2021.09.24-09.09.22:120][308]LogModuleManager: Shutting down and abandoning module HTML5Networking (366)
[2021.09.24-09.09.22:120][308]LogModuleManager: Shutting down and abandoning module GeometryCacheTracks (364)
[2021.09.24-09.09.22:120][308]LogModuleManager: Shutting down and abandoning module GeometryCacheSequencer (362)
[2021.09.24-09.09.22:120][308]LogModuleManager: Shutting down and abandoning module BackChannel (360)
[2021.09.24-09.09.22:121][308]LogModuleManager: Shutting down and abandoning module AppleVision (358)
[2021.09.24-09.09.22:121][308]LogModuleManager: Shutting down and abandoning module AppleImageUtilsBlueprintSupport (356)
[2021.09.24-09.09.22:121][308]LogModuleManager: Shutting down and abandoning module AppleImageUtils (354)
[2021.09.24-09.09.22:121][308]LogModuleManager: Shutting down and abandoning module AlembicImporter (352)
[2021.09.24-09.09.22:121][308]LogModuleManager: Shutting down and abandoning module AlembicLibrary (351)
[2021.09.24-09.09.22:121][308]LogModuleManager: Shutting down and abandoning module GeometryCache (350)
[2021.09.24-09.09.22:121][308]LogModuleManager: Shutting down and abandoning module GeometryCacheEd (349)
[2021.09.24-09.09.22:121][308]LogModuleManager: Shutting down and abandoning module VariantManagerContent (344)
[2021.09.24-09.09.22:121][308]LogModuleManager: Shutting down and abandoning module DatasmithContentEditor (342)
[2021.09.24-09.09.22:123][308]LogModuleManager: Shutting down and abandoning module SpeedTreeImporter (340)
[2021.09.24-09.09.22:123][308]LogModuleManager: Shutting down and abandoning module PluginBrowser (338)
[2021.09.24-09.09.22:126][308]LogModuleManager: Shutting down and abandoning module MobileLauncherProfileWizard (336)
[2021.09.24-09.09.22:127][308]LogModuleManager: Shutting down and abandoning module MaterialAnalyzer (334)
[2021.09.24-09.09.22:128][308]LogModuleManager: Shutting down and abandoning module CryptoKeysOpenSSL (332)
[2021.09.24-09.09.22:128][308]LogModuleManager: Shutting down and abandoning module CryptoKeys (330)
[2021.09.24-09.09.22:128][308]LogModuleManager: Shutting down and abandoning module VisualStudioSourceCodeAccess (328)
[2021.09.24-09.09.22:128][308]LogModuleManager: Shutting down and abandoning module VisualStudioCodeSourceCodeAccess (326)
[2021.09.24-09.09.22:128][308]LogModuleManager: Shutting down and abandoning module UObjectPlugin (324)
[2021.09.24-09.09.22:128][308]LogModuleManager: Shutting down and abandoning module SubversionSourceControl (322)
[2021.09.24-09.09.22:130][308]LogModuleManager: Shutting down and abandoning module PerforceSourceControl (320)
[2021.09.24-09.09.22:132][308]LogModuleManager: Shutting down and abandoning module GitSourceControl (318)
[2021.09.24-09.09.22:133][308]LogModuleManager: Shutting down and abandoning module SourceControl (317)
[2021.09.24-09.09.22:134][308]LogModuleManager: Shutting down and abandoning module CLionSourceCodeAccess (314)
[2021.09.24-09.09.22:134][308]LogModuleManager: Shutting down and abandoning module AnimationSharingEd (312)
[2021.09.24-09.09.22:134][308]LogModuleManager: Shutting down and abandoning module ActorLayerUtilitiesEditor (310)
[2021.09.24-09.09.22:134][308]LogModuleManager: Shutting down and abandoning module ActorLayerUtilities (308)
[2021.09.24-09.09.22:134][308]LogModuleManager: Shutting down and abandoning module LightPropagationVolumeEditor (306)
[2021.09.24-09.09.22:134][308]LogModuleManager: Shutting down and abandoning module PaperTiledImporter (304)
[2021.09.24-09.09.22:134][308]LogModuleManager: Shutting down and abandoning module PaperSpriteSheetImporter (302)
[2021.09.24-09.09.22:134][308]LogModuleManager: Shutting down and abandoning module Paper2DEditor (300)
[2021.09.24-09.09.22:139][308]LogModuleManager: Shutting down and abandoning module COOPGame (298)
[2021.09.24-09.09.22:139][308]LogModuleManager: Shutting down and abandoning module SignificanceManager (296)
[2021.09.24-09.09.22:139][308]LogModuleManager: Shutting down and abandoning module RuntimePhysXCooking (294)
[2021.09.24-09.09.22:139][308]LogModuleManager: Shutting down and abandoning module PhysXVehiclesEditor (292)
[2021.09.24-09.09.22:139][308]LogModuleManager: Shutting down and abandoning module PhysXVehicles (290)
[2021.09.24-09.09.22:139][308]LogModuleManager: Shutting down and abandoning module LocationServicesBPLibrary (288)
[2021.09.24-09.09.22:139][308]LogModuleManager: Shutting down and abandoning module ActorSequence (286)
[2021.09.24-09.09.22:139][308]LogModuleManager: Shutting down and abandoning module UdpMessaging (284)
[2021.09.24-09.09.22:240][308]LogModuleManager: Shutting down and abandoning module TcpMessaging (282)
[2021.09.24-09.09.22:341][308]LogModuleManager: Shutting down and abandoning module MagicLeapIdentity (280)
[2021.09.24-09.09.22:341][308]LogModuleManager: Shutting down and abandoning module MagicLeapSecureStorage (278)
[2021.09.24-09.09.22:341][308]LogModuleManager: Shutting down and abandoning module MagicLeapHandTracking (276)
[2021.09.24-09.09.22:343][308]LogModuleManager: Shutting down and abandoning module MagicLeapEyeTracker (274)
[2021.09.24-09.09.22:343][308]LogModuleManager: Shutting down and abandoning module MagicLeapController (272)
[2021.09.24-09.09.22:343][308]LogSlate: Slate User Destroyed.  User Index 0, Is Virtual User: 0
[2021.09.24-09.09.22:343][308]LogModuleManager: Shutting down and abandoning module MagicLeapAR (270)
[2021.09.24-09.09.22:343][308]LogModuleManager: Shutting down and abandoning module AugmentedReality (269)
[2021.09.24-09.09.22:343][308]LogModuleManager: Shutting down and abandoning module GameplayTagsEditor (266)
[2021.09.24-09.09.22:343][308]LogModuleManager: Shutting down and abandoning module FacialAnimationEditor (264)
[2021.09.24-09.09.22:343][308]LogModuleManager: Shutting down and abandoning module FacialAnimation (262)
[2021.09.24-09.09.22:343][308]LogModuleManager: Shutting down and abandoning module DataValidation (260)
[2021.09.24-09.09.22:343][308]LogModuleManager: Shutting down and abandoning module AssetManagerEditor (258)
[2021.09.24-09.09.22:345][308]LogModuleManager: Shutting down and abandoning module LevelEditor (257)
[2021.09.24-09.09.22:348][308]LogModuleManager: Shutting down and abandoning module PixelInspectorModule (256)
[2021.09.24-09.09.22:349][308]LogModuleManager: Shutting down and abandoning module CommonMenuExtensions (254)
[2021.09.24-09.09.22:349][308]LogModuleManager: Shutting down and abandoning module MainFrame (252)
[2021.09.24-09.09.22:349][308]LogModuleManager: Shutting down and abandoning module HotReload (251)
[2021.09.24-09.09.22:350][308]LogModuleManager: Shutting down and abandoning module ContentBrowser (247)
[2021.09.24-09.09.22:351][308]LogModuleManager: Shutting down and abandoning module TreeMap (245)
[2021.09.24-09.09.22:352][308]LogModuleManager: Shutting down and abandoning module AnimationSharing (242)
[2021.09.24-09.09.22:352][308]LogModuleManager: Shutting down and abandoning module LightPropagationVolumeRuntime (240)
[2021.09.24-09.09.22:352][308]LogModuleManager: Shutting down and abandoning module AISupportModule (238)
[2021.09.24-09.09.22:352][308]LogModuleManager: Shutting down and abandoning module Paper2D (236)
[2021.09.24-09.09.22:353][308]LogModuleManager: Shutting down and abandoning module WindowsMoviePlayer (234)
[2021.09.24-09.09.22:354][308]LogModuleManager: Shutting down and abandoning module WebMMoviePlayer (232)
[2021.09.24-09.09.22:355][308]LogModuleManager: Shutting down and abandoning module PacketHandler (230)
[2021.09.24-09.09.22:356][308]LogModuleManager: Shutting down and abandoning module ClothingSystemEditor (228)
[2021.09.24-09.09.22:357][308]LogModuleManager: Shutting down and abandoning module ClothingSystemRuntime (226)
[2021.09.24-09.09.22:359][308]LogModuleManager: Shutting down and abandoning module MediaAssets (224)
[2021.09.24-09.09.22:359][308]LogModuleManager: Shutting down and abandoning module Overlay (222)
[2021.09.24-09.09.22:359][308]LogModuleManager: Shutting down and abandoning module OverlayEditor (221)
[2021.09.24-09.09.22:359][308]LogModuleManager: Shutting down and abandoning module EnvironmentQueryEditor (218)
[2021.09.24-09.09.22:359][308]LogModuleManager: Shutting down and abandoning module VREditor (216)
[2021.09.24-09.09.22:362][308]LogModuleManager: Shutting down and abandoning module StringTableEditor (214)
[2021.09.24-09.09.22:363][308]LogModuleManager: Shutting down and abandoning module GameplayTasksEditor (212)
[2021.09.24-09.09.22:364][308]LogModuleManager: Shutting down and abandoning module BehaviorTreeEditor (210)
[2021.09.24-09.09.22:376][308]LogModuleManager: Shutting down and abandoning module FunctionalTesting (208)
[2021.09.24-09.09.22:377][308]LogModuleManager: Shutting down and abandoning module CollisionAnalyzer (206)
[2021.09.24-09.09.22:380][308]LogModuleManager: Shutting down and abandoning module WorkspaceMenuStructure (205)
[2021.09.24-09.09.22:386][308]LogModuleManager: Shutting down and abandoning module UMG (202)
[2021.09.24-09.09.22:386][308]LogModuleManager: Shutting down and abandoning module UMGEditor (201)
[2021.09.24-09.09.22:393][308]LogModuleManager: Shutting down and abandoning module Sequencer (200)
[2021.09.24-09.09.22:400][308]LogModuleManager: Shutting down and abandoning module MessageLog (197)
[2021.09.24-09.09.22:400][308]LogModuleManager: Shutting down and abandoning module SlateReflector (192)
[2021.09.24-09.09.22:408][308]LogModuleManager: Shutting down and abandoning module Slate (190)
[2021.09.24-09.09.22:408][308]LogModuleManager: Shutting down and abandoning module EditorStyle (188)
[2021.09.24-09.09.22:410][308]LogModuleManager: Shutting down and abandoning module UnrealEd (186)
[2021.09.24-09.09.22:411][308]LogModuleManager: Shutting down and abandoning module MRMesh (184)
[2021.09.24-09.09.22:411][308]LogModuleManager: Shutting down and abandoning module SourceCodeAccess (182)
[2021.09.24-09.09.22:411][308]LogModuleManager: Shutting down and abandoning module HeadMountedDisplay (180)
[2021.09.24-09.09.22:411][308]LogModuleManager: Shutting down and abandoning module XAudio2 (178)
[2021.09.24-09.09.22:411][308]LogModuleManager: Shutting down and abandoning module Networking (176)
[2021.09.24-09.09.22:411][308]LogModuleManager: Shutting down and abandoning module Core (174)
[2021.09.24-09.09.22:411][308]LogModuleManager: Shutting down and abandoning module KismetCompiler (172)
[2021.09.24-09.09.22:411][308]LogModuleManager: Shutting down and abandoning module MeshUtilities (170)
[2021.09.24-09.09.22:411][308]LogModuleManager: Shutting down and abandoning module MeshMergeUtilities (169)
[2021.09.24-09.09.22:412][308]LogModuleManager: Shutting down and abandoning module MeshReductionInterface (168)
[2021.09.24-09.09.22:412][308]LogModuleManager: Shutting down and abandoning module SkeletalMeshReduction (167)
[2021.09.24-09.09.22:413][308]LogModuleManager: Shutting down and abandoning module ProxyLODMeshReduction (165)
[2021.09.24-09.09.22:414][308]LogModuleManager: Shutting down and abandoning module QuadricMeshReduction (163)
[2021.09.24-09.09.22:415][308]LogModuleManager: Shutting down and abandoning module MaterialBaking (159)
[2021.09.24-09.09.22:416][308]LogModuleManager: Shutting down and abandoning module DerivedDataCache (154)
[2021.09.24-09.09.22:758][308]LogDerivedDataCache: Shutdown
[2021.09.24-09.09.22:758][308]LogModuleManager: Shutting down and abandoning module XGEController (152)
[2021.09.24-09.09.22:758][308]LogModuleManager: Shutting down and abandoning module TargetPlatform (150)
[2021.09.24-09.09.22:759][308]LogModuleManager: Shutting down and abandoning module VulkanShaderFormat (149)
[2021.09.24-09.09.22:760][308]LogModuleManager: Shutting down and abandoning module ShaderFormatVectorVM (147)
[2021.09.24-09.09.22:760][308]LogModuleManager: Shutting down and abandoning module ShaderFormatOpenGL (145)
[2021.09.24-09.09.22:761][308]LogModuleManager: Shutting down and abandoning module ShaderFormatD3D (143)
[2021.09.24-09.09.22:763][308]LogModuleManager: Shutting down and abandoning module MetalShaderFormat (141)
[2021.09.24-09.09.22:763][308]LogModuleManager: Shutting down and abandoning module TextureFormatUncompressed (139)
[2021.09.24-09.09.22:763][308]LogModuleManager: Shutting down and abandoning module TextureFormatPVR (137)
[2021.09.24-09.09.22:764][308]LogModuleManager: Shutting down and abandoning module TextureFormatDXT (135)
[2021.09.24-09.09.22:764][308]LogModuleManager: Shutting down and abandoning module TextureFormatIntelISPCTexComp (133)
[2021.09.24-09.09.22:765][308]LogModuleManager: Shutting down and abandoning module TextureFormatASTC (131)
[2021.09.24-09.09.22:765][308]LogModuleManager: Shutting down and abandoning module ImageWrapper (130)
[2021.09.24-09.09.22:765][308]LogModuleManager: Shutting down and abandoning module TextureFormatAndroid (127)
[2021.09.24-09.09.22:765][308]LogModuleManager: Shutting down and abandoning module AudioFormatOpus (125)
[2021.09.24-09.09.22:766][308]LogModuleManager: Shutting down and abandoning module AudioFormatOgg (123)
[2021.09.24-09.09.22:766][308]LogModuleManager: Shutting down and abandoning module AudioFormatADPCM (121)
[2021.09.24-09.09.22:766][308]LogModuleManager: Shutting down and abandoning module LuminTargetPlatform (119)
[2021.09.24-09.09.22:768][308]LogModuleManager: Shutting down and abandoning module LinuxTargetPlatform (117)
[2021.09.24-09.09.22:768][308]LogModuleManager: Shutting down and abandoning module LinuxServerTargetPlatform (115)
[2021.09.24-09.09.22:769][308]LogModuleManager: Shutting down and abandoning module LinuxNoEditorTargetPlatform (113)
[2021.09.24-09.09.22:770][308]LogModuleManager: Shutting down and abandoning module LinuxClientTargetPlatform (111)
[2021.09.24-09.09.22:771][308]LogModuleManager: Shutting down and abandoning module TVOSTargetPlatform (109)
[2021.09.24-09.09.22:771][308]LogModuleManager: Shutting down and abandoning module Messaging (107)
[2021.09.24-09.09.22:771][308]LogModuleManager: Shutting down and abandoning module IOSTargetPlatform (105)
[2021.09.24-09.09.22:772][308]LogModuleManager: Shutting down and abandoning module HTML5TargetPlatform (103)
[2021.09.24-09.09.22:772][308]LogModuleManager: Shutting down and abandoning module AndroidTargetPlatform (101)
[2021.09.24-09.09.22:777][308]LogModuleManager: Shutting down and abandoning module WindowsTargetPlatform (99)
[2021.09.24-09.09.22:777][308]LogModuleManager: Shutting down and abandoning module WindowsServerTargetPlatform (97)
[2021.09.24-09.09.22:777][308]LogModuleManager: Shutting down and abandoning module WindowsNoEditorTargetPlatform (95)
[2021.09.24-09.09.22:777][308]LogModuleManager: Shutting down and abandoning module WindowsClientTargetPlatform (93)
[2021.09.24-09.09.22:777][308]LogModuleManager: Shutting down and abandoning module MacTargetPlatform (91)
[2021.09.24-09.09.22:777][308]LogModuleManager: Shutting down and abandoning module MacServerTargetPlatform (89)
[2021.09.24-09.09.22:777][308]LogModuleManager: Shutting down and abandoning module MacNoEditorTargetPlatform (87)
[2021.09.24-09.09.22:777][308]LogModuleManager: Shutting down and abandoning module MacClientTargetPlatform (85)
[2021.09.24-09.09.22:777][308]LogModuleManager: Shutting down and abandoning module AllDesktopTargetPlatform (83)
[2021.09.24-09.09.22:777][308]LogModuleManager: Shutting down and abandoning module InputCore (80)
[2021.09.24-09.09.22:777][308]LogModuleManager: Shutting down and abandoning module Settings (78)
[2021.09.24-09.09.22:777][308]LogModuleManager: Shutting down and abandoning module DirectoryWatcher (76)
[2021.09.24-09.09.22:777][308]LogModuleManager: Shutting down and abandoning module PhysXCooking (74)
[2021.09.24-09.09.22:777][308]LogModuleManager: Shutting down and abandoning module SteamVR (72)
[2021.09.24-09.09.22:779][308]LogHMD: Freeing OpenVRDLLHandle.
[2021.09.24-09.09.22:779][308]LogModuleManager: Shutting down and abandoning module OculusHMD (70)
[2021.09.24-09.09.22:780][308]LogModuleManager: Shutting down and abandoning module ExampleDeviceProfileSelector (68)
[2021.09.24-09.09.22:780][308]LogModuleManager: Shutting down and abandoning module LauncherChunkInstaller (66)
[2021.09.24-09.09.22:780][308]LogModuleManager: Shutting down and abandoning module OnlineBlueprintSupport (64)
[2021.09.24-09.09.22:780][308]LogModuleManager: Shutting down and abandoning module OnlineSubsystem (60)
[2021.09.24-09.09.22:781][308]LogModuleManager: Shutting down and abandoning module XMPP (55)
[2021.09.24-09.09.22:783][308]LogModuleManager: Shutting down and abandoning module WebSockets (54)
[2021.09.24-09.09.22:795][308]LogModuleManager: Shutting down and abandoning module HTTP (51)
[2021.09.24-09.09.22:795][308]LogHttp: Display: Http module shutting down, but needs to wait on 1 outstanding Http requests:
[2021.09.24-09.09.22:795][308]LogHttp: Display: 	verb=[POST] url=[https://datarouter.ol.epicgames.com/datarouter/api/v1/public/data?SessionID=%7B6FE0AD98-4FD8-332D-1C44-CFAB6519C528%7D&AppID=UEEditor.Rocket.Release&AppVersion=4.22.3-7053642%2B%2B%2BUE4%2BRelease-4.22&UserID=d1942f6a4feba2e5963fc3aa2bfdca63%7C57113a4ef07749e899daf8a54070ea17%7Cf4ca8fe6-52f1-41c0-8e75-0852c354e943&AppEnvironment=datacollector-binary&UploadType=eteventstream] status=Processing
[2021.09.24-09.09.22:804][308]LogModuleManager: Shutting down and abandoning module SSL (50)
[2021.09.24-09.09.22:805][308]LogModuleManager: Shutting down and abandoning module WmfMedia (46)
[2021.09.24-09.09.22:808][308]LogModuleManager: Shutting down and abandoning module Media (45)
[2021.09.24-09.09.22:813][308]LogModuleManager: Shutting down and abandoning module MagicLeap (42)
[2021.09.24-09.09.22:814][308]LogModuleManager: Shutting down and abandoning module DatasmithContent (40)
[2021.09.24-09.09.22:814][308]LogModuleManager: Shutting down and abandoning module AnimationModifiers (38)
[2021.09.24-09.09.22:816][308]LogModuleManager: Shutting down and abandoning module PropertyEditor (37)
[2021.09.24-09.09.22:818][308]LogModuleManager: Shutting down and abandoning module AudioEditor (34)
[2021.09.24-09.09.22:822][308]LogModuleManager: Shutting down and abandoning module TextureCompressor (32)
[2021.09.24-09.09.22:823][308]LogModuleManager: Shutting down and abandoning module RenderCore (30)
[2021.09.24-09.09.22:823][308]LogModuleManager: Shutting down and abandoning module Landscape (28)
[2021.09.24-09.09.22:823][308]LogModuleManager: Shutting down and abandoning module SlateRHIRenderer (26)
[2021.09.24-09.09.22:825][308]LogModuleManager: Shutting down and abandoning module OpenGLDrv (24)
[2021.09.24-09.09.22:827][308]LogModuleManager: Shutting down and abandoning module D3D11RHI (22)
[2021.09.24-09.09.22:827][308]LogModuleManager: Shutting down and abandoning module AnimGraphRuntime (20)
[2021.09.24-09.09.22:827][308]LogModuleManager: Shutting down and abandoning module Renderer (18)
[2021.09.24-09.09.22:827][308]LogModuleManager: Shutting down and abandoning module Engine (16)
[2021.09.24-09.09.22:827][308]LogModuleManager: Shutting down and abandoning module CoreUObject (14)
[2021.09.24-09.09.22:827][308]LogModuleManager: Shutting down and abandoning module NetworkFile (12)
[2021.09.24-09.09.22:829][308]LogModuleManager: Shutting down and abandoning module CookedIterativeFile (10)
[2021.09.24-09.09.22:829][308]LogModuleManager: Shutting down and abandoning module StreamingFile (8)
[2021.09.24-09.09.22:829][308]LogModuleManager: Shutting down and abandoning module SandboxFile (6)
[2021.09.24-09.09.22:829][308]LogModuleManager: Shutting down and abandoning module PakFile (4)
[2021.09.24-09.09.22:830][308]LogModuleManager: Shutting down and abandoning module RSA (3)
[2021.09.24-09.09.22:841][308]LogExit: Exiting.
[2021.09.24-09.09.22:851][308]Log file closed, 09/24/21 14:39:22
