Log file open, 01/29/21 10:40:32
LogWindows: Failed to load 'aqProf.dll' (GetLastError=126)
LogWindows: File 'aqProf.dll' does not exist
LogWindows: Failed to load 'VtuneApi.dll' (GetLastError=126)
LogWindows: File 'VtuneApi.dll' does not exist
LogWindows: Failed to load 'VtuneApi32e.dll' (GetLastError=126)
LogWindows: File 'VtuneApi32e.dll' does not exist
LogConsoleResponse: Display: Failed to find resolution value strings in scalability ini. Falling back to default.
LogInit: Display: Running engine for game: COOPGame
LogPakFile: Registered encryption key '00000000000000000000000000000000': 0 pak files mounted, 0 remain pending
LogPlatformFile: Not using cached read wrapper
LogTaskGraph: Started task graph with 5 named threads and 23 total threads with 3 sets of task threads.
LogStats: Stats thread started at 0.544631
LogD3D11RHI: Loaded GFSDK_Aftermath_Lib.x64.dll
LogICUInternationalization: ICU TimeZone Detection - Raw Offset: +5:30, Platform Override: ''
LogPluginManager: Mounting plugin Paper2D
LogPluginManager: Mounting plugin AISupport
LogPluginManager: Mounting plugin LightPropagationVolume
LogPluginManager: Mounting plugin ActorLayerUtilities
LogPluginManager: Mounting plugin AnimationSharing
LogPluginManager: Mounting plugin CLionSourceCodeAccess
LogPluginManager: Mounting plugin CodeLiteSourceCodeAccess
LogPluginManager: Mounting plugin GitSourceControl
LogPluginManager: Mounting plugin KDevelopSourceCodeAccess
LogPluginManager: Mounting plugin NullSourceCodeAccess
LogPluginManager: Mounting plugin PerforceSourceControl
LogPluginManager: Mounting plugin SubversionSourceControl
LogPluginManager: Mounting plugin UObjectPlugin
LogPluginManager: Mounting plugin VisualStudioCodeSourceCodeAccess
LogPluginManager: Mounting plugin VisualStudioSourceCodeAccess
LogPluginManager: Mounting plugin XCodeSourceCodeAccess
LogPluginManager: Mounting plugin AssetManagerEditor
LogPluginManager: Mounting plugin CryptoKeys
LogPluginManager: Mounting plugin DataValidation
LogPluginManager: Mounting plugin FacialAnimation
LogPluginManager: Mounting plugin GameplayTagsEditor
LogPluginManager: Mounting plugin MacGraphicsSwitching
LogPluginManager: Mounting plugin MaterialAnalyzer
LogPluginManager: Mounting plugin MobileLauncherProfileWizard
LogPluginManager: Mounting plugin PluginBrowser
LogPluginManager: Mounting plugin SpeedTreeImporter
LogPluginManager: Mounting plugin DatasmithContent
LogPluginManager: Mounting plugin VariantManagerContent
LogPluginManager: Mounting plugin AlembicImporter
LogPluginManager: Mounting plugin AppleImageUtils
LogPluginManager: Mounting plugin AppleVision
LogPluginManager: Mounting plugin BackChannel
LogPluginManager: Mounting plugin CharacterAI
LogPluginManager: Mounting plugin GeometryCache
LogPluginManager: Mounting plugin HTML5Networking
LogPluginManager: Mounting plugin ProxyLODPlugin
LogPluginManager: Mounting plugin SkeletalReduction
LogPluginManager: Mounting plugin MagicLeap
LogPluginManager: Mounting plugin MagicLeapMedia
LogPluginManager: Mounting plugin AndroidMedia
LogPluginManager: Mounting plugin AvfMedia
LogPluginManager: Mounting plugin ImgMedia
LogPluginManager: Mounting plugin LinearTimecode
LogPluginManager: Mounting plugin MediaCompositing
LogPluginManager: Mounting plugin MediaPlayerEditor
LogPluginManager: Mounting plugin WebMMedia
LogPluginManager: Mounting plugin WmfMedia
LogPluginManager: Mounting plugin TcpMessaging
LogPluginManager: Mounting plugin UdpMessaging
LogPluginManager: Mounting plugin ActorSequence
LogPluginManager: Mounting plugin LevelSequenceEditor
LogPluginManager: Mounting plugin MatineeToLevelSequence
LogPluginManager: Mounting plugin NetcodeUnitTest
LogPluginManager: Mounting plugin NUTUnrealEngine4
LogPluginManager: Mounting plugin OnlineSubsystemGooglePlay
LogPluginManager: Mounting plugin OnlineSubsystemIOS
LogPluginManager: Mounting plugin OnlineSubsystem
LogPluginManager: Mounting plugin OnlineSubsystemNull
LogPluginManager: Mounting plugin OnlineSubsystemUtils
LogPluginManager: Mounting plugin LauncherChunkInstaller
LogPluginManager: Mounting plugin AndroidDeviceProfileSelector
LogPluginManager: Mounting plugin AndroidMoviePlayer
LogPluginManager: Mounting plugin AndroidPermission
LogPluginManager: Mounting plugin AppleMoviePlayer
LogPluginManager: Mounting plugin ArchVisCharacter
LogPluginManager: Mounting plugin AudioCapture
LogPluginManager: Mounting plugin CableComponent
LogPluginManager: Mounting plugin CustomMeshComponent
LogPluginManager: Mounting plugin EditableMesh
LogPluginManager: Mounting plugin ExampleDeviceProfileSelector
LogPluginManager: Mounting plugin Firebase
LogPluginManager: Mounting plugin GoogleCloudMessaging
LogPluginManager: Mounting plugin IOSDeviceProfileSelector
LogPluginManager: Mounting plugin LinuxDeviceProfileSelector
LogPluginManager: Mounting plugin LocationServicesBPLibrary
LogPluginManager: Mounting plugin MobilePatchingUtils
LogPluginManager: Mounting plugin OculusVR
LogPluginManager: Mounting plugin PhysXVehicles
LogPluginManager: Mounting plugin ProceduralMeshComponent
LogPluginManager: Mounting plugin RuntimePhysXCooking
LogPluginManager: Mounting plugin SignificanceManager
LogPluginManager: Mounting plugin SteamVR
LogPluginManager: Mounting plugin WebMMoviePlayer
LogPluginManager: Mounting plugin WindowsMoviePlayer
LogInit: Using libcurl 7.55.1-DEV
LogInit:  - built for x86_64-pc-win32
LogInit:  - supports SSL with OpenSSL/1.1.1
LogInit:  - supports HTTP deflate (compression) using libz 1.2.8
LogInit:  - other features:
LogInit:      CURL_VERSION_SSL
LogInit:      CURL_VERSION_LIBZ
LogInit:      CURL_VERSION_IPV6
LogInit:      CURL_VERSION_ASYNCHDNS
LogInit:      CURL_VERSION_LARGEFILE
LogInit:      CURL_VERSION_IDN
LogInit:  CurlRequestOptions (configurable via config and command line):
LogInit:  - bVerifyPeer = true  - Libcurl will verify peer certificate
LogInit:  - bUseHttpProxy = false  - Libcurl will NOT use HTTP proxy
LogInit:  - bDontReuseConnections = false  - Libcurl will reuse connections
LogInit:  - MaxHostConnections = 16  - Libcurl will limit the number of connections to a host
LogInit:  - LocalHostAddr = Default
LogInit:  - BufferSize = 65536
LogInit: WinSock: version 1.1 (2.2), MaxSocks=32767, MaxUdp=65467
LogInit: Build: ++UE4+Release-4.22-CL-7053642
LogInit: Engine Version: 4.22.3-7053642+++UE4+Release-4.22
LogInit: Compatible Engine Version: 4.22.0-5660361+++UE4+Release-4.22
LogInit: Net CL: 5660361
LogInit: OS: Windows 10 (Release 2004) (), CPU: AMD Ryzen 5 2400G with Radeon Vega Graphics    , GPU: NVIDIA GeForce GTX 1050 Ti
LogInit: Compiled (64-bit): Jun 18 2019 03:09:11
LogInit: Compiled with Visual C++: 19.16.27025.01
LogInit: Build Configuration: Development
LogInit: Branch Name: ++UE4+Release-4.22
LogInit: Command Line:  -skipcompile
LogInit: Base Directory: C:/Program Files/Epic Games/UE_4.22/Engine/Binaries/Win64/
LogInit: Installed Engine Build: 1
LogDevObjectVersion: Number of dev versions registered: 23
LogDevObjectVersion:   Dev-Blueprints (B0D832E4-1F89-4F0D-ACCF-7EB736FD4AA2): 10
LogDevObjectVersion:   Dev-Build (E1C64328-A22C-4D53-A36C-8E866417BD8C): 0
LogDevObjectVersion:   Dev-Core (375EC13C-06E4-48FB-B500-84F0262A717E): 3
LogDevObjectVersion:   Dev-Editor (E4B068ED-F494-42E9-A231-DA0B2E46BB41): 30
LogDevObjectVersion:   Dev-Framework (CFFC743F-43B0-4480-9391-14DF171D2073): 35
LogDevObjectVersion:   Dev-Mobile (B02B49B5-BB20-44E9-A304-32B752E40360): 2
LogDevObjectVersion:   Dev-Networking (A4E4105C-59A1-49B5-A7C5-40C4547EDFEE): 0
LogDevObjectVersion:   Dev-Online (39C831C9-5AE6-47DC-9A44-9C173E1C8E7C): 0
LogDevObjectVersion:   Dev-Physics (78F01B33-EBEA-4F98-B9B4-84EACCB95AA2): 0
LogDevObjectVersion:   Dev-Platform (6631380F-2D4D-43E0-8009-CF276956A95A): 0
LogDevObjectVersion:   Dev-Rendering (12F88B9F-8875-4AFC-A67C-D90C383ABD29): 28
LogDevObjectVersion:   Dev-Sequencer (7B5AE74C-D270-4C10-A958-57980B212A5A): 11
LogDevObjectVersion:   Dev-VR (D7296918-1DD6-4BDD-9DE2-64A83CC13884): 2
LogDevObjectVersion:   Dev-LoadTimes (C2A15278-BFE7-4AFE-6C17-90FF531DF755): 1
LogDevObjectVersion:   Private-Geometry (6EACA3D4-40EC-4CC1-B786-8BED09428FC5): 3
LogDevObjectVersion:   Dev-AnimPhys (29E575DD-E0A3-4627-9D10-D276232CDCEA): 17
LogDevObjectVersion:   Dev-Anim (AF43A65D-7FD3-4947-9873-3E8ED9C1BB05): 2
LogDevObjectVersion:   Dev-ReflectionCapture (6B266CEC-1EC7-4B8F-A30B-E4D90942FC07): 1
LogDevObjectVersion:   Dev-Automation (0DF73D61-A23F-47EA-B727-89E90C41499A): 1
LogDevObjectVersion:   FortniteMain (601D1886-AC64-4F84-AA16-D3DE0DEAC7D6): 25
LogDevObjectVersion:   Dev-Enterprise (9DFFBCD6-494F-0158-E221-12823C92A888): 6
LogDevObjectVersion:   Dev-Niagara (F2AED0AC-9AFE-416F-8664-AA7FFA26D6FC): 1
LogDevObjectVersion:   Dev-Destruction (174F1F0B-B4C6-45A5-B13F-2EE8D0FB917D): 2
LogInit: Presizing for max 16777216 objects, including 0 objects not considered by GC, pre-allocating 0 bytes for permanent pool.
LogInit: Object subsystem initialized
LogConfig: Setting CVar [[con.DebugEarlyDefault:1]]
LogConfig: Setting CVar [[r.setres:1280x720]]
[2021.01.29-05.10.32:935][  0]LogConfig: Setting CVar [[r.VSync:0]]
[2021.01.29-05.10.32:935][  0]LogConfig: Setting CVar [[r.RHICmdBypass:0]]
[2021.01.29-05.10.32:935][  0]LogConfig: Applying CVar settings from Section [/Script/Engine.RendererSettings] File [C:/Users/ADMIN/Documents/GitHub/theshwetapatil/COOP-Game-UE4/COOPGame/Saved/Config/Windows/Engine.ini]
[2021.01.29-05.10.32:936][  0]LogConfig: Setting CVar [[r.GPUCrashDebugging:0]]
[2021.01.29-05.10.32:936][  0]LogConfig: Setting CVar [[r.DefaultFeature.AutoExposure.ExtendDefaultLuminanceRange:1]]
[2021.01.29-05.10.32:936][  0]LogConfig: Applying CVar settings from Section [/Script/Engine.RendererOverrideSettings] File [C:/Users/ADMIN/Documents/GitHub/theshwetapatil/COOP-Game-UE4/COOPGame/Saved/Config/Windows/Engine.ini]
[2021.01.29-05.10.32:936][  0]LogConfig: Applying CVar settings from Section [/Script/Engine.StreamingSettings] File [C:/Users/ADMIN/Documents/GitHub/theshwetapatil/COOP-Game-UE4/COOPGame/Saved/Config/Windows/Engine.ini]
[2021.01.29-05.10.32:936][  0]LogConfig: Setting CVar [[s.MinBulkDataSizeForAsyncLoading:131072]]
[2021.01.29-05.10.32:936][  0]LogConfig: Setting CVar [[s.AsyncLoadingThreadEnabled:0]]
[2021.01.29-05.10.32:936][  0]LogConfig: Setting CVar [[s.EventDrivenLoaderEnabled:1]]
[2021.01.29-05.10.32:936][  0]LogConfig: Setting CVar [[s.WarnIfTimeLimitExceeded:0]]
[2021.01.29-05.10.32:936][  0]LogConfig: Setting CVar [[s.TimeLimitExceededMultiplier:1.5]]
[2021.01.29-05.10.32:936][  0]LogConfig: Setting CVar [[s.TimeLimitExceededMinTime:0.005]]
[2021.01.29-05.10.32:936][  0]LogConfig: Setting CVar [[s.UseBackgroundLevelStreaming:1]]
[2021.01.29-05.10.32:936][  0]LogConfig: Setting CVar [[s.PriorityAsyncLoadingExtraTime:15.0]]
[2021.01.29-05.10.32:936][  0]LogConfig: Setting CVar [[s.LevelStreamingActorsUpdateTimeLimit:5.0]]
[2021.01.29-05.10.32:936][  0]LogConfig: Setting CVar [[s.PriorityLevelStreamingActorsUpdateExtraTime:5.0]]
[2021.01.29-05.10.32:936][  0]LogConfig: Setting CVar [[s.LevelStreamingComponentsRegistrationGranularity:10]]
[2021.01.29-05.10.32:936][  0]LogConfig: Setting CVar [[s.UnregisterComponentsTimeLimit:1.0]]
[2021.01.29-05.10.32:936][  0]LogConfig: Setting CVar [[s.LevelStreamingComponentsUnregistrationGranularity:5]]
[2021.01.29-05.10.32:936][  0]LogConfig: Applying CVar settings from Section [/Script/Engine.GarbageCollectionSettings] File [C:/Users/ADMIN/Documents/GitHub/theshwetapatil/COOP-Game-UE4/COOPGame/Saved/Config/Windows/Engine.ini]
[2021.01.29-05.10.32:937][  0]LogConfig: Setting CVar [[gc.MaxObjectsNotConsideredByGC:1]]
[2021.01.29-05.10.32:937][  0]LogConfig: Setting CVar [[gc.SizeOfPermanentObjectPool:0]]
[2021.01.29-05.10.32:937][  0]LogConfig: Setting CVar [[gc.FlushStreamingOnGC:0]]
[2021.01.29-05.10.32:937][  0]LogConfig: Setting CVar [[gc.NumRetriesBeforeForcingGC:10]]
[2021.01.29-05.10.32:937][  0]LogConfig: Setting CVar [[gc.AllowParallelGC:1]]
[2021.01.29-05.10.32:937][  0]LogConfig: Setting CVar [[gc.TimeBetweenPurgingPendingKillObjects:61.1]]
[2021.01.29-05.10.32:937][  0]LogConfig: Setting CVar [[gc.MaxObjectsInEditor:16777216]]
[2021.01.29-05.10.32:937][  0]LogConfig: Setting CVar [[gc.IncrementalBeginDestroyEnabled:1]]
[2021.01.29-05.10.32:937][  0]LogConfig: Setting CVar [[gc.CreateGCClusters:1]]
[2021.01.29-05.10.32:937][  0]LogConfig: Setting CVar [[gc.MinGCClusterSize:5]]
[2021.01.29-05.10.32:937][  0]LogConfig: Setting CVar [[gc.ActorClusteringEnabled:0]]
[2021.01.29-05.10.32:937][  0]LogConfig: Setting CVar [[gc.BlueprintClusteringEnabled:0]]
[2021.01.29-05.10.32:937][  0]LogConfig: Setting CVar [[gc.UseDisregardForGCOnDedicatedServers:0]]
[2021.01.29-05.10.32:937][  0]LogConfig: Applying CVar settings from Section [/Script/Engine.NetworkSettings] File [C:/Users/ADMIN/Documents/GitHub/theshwetapatil/COOP-Game-UE4/COOPGame/Saved/Config/Windows/Engine.ini]
[2021.01.29-05.10.32:937][  0]LogConfig: Applying CVar settings from Section [/Script/UnrealEd.CookerSettings] File [C:/Users/ADMIN/Documents/GitHub/theshwetapatil/COOP-Game-UE4/COOPGame/Saved/Config/Windows/Engine.ini]
[2021.01.29-05.10.32:946][  0]LogConfig: Applying CVar settings from Section [ViewDistanceQuality@3] File [C:/Users/ADMIN/Documents/GitHub/theshwetapatil/COOP-Game-UE4/COOPGame/Saved/Config/Windows/Scalability.ini]
[2021.01.29-05.10.32:946][  0]LogConfig: Setting CVar [[r.SkeletalMeshLODBias:0]]
[2021.01.29-05.10.32:946][  0]LogConfig: Setting CVar [[r.ViewDistanceScale:1.0]]
[2021.01.29-05.10.32:946][  0]LogConfig: Applying CVar settings from Section [AntiAliasingQuality@3] File [C:/Users/ADMIN/Documents/GitHub/theshwetapatil/COOP-Game-UE4/COOPGame/Saved/Config/Windows/Scalability.ini]
[2021.01.29-05.10.32:946][  0]LogConfig: Setting CVar [[r.PostProcessAAQuality:4]]
[2021.01.29-05.10.32:946][  0]LogConfig: Applying CVar settings from Section [ShadowQuality@3] File [C:/Users/ADMIN/Documents/GitHub/theshwetapatil/COOP-Game-UE4/COOPGame/Saved/Config/Windows/Scalability.ini]
[2021.01.29-05.10.32:946][  0]LogConfig: Setting CVar [[r.LightFunctionQuality:1]]
[2021.01.29-05.10.32:946][  0]LogConfig: Setting CVar [[r.ShadowQuality:5]]
[2021.01.29-05.10.32:946][  0]LogConfig: Setting CVar [[r.Shadow.CSM.MaxCascades:10]]
[2021.01.29-05.10.32:946][  0]LogConfig: Setting CVar [[r.Shadow.MaxResolution:2048]]
[2021.01.29-05.10.32:947][  0]LogConfig: Setting CVar [[r.Shadow.MaxCSMResolution:2048]]
[2021.01.29-05.10.32:947][  0]LogConfig: Setting CVar [[r.Shadow.RadiusThreshold:0.01]]
[2021.01.29-05.10.32:947][  0]LogConfig: Setting CVar [[r.Shadow.DistanceScale:1.0]]
[2021.01.29-05.10.32:947][  0]LogConfig: Setting CVar [[r.Shadow.CSM.TransitionScale:1.0]]
[2021.01.29-05.10.32:947][  0]LogConfig: Setting CVar [[r.Shadow.PreShadowResolutionFactor:1.0]]
[2021.01.29-05.10.32:947][  0]LogConfig: Setting CVar [[r.DistanceFieldShadowing:1]]
[2021.01.29-05.10.32:947][  0]LogConfig: Setting CVar [[r.DistanceFieldAO:1]]
[2021.01.29-05.10.32:947][  0]LogConfig: Setting CVar [[r.AOQuality:2]]
[2021.01.29-05.10.32:947][  0]LogConfig: Setting CVar [[r.VolumetricFog:1]]
[2021.01.29-05.10.32:947][  0]LogConfig: Setting CVar [[r.VolumetricFog.GridPixelSize:8]]
[2021.01.29-05.10.32:947][  0]LogConfig: Setting CVar [[r.VolumetricFog.GridSizeZ:128]]
[2021.01.29-05.10.32:947][  0]LogConfig: Setting CVar [[r.VolumetricFog.HistoryMissSupersampleCount:4]]
[2021.01.29-05.10.32:947][  0]LogConfig: Setting CVar [[r.LightMaxDrawDistanceScale:1]]
[2021.01.29-05.10.32:947][  0]LogConfig: Setting CVar [[r.CapsuleShadows:1]]
[2021.01.29-05.10.32:947][  0]LogConfig: Applying CVar settings from Section [PostProcessQuality@3] File [C:/Users/ADMIN/Documents/GitHub/theshwetapatil/COOP-Game-UE4/COOPGame/Saved/Config/Windows/Scalability.ini]
[2021.01.29-05.10.32:947][  0]LogConfig: Setting CVar [[r.MotionBlurQuality:4]]
[2021.01.29-05.10.32:947][  0]LogConfig: Setting CVar [[r.AmbientOcclusionMipLevelFactor:0.4]]
[2021.01.29-05.10.32:947][  0]LogConfig: Setting CVar [[r.AmbientOcclusionMaxQuality:100]]
[2021.01.29-05.10.32:947][  0]LogConfig: Setting CVar [[r.AmbientOcclusionLevels:-1]]
[2021.01.29-05.10.32:948][  0]LogConfig: Setting CVar [[r.AmbientOcclusionRadiusScale:1.0]]
[2021.01.29-05.10.32:948][  0]LogConfig: Setting CVar [[r.DepthOfFieldQuality:2]]
[2021.01.29-05.10.32:948][  0]LogConfig: Setting CVar [[r.RenderTargetPoolMin:400]]
[2021.01.29-05.10.32:948][  0]LogConfig: Setting CVar [[r.LensFlareQuality:2]]
[2021.01.29-05.10.32:948][  0]LogConfig: Setting CVar [[r.SceneColorFringeQuality:1]]
[2021.01.29-05.10.32:948][  0]LogConfig: Setting CVar [[r.EyeAdaptationQuality:2]]
[2021.01.29-05.10.32:948][  0]LogConfig: Setting CVar [[r.BloomQuality:5]]
[2021.01.29-05.10.32:948][  0]LogConfig: Setting CVar [[r.FastBlurThreshold:100]]
[2021.01.29-05.10.32:948][  0]LogConfig: Setting CVar [[r.Upscale.Quality:3]]
[2021.01.29-05.10.32:948][  0]LogConfig: Setting CVar [[r.Tonemapper.GrainQuantization:1]]
[2021.01.29-05.10.32:948][  0]LogConfig: Setting CVar [[r.LightShaftQuality:1]]
[2021.01.29-05.10.32:948][  0]LogConfig: Setting CVar [[r.Filter.SizeScale:1]]
[2021.01.29-05.10.32:948][  0]LogConfig: Setting CVar [[r.Tonemapper.Quality:5]]
[2021.01.29-05.10.32:948][  0]LogConfig: Setting CVar [[r.DOF.Gather.AccumulatorQuality:1        ; higher gathering accumulator quality]]
[2021.01.29-05.10.32:948][  0]LogConfig: Setting CVar [[r.DOF.Gather.PostfilterMethod:1          ; Median3x3 postfilering method]]
[2021.01.29-05.10.32:948][  0]LogConfig: Setting CVar [[r.DOF.Gather.EnableBokehSettings:0       ; no bokeh simulation when gathering]]
[2021.01.29-05.10.32:948][  0]LogConfig: Setting CVar [[r.DOF.Gather.RingCount:4                 ; medium number of samples when gathering]]
[2021.01.29-05.10.32:948][  0]LogConfig: Setting CVar [[r.DOF.Scatter.ForegroundCompositing:1    ; additive foreground scattering]]
[2021.01.29-05.10.32:948][  0]LogConfig: Setting CVar [[r.DOF.Scatter.BackgroundCompositing:2    ; additive background scattering]]
[2021.01.29-05.10.32:948][  0]LogConfig: Setting CVar [[r.DOF.Scatter.EnableBokehSettings:1      ; bokeh simulation when scattering]]
[2021.01.29-05.10.32:949][  0]LogConfig: Setting CVar [[r.DOF.Scatter.MaxSpriteRatio:0.1         ; only a maximum of 10% of scattered bokeh]]
[2021.01.29-05.10.32:949][  0]LogConfig: Setting CVar [[r.DOF.Recombine.Quality:1                ; cheap slight out of focus]]
[2021.01.29-05.10.32:949][  0]LogConfig: Setting CVar [[r.DOF.Recombine.EnableBokehSettings:0    ; no bokeh simulation on slight out of focus]]
[2021.01.29-05.10.32:949][  0]LogConfig: Setting CVar [[r.DOF.TemporalAAQuality:1                ; more stable temporal accumulation]]
[2021.01.29-05.10.32:949][  0]LogConfig: Setting CVar [[r.DOF.Kernel.MaxForegroundRadius:0.025]]
[2021.01.29-05.10.32:949][  0]LogConfig: Setting CVar [[r.DOF.Kernel.MaxBackgroundRadius:0.025]]
[2021.01.29-05.10.32:949][  0]LogConfig: Applying CVar settings from Section [TextureQuality@3] File [C:/Users/ADMIN/Documents/GitHub/theshwetapatil/COOP-Game-UE4/COOPGame/Saved/Config/Windows/Scalability.ini]
[2021.01.29-05.10.32:949][  0]LogConfig: Setting CVar [[r.Streaming.MipBias:0]]
[2021.01.29-05.10.32:949][  0]LogConfig: Setting CVar [[r.Streaming.AmortizeCPUToGPUCopy:0]]
[2021.01.29-05.10.32:949][  0]LogConfig: Setting CVar [[r.Streaming.MaxNumTexturesToStreamPerFrame:0]]
[2021.01.29-05.10.32:949][  0]LogConfig: Setting CVar [[r.Streaming.Boost:1]]
[2021.01.29-05.10.32:949][  0]LogConfig: Setting CVar [[r.MaxAnisotropy:8]]
[2021.01.29-05.10.32:949][  0]LogConfig: Setting CVar [[r.Streaming.LimitPoolSizeToVRAM:0]]
[2021.01.29-05.10.32:949][  0]LogConfig: Setting CVar [[r.Streaming.PoolSize:1000]]
[2021.01.29-05.10.32:949][  0]LogConfig: Setting CVar [[r.Streaming.MaxEffectiveScreenSize:0]]
[2021.01.29-05.10.32:949][  0]LogConfig: Applying CVar settings from Section [EffectsQuality@3] File [C:/Users/ADMIN/Documents/GitHub/theshwetapatil/COOP-Game-UE4/COOPGame/Saved/Config/Windows/Scalability.ini]
[2021.01.29-05.10.32:949][  0]LogConfig: Setting CVar [[r.TranslucencyLightingVolumeDim:64]]
[2021.01.29-05.10.32:949][  0]LogConfig: Setting CVar [[r.RefractionQuality:2]]
[2021.01.29-05.10.32:950][  0]LogConfig: Setting CVar [[r.SSR.Quality:3]]
[2021.01.29-05.10.32:950][  0]LogConfig: Setting CVar [[r.SceneColorFormat:4]]
[2021.01.29-05.10.32:950][  0]LogConfig: Setting CVar [[r.DetailMode:2]]
[2021.01.29-05.10.32:950][  0]LogConfig: Setting CVar [[r.TranslucencyVolumeBlur:1]]
[2021.01.29-05.10.32:950][  0]LogConfig: Setting CVar [[r.MaterialQualityLevel:1 ; High quality]]
[2021.01.29-05.10.32:950][  0]LogConfig: Setting CVar [[r.SSS.Scale:1]]
[2021.01.29-05.10.32:950][  0]LogConfig: Setting CVar [[r.SSS.SampleSet:2]]
[2021.01.29-05.10.32:950][  0]LogConfig: Setting CVar [[r.SSS.Quality:1]]
[2021.01.29-05.10.32:950][  0]LogConfig: Setting CVar [[r.SSS.HalfRes:1]]
[2021.01.29-05.10.32:950][  0]LogConfig: Setting CVar [[r.EmitterSpawnRateScale:1.0]]
[2021.01.29-05.10.32:950][  0]LogConfig: Setting CVar [[r.ParticleLightQuality:2]]
[2021.01.29-05.10.32:950][  0]LogConfig: Applying CVar settings from Section [FoliageQuality@3] File [C:/Users/ADMIN/Documents/GitHub/theshwetapatil/COOP-Game-UE4/COOPGame/Saved/Config/Windows/Scalability.ini]
[2021.01.29-05.10.32:950][  0]LogConfig: Setting CVar [[foliage.DensityScale:1.0]]
[2021.01.29-05.10.32:950][  0]LogConfig: Setting CVar [[grass.DensityScale:1.0]]
[2021.01.29-05.10.32:951][  0]LogInit: Selected Device Profile: [Windows]
[2021.01.29-05.10.32:951][  0]LogInit: Applying CVar settings loaded from the selected device profile: [Windows]
[2021.01.29-05.10.32:964][  0]LogHAL: Display: Platform has ~ 16 GB [17125855232 / 17179869184 / 16], which maps to Larger [LargestMinGB=32, LargerMinGB=12, DefaultMinGB=8, SmallerMinGB=6, SmallestMinGB=0)
[2021.01.29-05.10.32:964][  0]LogConfig: Setting CVar [[r.Vulkan.UseRealUBs:0		; Required until we fix HLR fall-out]]
[2021.01.29-05.10.32:964][  0]LogInit: Going up to parent DeviceProfile []
[2021.01.29-05.10.32:965][  0]LogConfig: Applying CVar settings from Section [ViewDistanceQuality@3] File [C:/Users/ADMIN/Documents/GitHub/theshwetapatil/COOP-Game-UE4/COOPGame/Saved/Config/Windows/Scalability.ini]
[2021.01.29-05.10.32:965][  0]LogConfig: Setting CVar [[r.SkeletalMeshLODBias:0]]
[2021.01.29-05.10.32:965][  0]LogConfig: Setting CVar [[r.ViewDistanceScale:1.0]]
[2021.01.29-05.10.32:965][  0]LogConfig: Applying CVar settings from Section [AntiAliasingQuality@3] File [C:/Users/ADMIN/Documents/GitHub/theshwetapatil/COOP-Game-UE4/COOPGame/Saved/Config/Windows/Scalability.ini]
[2021.01.29-05.10.32:965][  0]LogConfig: Setting CVar [[r.PostProcessAAQuality:4]]
[2021.01.29-05.10.32:965][  0]LogConfig: Applying CVar settings from Section [ShadowQuality@3] File [C:/Users/ADMIN/Documents/GitHub/theshwetapatil/COOP-Game-UE4/COOPGame/Saved/Config/Windows/Scalability.ini]
[2021.01.29-05.10.32:965][  0]LogConfig: Setting CVar [[r.LightFunctionQuality:1]]
[2021.01.29-05.10.32:965][  0]LogConfig: Setting CVar [[r.ShadowQuality:5]]
[2021.01.29-05.10.32:965][  0]LogConfig: Setting CVar [[r.Shadow.CSM.MaxCascades:10]]
[2021.01.29-05.10.32:966][  0]LogConfig: Setting CVar [[r.Shadow.MaxResolution:2048]]
[2021.01.29-05.10.32:966][  0]LogConfig: Setting CVar [[r.Shadow.MaxCSMResolution:2048]]
[2021.01.29-05.10.32:966][  0]LogConfig: Setting CVar [[r.Shadow.RadiusThreshold:0.01]]
[2021.01.29-05.10.32:966][  0]LogConfig: Setting CVar [[r.Shadow.DistanceScale:1.0]]
[2021.01.29-05.10.32:966][  0]LogConfig: Setting CVar [[r.Shadow.CSM.TransitionScale:1.0]]
[2021.01.29-05.10.32:966][  0]LogConfig: Setting CVar [[r.Shadow.PreShadowResolutionFactor:1.0]]
[2021.01.29-05.10.32:966][  0]LogConfig: Setting CVar [[r.DistanceFieldShadowing:1]]
[2021.01.29-05.10.32:966][  0]LogConfig: Setting CVar [[r.DistanceFieldAO:1]]
[2021.01.29-05.10.32:966][  0]LogConfig: Setting CVar [[r.AOQuality:2]]
[2021.01.29-05.10.32:966][  0]LogConfig: Setting CVar [[r.VolumetricFog:1]]
[2021.01.29-05.10.32:966][  0]LogConfig: Setting CVar [[r.VolumetricFog.GridPixelSize:8]]
[2021.01.29-05.10.32:966][  0]LogConfig: Setting CVar [[r.VolumetricFog.GridSizeZ:128]]
[2021.01.29-05.10.32:966][  0]LogConfig: Setting CVar [[r.VolumetricFog.HistoryMissSupersampleCount:4]]
[2021.01.29-05.10.32:966][  0]LogConfig: Setting CVar [[r.LightMaxDrawDistanceScale:1]]
[2021.01.29-05.10.32:966][  0]LogConfig: Setting CVar [[r.CapsuleShadows:1]]
[2021.01.29-05.10.32:966][  0]LogConfig: Applying CVar settings from Section [PostProcessQuality@3] File [C:/Users/ADMIN/Documents/GitHub/theshwetapatil/COOP-Game-UE4/COOPGame/Saved/Config/Windows/Scalability.ini]
[2021.01.29-05.10.32:966][  0]LogConfig: Setting CVar [[r.MotionBlurQuality:4]]
[2021.01.29-05.10.32:966][  0]LogConfig: Setting CVar [[r.AmbientOcclusionMipLevelFactor:0.4]]
[2021.01.29-05.10.32:967][  0]LogConfig: Setting CVar [[r.AmbientOcclusionMaxQuality:100]]
[2021.01.29-05.10.32:967][  0]LogConfig: Setting CVar [[r.AmbientOcclusionLevels:-1]]
[2021.01.29-05.10.32:967][  0]LogConfig: Setting CVar [[r.AmbientOcclusionRadiusScale:1.0]]
[2021.01.29-05.10.32:967][  0]LogConfig: Setting CVar [[r.DepthOfFieldQuality:2]]
[2021.01.29-05.10.32:967][  0]LogConfig: Setting CVar [[r.RenderTargetPoolMin:400]]
[2021.01.29-05.10.32:967][  0]LogConfig: Setting CVar [[r.LensFlareQuality:2]]
[2021.01.29-05.10.32:967][  0]LogConfig: Setting CVar [[r.SceneColorFringeQuality:1]]
[2021.01.29-05.10.32:967][  0]LogConfig: Setting CVar [[r.EyeAdaptationQuality:2]]
[2021.01.29-05.10.32:967][  0]LogConfig: Setting CVar [[r.BloomQuality:5]]
[2021.01.29-05.10.32:967][  0]LogConfig: Setting CVar [[r.FastBlurThreshold:100]]
[2021.01.29-05.10.32:967][  0]LogConfig: Setting CVar [[r.Upscale.Quality:3]]
[2021.01.29-05.10.32:967][  0]LogConfig: Setting CVar [[r.Tonemapper.GrainQuantization:1]]
[2021.01.29-05.10.32:967][  0]LogConfig: Setting CVar [[r.LightShaftQuality:1]]
[2021.01.29-05.10.32:967][  0]LogConfig: Setting CVar [[r.Filter.SizeScale:1]]
[2021.01.29-05.10.32:967][  0]LogConfig: Setting CVar [[r.Tonemapper.Quality:5]]
[2021.01.29-05.10.32:967][  0]LogConfig: Setting CVar [[r.DOF.Gather.AccumulatorQuality:1        ; higher gathering accumulator quality]]
[2021.01.29-05.10.32:967][  0]LogConfig: Setting CVar [[r.DOF.Gather.PostfilterMethod:1          ; Median3x3 postfilering method]]
[2021.01.29-05.10.32:967][  0]LogConfig: Setting CVar [[r.DOF.Gather.EnableBokehSettings:0       ; no bokeh simulation when gathering]]
[2021.01.29-05.10.32:967][  0]LogConfig: Setting CVar [[r.DOF.Gather.RingCount:4                 ; medium number of samples when gathering]]
[2021.01.29-05.10.32:967][  0]LogConfig: Setting CVar [[r.DOF.Scatter.ForegroundCompositing:1    ; additive foreground scattering]]
[2021.01.29-05.10.32:968][  0]LogConfig: Setting CVar [[r.DOF.Scatter.BackgroundCompositing:2    ; additive background scattering]]
[2021.01.29-05.10.32:968][  0]LogConfig: Setting CVar [[r.DOF.Scatter.EnableBokehSettings:1      ; bokeh simulation when scattering]]
[2021.01.29-05.10.32:968][  0]LogConfig: Setting CVar [[r.DOF.Scatter.MaxSpriteRatio:0.1         ; only a maximum of 10% of scattered bokeh]]
[2021.01.29-05.10.32:968][  0]LogConfig: Setting CVar [[r.DOF.Recombine.Quality:1                ; cheap slight out of focus]]
[2021.01.29-05.10.32:968][  0]LogConfig: Setting CVar [[r.DOF.Recombine.EnableBokehSettings:0    ; no bokeh simulation on slight out of focus]]
[2021.01.29-05.10.32:968][  0]LogConfig: Setting CVar [[r.DOF.TemporalAAQuality:1                ; more stable temporal accumulation]]
[2021.01.29-05.10.32:968][  0]LogConfig: Setting CVar [[r.DOF.Kernel.MaxForegroundRadius:0.025]]
[2021.01.29-05.10.32:968][  0]LogConfig: Setting CVar [[r.DOF.Kernel.MaxBackgroundRadius:0.025]]
[2021.01.29-05.10.32:968][  0]LogConfig: Applying CVar settings from Section [TextureQuality@3] File [C:/Users/ADMIN/Documents/GitHub/theshwetapatil/COOP-Game-UE4/COOPGame/Saved/Config/Windows/Scalability.ini]
[2021.01.29-05.10.32:968][  0]LogConfig: Setting CVar [[r.Streaming.MipBias:0]]
[2021.01.29-05.10.32:968][  0]LogConfig: Setting CVar [[r.Streaming.AmortizeCPUToGPUCopy:0]]
[2021.01.29-05.10.32:968][  0]LogConfig: Setting CVar [[r.Streaming.MaxNumTexturesToStreamPerFrame:0]]
[2021.01.29-05.10.32:968][  0]LogConfig: Setting CVar [[r.Streaming.Boost:1]]
[2021.01.29-05.10.32:968][  0]LogConfig: Setting CVar [[r.MaxAnisotropy:8]]
[2021.01.29-05.10.32:968][  0]LogConfig: Setting CVar [[r.Streaming.LimitPoolSizeToVRAM:0]]
[2021.01.29-05.10.32:968][  0]LogConfig: Setting CVar [[r.Streaming.PoolSize:1000]]
[2021.01.29-05.10.32:968][  0]LogConfig: Setting CVar [[r.Streaming.MaxEffectiveScreenSize:0]]
[2021.01.29-05.10.32:968][  0]LogConfig: Applying CVar settings from Section [EffectsQuality@3] File [C:/Users/ADMIN/Documents/GitHub/theshwetapatil/COOP-Game-UE4/COOPGame/Saved/Config/Windows/Scalability.ini]
[2021.01.29-05.10.32:968][  0]LogConfig: Setting CVar [[r.TranslucencyLightingVolumeDim:64]]
[2021.01.29-05.10.32:968][  0]LogConfig: Setting CVar [[r.RefractionQuality:2]]
[2021.01.29-05.10.32:969][  0]LogConfig: Setting CVar [[r.SSR.Quality:3]]
[2021.01.29-05.10.32:969][  0]LogConfig: Setting CVar [[r.SceneColorFormat:4]]
[2021.01.29-05.10.32:969][  0]LogConfig: Setting CVar [[r.DetailMode:2]]
[2021.01.29-05.10.32:969][  0]LogConfig: Setting CVar [[r.TranslucencyVolumeBlur:1]]
[2021.01.29-05.10.32:969][  0]LogConfig: Setting CVar [[r.MaterialQualityLevel:1 ; High quality]]
[2021.01.29-05.10.32:969][  0]LogConfig: Setting CVar [[r.SSS.Scale:1]]
[2021.01.29-05.10.32:969][  0]LogConfig: Setting CVar [[r.SSS.SampleSet:2]]
[2021.01.29-05.10.32:969][  0]LogConfig: Setting CVar [[r.SSS.Quality:1]]
[2021.01.29-05.10.32:969][  0]LogConfig: Setting CVar [[r.SSS.HalfRes:1]]
[2021.01.29-05.10.32:969][  0]LogConfig: Setting CVar [[r.EmitterSpawnRateScale:1.0]]
[2021.01.29-05.10.32:969][  0]LogConfig: Setting CVar [[r.ParticleLightQuality:2]]
[2021.01.29-05.10.32:969][  0]LogConfig: Applying CVar settings from Section [FoliageQuality@3] File [C:/Users/ADMIN/Documents/GitHub/theshwetapatil/COOP-Game-UE4/COOPGame/Saved/Config/Windows/Scalability.ini]
[2021.01.29-05.10.32:969][  0]LogConfig: Setting CVar [[foliage.DensityScale:1.0]]
[2021.01.29-05.10.32:969][  0]LogConfig: Setting CVar [[grass.DensityScale:1.0]]
[2021.01.29-05.10.32:969][  0]LogConfig: Applying CVar settings from Section [Startup] File [../../../Engine/Config/ConsoleVariables.ini]
[2021.01.29-05.10.32:970][  0]LogConfig: Setting CVar [[net.UseAdaptiveNetUpdateFrequency:0]]
[2021.01.29-05.10.32:970][  0]LogConfig: Setting CVar [[p.chaos.AllowCreatePhysxBodies:1]]
[2021.01.29-05.10.32:970][  0]LogConfig: Applying CVar settings from Section [ConsoleVariables] File [C:/Users/ADMIN/Documents/GitHub/theshwetapatil/COOP-Game-UE4/COOPGame/Saved/Config/Windows/Engine.ini]
[2021.01.29-05.10.32:970][  0]LogInit: Computer: DESKTOP-C697CL8
[2021.01.29-05.10.32:970][  0]LogInit: User: ADMIN
[2021.01.29-05.10.32:970][  0]LogInit: CPU Page size=4096, Cores=4
[2021.01.29-05.10.32:970][  0]LogInit: High frequency timer resolution =10.000000 MHz
[2021.01.29-05.10.32:970][  0]LogMemory: Memory total: Physical=15.9GB (16GB approx)
[2021.01.29-05.10.32:971][  0]LogMemory: Platform Memory Stats for Windows
[2021.01.29-05.10.32:971][  0]LogMemory: Process Physical Memory: 100.18 MB used, 100.18 MB peak
[2021.01.29-05.10.32:971][  0]LogMemory: Process Virtual Memory: 97.46 MB used, 97.46 MB peak
[2021.01.29-05.10.32:971][  0]LogMemory: Physical Memory: 8939.87 MB used,  7392.62 MB free, 16332.49 MB total
[2021.01.29-05.10.32:971][  0]LogMemory: Virtual Memory: 4651.25 MB used,  134213080.00 MB free, 134217728.00 MB total
[2021.01.29-05.10.33:432][  0]LogInit: Using OS detected language (en-US).
[2021.01.29-05.10.33:432][  0]LogInit: Using OS detected locale (en-US).
[2021.01.29-05.10.33:434][  0]LogTextLocalizationManager: No specific localization for 'en-US' exists, so the 'en' localization will be used.
[2021.01.29-05.10.33:706][  0]LogInit: Setting process to per monitor DPI aware
[2021.01.29-05.10.33:802][  0]LogSlate: New Slate User Created.  User Index 0, Is Virtual User: 0
[2021.01.29-05.10.33:803][  0]LogSlate: Slate User Registered.  User Index 0, Is Virtual User: 0
[2021.01.29-05.10.34:082][  0]LogHMD: Failed to initialize OpenVR with code 110
[2021.01.29-05.10.34:082][  0]LogD3D11RHI: D3D11 adapters:
[2021.01.29-05.10.34:230][  0]LogD3D11RHI:    0. 'NVIDIA GeForce GTX 1050 Ti' (Feature Level 11_0)
[2021.01.29-05.10.34:231][  0]LogD3D11RHI:       4018/0/8166 MB DedicatedVideo/DedicatedSystem/SharedSystem, Outputs:2, VendorId:0x10de
[2021.01.29-05.10.34:277][  0]LogD3D11RHI:    1. 'Microsoft Basic Render Driver' (Feature Level 11_0)
[2021.01.29-05.10.34:277][  0]LogD3D11RHI:       0/0/8166 MB DedicatedVideo/DedicatedSystem/SharedSystem, Outputs:0, VendorId:0x1414
[2021.01.29-05.10.34:277][  0]LogD3D11RHI: Chosen D3D11 Adapter: 0
[2021.01.29-05.10.34:289][  0]LogD3D11RHI: Creating new Direct3DDevice
[2021.01.29-05.10.34:289][  0]LogD3D11RHI:     GPU DeviceId: 0x1c82 (for the marketing name, search the web for "GPU Device Id")
[2021.01.29-05.10.34:289][  0]LogWindows: EnumDisplayDevices:
[2021.01.29-05.10.34:289][  0]LogWindows:    0. 'NVIDIA GeForce GTX 1050 Ti' (P:1 D:1)
[2021.01.29-05.10.34:290][  0]LogWindows:    1. 'NVIDIA GeForce GTX 1050 Ti' (P:0 D:1)
[2021.01.29-05.10.34:290][  0]LogWindows:    2. 'NVIDIA GeForce GTX 1050 Ti' (P:0 D:0)
[2021.01.29-05.10.34:291][  0]LogWindows:    3. 'NVIDIA GeForce GTX 1050 Ti' (P:0 D:0)
[2021.01.29-05.10.34:291][  0]LogWindows: DebugString: FoundDriverCount:4 
[2021.01.29-05.10.34:291][  0]LogD3D11RHI:     Adapter Name: NVIDIA GeForce GTX 1050 Ti
[2021.01.29-05.10.34:291][  0]LogD3D11RHI:   Driver Version: 456.71 (internal:27.21.14.5671, unified:456.71)
[2021.01.29-05.10.34:291][  0]LogD3D11RHI:      Driver Date: 9-30-2020
[2021.01.29-05.10.34:291][  0]LogRHI: Texture pool is 2812 MB (70% of 4018 MB)
[2021.01.29-05.10.34:399][  0]LogD3D11RHI: Async texture creation enabled
[2021.01.29-05.10.34:405][  0]LogRendererCore: FGlobalReadBuffer::InitRHI
[2021.01.29-05.10.34:406][  0]LogRendererCore: FGlobalReadBuffer::InitRHI
[2021.01.29-05.10.34:406][  0]LogRendererCore: FGlobalReadBuffer::InitRHI
[2021.01.29-05.10.34:416][  0]LogD3D11RHI: GPU Timing Frequency: 1000.000000 (Debug: 2 1)
[2021.01.29-05.10.34:814][  0]LogTemp: Display: Module 'AllDesktopTargetPlatform' loaded TargetPlatform 'AllDesktop'
[2021.01.29-05.10.34:840][  0]LogTemp: Display: Module 'MacClientTargetPlatform' loaded TargetPlatform 'MacClient'
[2021.01.29-05.10.34:864][  0]LogTemp: Display: Module 'MacNoEditorTargetPlatform' loaded TargetPlatform 'MacNoEditor'
[2021.01.29-05.10.34:886][  0]LogTemp: Display: Module 'MacServerTargetPlatform' loaded TargetPlatform 'MacServer'
[2021.01.29-05.10.34:908][  0]LogTemp: Display: Module 'MacTargetPlatform' loaded TargetPlatform 'Mac'
[2021.01.29-05.10.34:934][  0]LogTemp: Display: Module 'WindowsClientTargetPlatform' loaded TargetPlatform 'WindowsClient'
[2021.01.29-05.10.34:956][  0]LogTemp: Display: Module 'WindowsNoEditorTargetPlatform' loaded TargetPlatform 'WindowsNoEditor'
[2021.01.29-05.10.34:978][  0]LogTemp: Display: Module 'WindowsServerTargetPlatform' loaded TargetPlatform 'WindowsServer'
[2021.01.29-05.10.34:990][  0]LogTemp: Display: Module 'WindowsTargetPlatform' loaded TargetPlatform 'Windows'
[2021.01.29-05.10.35:096][  0]LogTemp: Display: Module 'AndroidTargetPlatform' loaded TargetPlatform 'Android'
[2021.01.29-05.10.35:096][  0]LogTemp: Display: Module 'AndroidTargetPlatform' loaded TargetPlatform 'Android_ASTC'
[2021.01.29-05.10.35:096][  0]LogTemp: Display: Module 'AndroidTargetPlatform' loaded TargetPlatform 'Android_ATC'
[2021.01.29-05.10.35:096][  0]LogTemp: Display: Module 'AndroidTargetPlatform' loaded TargetPlatform 'Android_DXT'
[2021.01.29-05.10.35:096][  0]LogTemp: Display: Module 'AndroidTargetPlatform' loaded TargetPlatform 'Android_ETC1'
[2021.01.29-05.10.35:096][  0]LogTemp: Display: Module 'AndroidTargetPlatform' loaded TargetPlatform 'Android_ETC1a'
[2021.01.29-05.10.35:096][  0]LogTemp: Display: Module 'AndroidTargetPlatform' loaded TargetPlatform 'Android_ETC2'
[2021.01.29-05.10.35:096][  0]LogTemp: Display: Module 'AndroidTargetPlatform' loaded TargetPlatform 'Android_PVRTC'
[2021.01.29-05.10.35:096][  0]LogTemp: Display: Module 'AndroidTargetPlatform' loaded TargetPlatform 'AndroidClient'
[2021.01.29-05.10.35:096][  0]LogTemp: Display: Module 'AndroidTargetPlatform' loaded TargetPlatform 'Android_ASTCClient'
[2021.01.29-05.10.35:096][  0]LogTemp: Display: Module 'AndroidTargetPlatform' loaded TargetPlatform 'Android_ATCClient'
[2021.01.29-05.10.35:097][  0]LogTemp: Display: Module 'AndroidTargetPlatform' loaded TargetPlatform 'Android_DXTClient'
[2021.01.29-05.10.35:097][  0]LogTemp: Display: Module 'AndroidTargetPlatform' loaded TargetPlatform 'Android_ETC1Client'
[2021.01.29-05.10.35:097][  0]LogTemp: Display: Module 'AndroidTargetPlatform' loaded TargetPlatform 'Android_ETC1aClient'
[2021.01.29-05.10.35:097][  0]LogTemp: Display: Module 'AndroidTargetPlatform' loaded TargetPlatform 'Android_ETC2Client'
[2021.01.29-05.10.35:097][  0]LogTemp: Display: Module 'AndroidTargetPlatform' loaded TargetPlatform 'Android_PVRTCClient'
[2021.01.29-05.10.35:097][  0]LogTemp: Display: Module 'AndroidTargetPlatform' loaded TargetPlatform 'Android_Multi'
[2021.01.29-05.10.35:097][  0]LogTemp: Display: Module 'AndroidTargetPlatform' loaded TargetPlatform 'Android_MultiClient'
[2021.01.29-05.10.35:103][  0]LogTemp: Display: Module 'HTML5TargetPlatform' loaded TargetPlatform 'HTML5'
[2021.01.29-05.10.35:173][  0]LogTemp: Display: Module 'IOSTargetPlatform' loaded TargetPlatform 'IOSClient'
[2021.01.29-05.10.35:173][  0]LogTemp: Display: Module 'IOSTargetPlatform' loaded TargetPlatform 'IOS'
[2021.01.29-05.10.35:206][  0]LogTemp: Display: Module 'TVOSTargetPlatform' loaded TargetPlatform 'TVOSClient'
[2021.01.29-05.10.35:206][  0]LogTemp: Display: Module 'TVOSTargetPlatform' loaded TargetPlatform 'TVOS'
[2021.01.29-05.10.35:227][  0]LogTemp: Display: Module 'LinuxClientTargetPlatform' loaded TargetPlatform 'LinuxClient'
[2021.01.29-05.10.35:248][  0]LogTemp: Display: Module 'LinuxNoEditorTargetPlatform' loaded TargetPlatform 'LinuxNoEditor'
[2021.01.29-05.10.35:268][  0]LogTemp: Display: Module 'LinuxServerTargetPlatform' loaded TargetPlatform 'LinuxServer'
[2021.01.29-05.10.35:287][  0]LogTemp: Display: Module 'LinuxTargetPlatform' loaded TargetPlatform 'Linux'
[2021.01.29-05.10.35:351][  0]LogTemp: Display: Module 'LuminTargetPlatform' loaded TargetPlatform 'Lumin'
[2021.01.29-05.10.35:351][  0]LogTemp: Display: Module 'LuminTargetPlatform' loaded TargetPlatform 'LuminClient'
[2021.01.29-05.10.35:352][  0]LogTargetPlatformManager: Display: Building Assets For Windows
[2021.01.29-05.10.35:374][  0]LogAudioDebug: Display: Lib vorbis DLL was dynamically loaded.
[2021.01.29-05.10.35:492][  0]LogShaderCompilers: Guid format shader working directory is -39 characters bigger than the processId version (../../../../../../Users/ADMIN/Documents/GitHub/theshwetapatil/COOP-Game-UE4/COOPGame/Intermediate/Shaders/WorkingDirectory/10772/).
[2021.01.29-05.10.35:492][  0]LogShaderCompilers: Cleaned the shader compiler working directory 'C:/Users/ADMIN/AppData/Local/Temp/UnrealShaderWorkingDir/533852524C6C61D3F123098D58034BAA/'.
[2021.01.29-05.10.35:495][  0]LogXGEController: Cannot use XGE Controller as Incredibuild is not installed on this machine.
[2021.01.29-05.10.35:495][  0]LogShaderCompilers: Cannot use XGE Shader Compiler as Incredibuild is not installed on this machine.
[2021.01.29-05.10.35:495][  0]LogShaderCompilers: Display: Using Local Shader Compiler.
[2021.01.29-05.10.36:119][  0]LogDerivedDataCache: Display: Max Cache Size: 512 MB
[2021.01.29-05.10.36:173][  0]LogDerivedDataCache: Loaded boot cache 0.05s 71MB C:/Users/ADMIN/AppData/Local/UnrealEngine/4.22/DerivedDataCache/Boot.ddc.
[2021.01.29-05.10.36:173][  0]LogDerivedDataCache: Display: Loaded Boot cache: C:/Users/ADMIN/AppData/Local/UnrealEngine/4.22/DerivedDataCache/Boot.ddc
[2021.01.29-05.10.36:173][  0]LogDerivedDataCache: FDerivedDataBackendGraph:  Pak pak cache file ../../../../../../Users/ADMIN/Documents/GitHub/theshwetapatil/COOP-Game-UE4/COOPGame/DerivedDataCache/DDC.ddp not found, will not use a pak cache.
[2021.01.29-05.10.36:173][  0]LogDerivedDataCache: Unable to find inner node Pak for hierarchical cache Hierarchy.
[2021.01.29-05.10.36:174][  0]LogDerivedDataCache: FDerivedDataBackendGraph:  CompressedPak pak cache file ../../../../../../Users/ADMIN/Documents/GitHub/theshwetapatil/COOP-Game-UE4/COOPGame/DerivedDataCache/Compressed.ddp not found, will not use a pak cache.
[2021.01.29-05.10.36:174][  0]LogDerivedDataCache: Unable to find inner node CompressedPak for hierarchical cache Hierarchy.
[2021.01.29-05.10.36:191][  0]LogDerivedDataCache: Display: Pak cache opened for reading ../../../Engine/DerivedDataCache/Compressed.ddp.
[2021.01.29-05.10.36:191][  0]LogDerivedDataCache: FDerivedDataBackendGraph:  EnterprisePak pak cache file ../../../Enterprise/DerivedDataCache/Compressed.ddp not found, will not use a pak cache.
[2021.01.29-05.10.36:191][  0]LogDerivedDataCache: Unable to find inner node EnterprisePak for hierarchical cache Hierarchy.
[2021.01.29-05.10.36:205][  0]LogDerivedDataCache: Using Local data cache path C:/Users/ADMIN/AppData/Local/UnrealEngine/Common/DerivedDataCache: Writable
[2021.01.29-05.10.36:205][  0]LogDerivedDataCache: Shared data cache path not found in *engine.ini, will not use an Shared cache.
[2021.01.29-05.10.36:205][  0]LogDerivedDataCache: Unable to find inner node Shared for hierarchical cache Hierarchy.
[2021.01.29-05.10.36:229][  0]LogMaterial: Verifying Global Shaders for PCD3D_SM5
[2021.01.29-05.10.36:234][  0]LogSlate: Using FreeType 2.6.0
[2021.01.29-05.10.36:235][  0]LogSlate: SlateFontServices - WITH_FREETYPE: 1, WITH_HARFBUZZ: 1
[2021.01.29-05.10.36:340][  0]LogAssetRegistry: FAssetRegistry took 0.0414 seconds to start up
[2021.01.29-05.10.36:772][  0]LogInit: Selected Device Profile: [Windows]
[2021.01.29-05.10.36:949][  0]LogMeshReduction: Using QuadricMeshReduction for automatic static mesh reduction
[2021.01.29-05.10.36:949][  0]LogMeshReduction: Using SimplygonMeshReduction for automatic skeletal mesh reduction
[2021.01.29-05.10.36:949][  0]LogMeshReduction: Using ProxyLODMeshReduction for automatic mesh merging
[2021.01.29-05.10.36:949][  0]LogMeshReduction: No distributed automatic mesh merging module available
[2021.01.29-05.10.36:949][  0]LogMeshMerging: No distributed automatic mesh merging module available
[2021.01.29-05.10.36:964][  0]LogNetVersion: COOPGame 1.0.0, NetCL: 5660361, EngineNetVer: 10, GameNetVer: 0 (Checksum: 3513699854)
[2021.01.29-05.10.37:464][  0]LogPackageLocalizationCache: Processed 10 localized package path(s) for 1 prioritized culture(s) in 0.049134 seconds
[2021.01.29-05.10.37:473][  0]LogUObjectArray: 42205 objects as part of root set at end of initial load.
[2021.01.29-05.10.37:473][  0]LogUObjectAllocator: 7325032 out of 0 bytes used by permanent object pool.
[2021.01.29-05.10.37:473][  0]LogUObjectArray: CloseDisregardForGC: 0/0 objects in disregard for GC pool
[2021.01.29-05.10.38:649][  0]LogTcpMessaging: Initializing TcpMessaging bridge
[2021.01.29-05.10.38:668][  0]LogUdpMessaging: Initializing bridge on interface 0.0.0.0:0 to multicast group 230.0.0.1:6666.
[2021.01.29-05.10.38:858][  0]SourceControl: Source control is disabled
[2021.01.29-05.10.38:858][  0]SourceControl: Source control is disabled
[2021.01.29-05.10.38:862][  0]SourceControl: Source control is disabled
[2021.01.29-05.10.38:866][  0]SourceControl: Source control is disabled
[2021.01.29-05.10.39:052][  0]LogAndroidPermission: UAndroidPermissionCallbackProxy::GetInstance
[2021.01.29-05.10.39:242][  0]LogOcInput: OculusInput pre-init called
[2021.01.29-05.10.40:073][  0]LogEngine: Initializing Engine...
[2021.01.29-05.10.40:074][  0]LogHMD: Failed to initialize OpenVR with code 110
[2021.01.29-05.10.40:076][  0]LogStats: UGameplayTagsManager::InitializeManager -  0.000 s
[2021.01.29-05.10.40:304][  0]LogInit: Initializing FReadOnlyCVARCache
[2021.01.29-05.10.40:324][  0]LogAIModule: Creating AISystem for world Untitled
[2021.01.29-05.10.40:350][  0]LogInit: XAudio2 using 'Speakers (Realtek(R) Audio)' : 2 channels at 48 kHz using 32 bits per sample (channel mask 0x3)
[2021.01.29-05.10.40:391][  0]LogInit: FAudioDevice initialized.
[2021.01.29-05.10.40:391][  0]LogNetVersion: Set ProjectVersion to 1.0.0.0. Version Checksum will be recalculated on next use.
[2021.01.29-05.10.41:336][  0]LogDerivedDataCache: Saved boot cache 0.94s 71MB C:/Users/ADMIN/AppData/Local/UnrealEngine/4.22/DerivedDataCache/Boot.ddc.
[2021.01.29-05.10.41:341][  0]LogInit: Texture streaming: Enabled
[2021.01.29-05.10.41:378][  0]LogEngineSessionManager: EngineSessionManager initialized
[2021.01.29-05.10.41:400][  0]LogInit: Transaction tracking system initialized
[2021.01.29-05.10.41:446][  0]BlueprintLog: New page: Editor Load
[2021.01.29-05.10.41:603][  0]LocalizationService: Localization service is disabled
[2021.01.29-05.10.42:051][  0]LogFileCache: Scanning file cache for directory 'C:/Users/ADMIN/Documents/GitHub/theshwetapatil/COOP-Game-UE4/COOPGame/Content/' took 0.02s
[2021.01.29-05.10.42:051][  0]LogCook: Display: Max memory allowance for cook 16384mb min free memory 0mb
[2021.01.29-05.10.42:051][  0]LogCook: Display: Mobile HDR setting 1
[2021.01.29-05.10.42:374][  0]SourceControl: Source control is disabled
[2021.01.29-05.10.42:374][  0]Cmd: MAP LOAD FILE="../../../../../../Users/ADMIN/Documents/GitHub/theshwetapatil/COOP-Game-UE4/COOPGame/Content/Maps/P_TestMap.umap" TEMPLATE=0 SHOWPROGRESS=1 FEATURELEVEL=3
[2021.01.29-05.10.42:375][  0]LightingResults: New page: Lighting Build
[2021.01.29-05.10.42:378][  0]MapCheck: New page: Map Check
[2021.01.29-05.10.42:378][  0]LightingResults: New page: Lighting Build
[2021.01.29-05.10.42:405][  0]LogUObjectHash: Compacting FUObjectHashTables data took   1.77ms
[2021.01.29-05.10.42:584][  0]LogBlueprint: Error: [Compiler WBP_HealthIndicator] Can't connect pins  Target  and  Return Value : Object Reference is not compatible with SHealth Component Object Reference.
[2021.01.29-05.10.42:584][  0]LogBlueprint: Warning: [Compiler WBP_HealthIndicator] Could not find a variable named "DefaultHealth" in 'WBP_HealthIndicator'.
Make sure 'WBP_HealthIndicator' has been compiled for  Get DefaultHealth
[2021.01.29-05.10.42:584][  0]LogBlueprint: Error: [Compiler WBP_HealthIndicator] Can't connect pins  Target  and  Return Value : Object Reference is not compatible with SHealth Component Object Reference.
[2021.01.29-05.10.42:585][  0]LogBlueprint: Error: [Compiler WBP_HealthIndicator] Can't connect pins  Return Value  and  Target : SHealth Component Object Reference is not compatible with Object Reference.
[2021.01.29-05.10.42:585][  0]LogBlueprint: Error: [Compiler WBP_HealthIndicator] Invalid pin connection from ' Return Value ' to ' Target '. You may have changed the type after the connections were made.
[2021.01.29-05.10.42:585][  0]LogBlueprint: Error: [Compiler WBP_HealthIndicator] Invalid pin connection from ' Return Value ' to ' Target '. You may have changed the type after the connections were made.
[2021.01.29-05.10.42:586][  0]LogBlueprint: Error: [Compiler WBP_HealthIndicator] The property associated with  Default Health  could not be found in '/Game/UI/WBP_HealthIndicator.WBP_HealthIndicator_C'
[2021.01.29-05.10.42:586][  0]LogBlueprint: Error: [Compiler WBP_HealthIndicator] OnHealthChanged  : unable to determine expected signature - is the delegate pin connected?
[2021.01.29-05.10.42:586][  0]LogBlueprint: Error: [Compiler WBP_HealthIndicator] Event Dispatcher has no property  Assign <invalid delegate>
[2021.01.29-05.10.42:587][  0]LogBlueprint: Error: [Compiler WBP_HealthIndicator] Failed to create property K2Node_CreateDelegate_OutputDelegate from  <None>  due to a bad or unknown type (Delegate)
[2021.01.29-05.10.42:587][  0]LogBlueprint: Error: [Compiler WBP_HealthIndicator] Failed to find class for pin  Health Comp
[2021.01.29-05.10.42:587][  0]LogBlueprint: Error: [Compiler WBP_HealthIndicator] ICE SetVariableOnPersistentFrame - No property found.  Health Comp
[2021.01.29-05.10.42:587][  0]LogBlueprint: Error: [Compiler WBP_HealthIndicator] OnHealthChanged  Signature Error: Unable to determine expected signature - is the delegate pin connected?
[2021.01.29-05.10.42:590][  0]LogBlueprint: Warning: [Compiler WBP_HealthIndicator] [0012.49] Compile of WBP_HealthIndicator failed. 12 Fatal Issue(s) 1 Warning(s) [in 11 ms] (/Game/UI/WBP_HealthIndicator.WBP_HealthIndicator)
[2021.01.29-05.10.42:964][  0]LogAIModule: Creating AISystem for world P_TestMap
[2021.01.29-05.10.42:975][  0]LogEditorServer: Finished looking for orphan Actors (0.000 secs)
[2021.01.29-05.10.43:011][  0]LogUObjectHash: Compacting FUObjectHashTables data took   3.08ms
[2021.01.29-05.10.43:011][  0]Cmd: MAP CHECKDEP NOCLEARLOG
[2021.01.29-05.10.43:012][  0]MapCheck: Map check complete: 0 Error(s), 0 Warning(s), took 0.294ms to complete.
[2021.01.29-05.10.43:012][  0]LogFileHelpers: Loading map 'P_TestMap' took 0.638
[2021.01.29-05.10.44:268][  0]LogSlate: Only BGRA pngs, bmps or icos are supported in by External Image Picker
[2021.01.29-05.10.44:345][  0]LogSlate: Updating window title bar state: overlay mode, drag disabled, window buttons hidden, title bar hidden
[2021.01.29-05.10.44:355][  0]LogSlate: Updating window title bar state: overlay mode, drag disabled, window buttons hidden, title bar hidden
[2021.01.29-05.10.44:364][  0]LogSlate: Updating window title bar state: overlay mode, drag disabled, window buttons hidden, title bar hidden
[2021.01.29-05.10.44:374][  0]LogSlate: Updating window title bar state: overlay mode, drag disabled, window buttons hidden, title bar hidden
[2021.01.29-05.10.44:387][  0]LogCollectionManager: Loaded 0 collections in 0.002319 seconds
[2021.01.29-05.10.44:438][  0]LogFileCache: Scanning file cache for directory 'C:/Users/ADMIN/Documents/GitHub/theshwetapatil/COOP-Game-UE4/COOPGame/Saved/Collections/' took 0.01s
[2021.01.29-05.10.44:438][  0]LogFileCache: Scanning file cache for directory 'C:/Users/ADMIN/Documents/GitHub/theshwetapatil/COOP-Game-UE4/COOPGame/Content/Developers/ADMIN/Collections/' took 0.01s
[2021.01.29-05.10.44:438][  0]LogFileCache: Scanning file cache for directory 'C:/Users/ADMIN/Documents/GitHub/theshwetapatil/COOP-Game-UE4/COOPGame/Content/Collections/' took 0.01s
[2021.01.29-05.10.44:438][  0]LogCollectionManager: Rebuilt the GUID cache for 0 collections in 0.000000 seconds
[2021.01.29-05.10.44:451][  0]LogContentBrowser: Native class hierarchy populated in 0.0120 seconds. Added 2737 classes and 664 folders.
[2021.01.29-05.10.44:463][  0]LogContentBrowser: Native class hierarchy updated for 'WidgetCarousel' in 0.0005 seconds. Added 0 classes and 0 folders.
[2021.01.29-05.10.44:466][  0]LogPakFile: Registered encryption key '00000000000000000000000000000000': 0 pak files mounted, 0 remain pending
[2021.01.29-05.10.44:467][  0]LogPakFile: Registered encryption key '00000000000000000000000000000000': 0 pak files mounted, 0 remain pending
[2021.01.29-05.10.44:467][  0]LogPakFile: Registered encryption key '00000000000000000000000000000000': 0 pak files mounted, 0 remain pending
[2021.01.29-05.10.44:468][  0]LogPakFile: Registered encryption key '00000000000000000000000000000000': 0 pak files mounted, 0 remain pending
[2021.01.29-05.10.44:469][  0]LogPakFile: Registered encryption key '00000000000000000000000000000000': 0 pak files mounted, 0 remain pending
[2021.01.29-05.10.44:470][  0]LogPakFile: Registered encryption key '00000000000000000000000000000000': 0 pak files mounted, 0 remain pending
[2021.01.29-05.10.44:471][  0]LogPakFile: Registered encryption key '00000000000000000000000000000000': 0 pak files mounted, 0 remain pending
[2021.01.29-05.10.44:472][  0]LogPakFile: Registered encryption key '00000000000000000000000000000000': 0 pak files mounted, 0 remain pending
[2021.01.29-05.10.44:473][  0]LogPakFile: Registered encryption key '00000000000000000000000000000000': 0 pak files mounted, 0 remain pending
[2021.01.29-05.10.44:473][  0]LogPakFile: Registered encryption key '00000000000000000000000000000000': 0 pak files mounted, 0 remain pending
[2021.01.29-05.10.44:474][  0]LogPakFile: Registered encryption key '00000000000000000000000000000000': 0 pak files mounted, 0 remain pending
[2021.01.29-05.10.44:475][  0]LogPakFile: Registered encryption key '00000000000000000000000000000000': 0 pak files mounted, 0 remain pending
[2021.01.29-05.10.44:476][  0]LogPakFile: Registered encryption key '00000000000000000000000000000000': 0 pak files mounted, 0 remain pending
[2021.01.29-05.10.44:477][  0]LogPakFile: Registered encryption key '00000000000000000000000000000000': 0 pak files mounted, 0 remain pending
[2021.01.29-05.10.44:477][  0]LogPakFile: Registered encryption key '00000000000000000000000000000000': 0 pak files mounted, 0 remain pending
[2021.01.29-05.10.44:478][  0]LogPakFile: Registered encryption key '00000000000000000000000000000000': 0 pak files mounted, 0 remain pending
[2021.01.29-05.10.44:479][  0]LogPakFile: Registered encryption key '00000000000000000000000000000000': 0 pak files mounted, 0 remain pending
[2021.01.29-05.10.44:481][  0]LogPakFile: Registered encryption key '00000000000000000000000000000000': 0 pak files mounted, 0 remain pending
[2021.01.29-05.10.44:482][  0]LogPakFile: Registered encryption key '00000000000000000000000000000000': 0 pak files mounted, 0 remain pending
[2021.01.29-05.10.44:483][  0]LogPakFile: Registered encryption key '00000000000000000000000000000000': 0 pak files mounted, 0 remain pending
[2021.01.29-05.10.44:484][  0]LogPakFile: Registered encryption key '00000000000000000000000000000000': 0 pak files mounted, 0 remain pending
[2021.01.29-05.10.44:485][  0]LogPakFile: Registered encryption key '00000000000000000000000000000000': 0 pak files mounted, 0 remain pending
[2021.01.29-05.10.44:486][  0]LogPakFile: Registered encryption key '00000000000000000000000000000000': 0 pak files mounted, 0 remain pending
[2021.01.29-05.10.44:487][  0]LogPakFile: Registered encryption key '00000000000000000000000000000000': 0 pak files mounted, 0 remain pending
[2021.01.29-05.10.44:488][  0]LogPakFile: Registered encryption key '00000000000000000000000000000000': 0 pak files mounted, 0 remain pending
[2021.01.29-05.10.44:489][  0]LogPakFile: Registered encryption key '00000000000000000000000000000000': 0 pak files mounted, 0 remain pending
[2021.01.29-05.10.44:527][  0]LogContentBrowser: Native class hierarchy updated for 'AddContentDialog' in 0.0005 seconds. Added 0 classes and 0 folders.
[2021.01.29-05.10.44:541][  0]LogContentBrowser: Native class hierarchy updated for 'SceneOutliner' in 0.0005 seconds. Added 1 classes and 2 folders.
[2021.01.29-05.10.44:628][  0]LogSlate: Took 0.000276 seconds to synchronously load lazily loaded font '../../../Engine/Content/Slate/Fonts/Roboto-Regular.ttf' (155K)
[2021.01.29-05.10.44:633][  0]LogSlate: Took 0.000461 seconds to synchronously load lazily loaded font '../../../Engine/Content/Slate/Fonts/Roboto-Bold.ttf' (160K)
[2021.01.29-05.10.44:640][  0]LogSlate: Took 0.000236 seconds to synchronously load lazily loaded font '../../../Engine/Content/Editor/Slate/Fonts/FontAwesome.ttf' (139K)
[2021.01.29-05.10.44:720][  0]LogRenderer: Reallocating scene render targets to support 872x216 Format 10 NumSamples 1 (Frame:1).
[2021.01.29-05.10.44:860][  0]LogContentBrowser: Native class hierarchy updated for 'HierarchicalLODOutliner' in 0.0005 seconds. Added 0 classes and 0 folders.
[2021.01.29-05.10.44:862][  0]LogLoad: (Engine Initialization) Total time: 14.76 seconds
[2021.01.29-05.10.44:862][  0]LogLoad: (Engine Initialization) Total Blueprint compile time: 0.00 seconds
[2021.01.29-05.10.44:958][  0]LogAssetRegistry: Asset discovery search completed in 8.6426 seconds
[2021.01.29-05.10.44:961][  0]LogCollectionManager: Rebuilt the object cache for 0 collections in 0.000000 seconds (found 0 objects)
[2021.01.29-05.10.44:962][  0]LogCollectionManager: Fixed up redirectors for 0 collections in 0.000225 seconds (updated 0 objects)
[2021.01.29-05.10.44:965][  0]LogContentStreaming: Texture pool size now 1000 MB
[2021.01.29-05.10.45:018][  0]LogSlate: Took 0.000201 seconds to synchronously load lazily loaded font '../../../Engine/Content/Slate/Fonts/Roboto-Light.ttf' (167K)
[2021.01.29-05.10.45:893][ 96]LogSlate: Took 0.000250 seconds to synchronously load lazily loaded font '../../../Engine/Content/Slate/Fonts/Roboto-Light.ttf' (167K)
[2021.01.29-05.10.46:949][222]LogRenderer: Reallocating scene render targets to support 872x256 Format 10 NumSamples 1 (Frame:4).
[2021.01.29-05.10.50:221][605]LogSlate: FSceneViewport::OnFocusLost() reason 0
[2021.01.29-05.11.38:664][399]LogTemp: Repeating last play command: Selected Viewport
[2021.01.29-05.11.38:683][399]LogBlueprintUserMessages: Early PlayInEditor Detection: Level '/Game/Maps/P_TestMap.P_TestMap:PersistentLevel' has LevelScriptBlueprint '/Game/Maps/P_TestMap.P_TestMap:PersistentLevel.P_TestMap' with GeneratedClass '/Game/Maps/P_TestMap.P_TestMap_C' with ClassGeneratedBy '/Game/Maps/P_TestMap.P_TestMap:PersistentLevel.P_TestMap'
[2021.01.29-05.11.38:684][399]LogPlayLevel: PlayLevel: No blueprints needed recompiling
[2021.01.29-05.11.41:151][399]LogSlate: Window 'Message' being destroyed
[2021.01.29-05.11.43:771][709]LogUObjectHash: Compacting FUObjectHashTables data took   0.77ms
[2021.01.29-05.11.43:882][709]LogSlate: Window 'COOPGame - Unreal Editor' being destroyed
[2021.01.29-05.11.43:883][709]LogWindowsTextInputMethodSystem: Display: IME system now deactivated.
[2021.01.29-05.11.44:119][710]Cmd: QUIT_EDITOR
[2021.01.29-05.11.44:168][710]LogExit: Preparing to exit.
[2021.01.29-05.11.44:357][710]LogExit: Editor shut down
[2021.01.29-05.11.44:357][710]LogExit: Transaction tracking system shut down
[2021.01.29-05.11.44:614][710]LogExit: Object subsystem successfully closed.
[2021.01.29-05.11.44:660][710]LogShaderCompilers: Display: Shaders left to compile 0
[2021.01.29-05.11.44:666][710]LogD3D11RHI: Shutdown
[2021.01.29-05.11.44:666][710]LogD3D11RHI: CleanupD3DDevice
[2021.01.29-05.11.44:666][710]LogRendererCore: FGlobalReadBuffer::ReleaseRHI
[2021.01.29-05.11.44:666][710]LogRendererCore: FGlobalDynamicReadBuffer::Cleanup()
[2021.01.29-05.11.44:667][710]LogRendererCore: FGlobalReadBuffer::ReleaseRHI
[2021.01.29-05.11.44:667][710]LogRendererCore: FGlobalDynamicReadBuffer::Cleanup()
[2021.01.29-05.11.44:667][710]LogRendererCore: FGlobalReadBuffer::ReleaseRHI
[2021.01.29-05.11.44:667][710]LogRendererCore: FGlobalDynamicReadBuffer::Cleanup()
[2021.01.29-05.11.44:757][710]LogD3D11RHI: ~FD3D11DynamicRHI
[2021.01.29-05.11.44:815][710]LogModuleManager: Shutting down and abandoning module HierarchicalLODOutliner (646)
[2021.01.29-05.11.44:815][710]LogModuleManager: Shutting down and abandoning module SceneOutliner (644)
[2021.01.29-05.11.44:815][710]LogModuleManager: Shutting down and abandoning module AddContentDialog (642)
[2021.01.29-05.11.44:815][710]LogModuleManager: Shutting down and abandoning module WidgetCarousel (641)
[2021.01.29-05.11.44:816][710]LogModuleManager: Shutting down and abandoning module EditorWidgets (638)
[2021.01.29-05.11.44:816][710]LogModuleManager: Shutting down and abandoning module CollectionManager (636)
[2021.01.29-05.11.44:816][710]LogModuleManager: Shutting down and abandoning module ExternalImagePicker (634)
[2021.01.29-05.11.44:816][710]LogModuleManager: Shutting down and abandoning module StatsViewer (632)
[2021.01.29-05.11.44:816][710]LogModuleManager: Shutting down and abandoning module FoliageEdit (630)
[2021.01.29-05.11.44:816][710]LogModuleManager: Shutting down and abandoning module LandscapeEditor (628)
[2021.01.29-05.11.44:821][710]LogModuleManager: Shutting down and abandoning module MeshPaintMode (626)
[2021.01.29-05.11.44:821][710]LogModuleManager: Shutting down and abandoning module SceneDepthPickerMode (624)
[2021.01.29-05.11.44:821][710]LogModuleManager: Shutting down and abandoning module ActorPickerMode (622)
[2021.01.29-05.11.44:821][710]LogModuleManager: Shutting down and abandoning module GeometryMode (620)
[2021.01.29-05.11.44:821][710]LogModuleManager: Shutting down and abandoning module TextureAlignMode (618)
[2021.01.29-05.11.44:821][710]LogModuleManager: Shutting down and abandoning module BspMode (616)
[2021.01.29-05.11.44:822][710]LogModuleManager: Shutting down and abandoning module PIEPreviewDeviceProfileSelector (614)
[2021.01.29-05.11.44:822][710]LogModuleManager: Shutting down and abandoning module SequenceRecorderSections (612)
[2021.01.29-05.11.44:822][710]LogModuleManager: Shutting down and abandoning module AutomationWorker (610)
[2021.01.29-05.11.44:822][710]LogModuleManager: Shutting down and abandoning module OculusMR (608)
[2021.01.29-05.11.44:822][710]LogModuleManager: Shutting down and abandoning module AudioCaptureEditor (606)
[2021.01.29-05.11.44:822][710]LogModuleManager: Shutting down and abandoning module MatineeToLevelSequence (604)
[2021.01.29-05.11.44:822][710]LogModuleManager: Shutting down and abandoning module LevelSequenceEditor (602)
[2021.01.29-05.11.44:823][710]LogModuleManager: Shutting down and abandoning module PlacementMode (601)
[2021.01.29-05.11.44:823][710]LogModuleManager: Shutting down and abandoning module MaterialEditor (600)
[2021.01.29-05.11.44:825][710]LogModuleManager: Shutting down and abandoning module ActorSequenceEditor (596)
[2021.01.29-05.11.44:825][710]LogModuleManager: Shutting down and abandoning module WmfMediaFactory (594)
[2021.01.29-05.11.44:825][710]LogModuleManager: Shutting down and abandoning module WmfMediaEditor (592)
[2021.01.29-05.11.44:825][710]LogModuleManager: Shutting down and abandoning module WebMMediaFactory (590)
[2021.01.29-05.11.44:825][710]LogModuleManager: Shutting down and abandoning module WebMMediaEditor (588)
[2021.01.29-05.11.44:825][710]LogModuleManager: Shutting down and abandoning module WebMMedia (586)
[2021.01.29-05.11.44:825][710]LogModuleManager: Shutting down and abandoning module MediaPlayerEditor (584)
[2021.01.29-05.11.44:825][710]LogModuleManager: Shutting down and abandoning module MediaCompositingEditor (582)
[2021.01.29-05.11.44:826][710]LogModuleManager: Shutting down and abandoning module SequenceRecorder (581)
[2021.01.29-05.11.44:826][710]LogModuleManager: Shutting down and abandoning module OpenExrWrapper (578)
[2021.01.29-05.11.44:826][710]LogModuleManager: Shutting down and abandoning module ImgMediaFactory (576)
[2021.01.29-05.11.44:826][710]LogModuleManager: Shutting down and abandoning module ImgMediaEditor (574)
[2021.01.29-05.11.44:827][710]LogModuleManager: Shutting down and abandoning module AvfMediaFactory (572)
[2021.01.29-05.11.44:827][710]LogModuleManager: Shutting down and abandoning module AvfMediaEditor (570)
[2021.01.29-05.11.44:827][710]LogModuleManager: Shutting down and abandoning module AndroidMediaFactory (568)
[2021.01.29-05.11.44:827][710]LogModuleManager: Shutting down and abandoning module AndroidMediaEditor (566)
[2021.01.29-05.11.44:827][710]LogModuleManager: Shutting down and abandoning module MagicLeapCameraPreviewFactory (564)
[2021.01.29-05.11.44:827][710]LogModuleManager: Shutting down and abandoning module MagicLeapMediaCodecFactory (562)
[2021.01.29-05.11.44:827][710]LogModuleManager: Shutting down and abandoning module MagicLeapMediaFactory (560)
[2021.01.29-05.11.44:827][710]LogModuleManager: Shutting down and abandoning module MagicLeapMediaEditor (558)
[2021.01.29-05.11.44:827][710]LogModuleManager: Shutting down and abandoning module CharacterAI (556)
[2021.01.29-05.11.44:827][710]LogModuleManager: Shutting down and abandoning module SmartSnapping (554)
[2021.01.29-05.11.44:827][710]LogModuleManager: Shutting down and abandoning module SessionServices (552)
[2021.01.29-05.11.44:828][710]LogModuleManager: Shutting down and abandoning module MeshPaint (550)
[2021.01.29-05.11.44:828][710]LogModuleManager: Shutting down and abandoning module ViewportSnapping (548)
[2021.01.29-05.11.44:828][710]LogModuleManager: Shutting down and abandoning module ViewportInteraction (546)
[2021.01.29-05.11.44:828][710]LogModuleManager: Shutting down and abandoning module ClothPainter (544)
[2021.01.29-05.11.44:829][710]LogModuleManager: Shutting down and abandoning module SkeletalMeshEditor (543)
[2021.01.29-05.11.44:833][710]LogModuleManager: Shutting down and abandoning module LogVisualizer (540)
[2021.01.29-05.11.44:833][710]LogModuleManager: Shutting down and abandoning module IntroTutorials (538)
[2021.01.29-05.11.44:833][710]LogModuleManager: Shutting down and abandoning module GameProjectGeneration (537)
[2021.01.29-05.11.44:835][710]LogModuleManager: Shutting down and abandoning module LuminPlatformEditor (534)
[2021.01.29-05.11.44:835][710]LogModuleManager: Shutting down and abandoning module IOSPlatformEditor (532)
[2021.01.29-05.11.44:835][710]LogModuleManager: Shutting down and abandoning module HTML5PlatformEditor (530)
[2021.01.29-05.11.44:835][710]LogModuleManager: Shutting down and abandoning module AndroidPlatformEditor (528)
[2021.01.29-05.11.44:835][710]LogModuleManager: Shutting down and abandoning module AndroidDeviceDetection (527)
[2021.01.29-05.11.45:076][710]LogModuleManager: Shutting down and abandoning module WindowsPlatformEditor (524)
[2021.01.29-05.11.45:076][710]LogModuleManager: Shutting down and abandoning module LuminRuntimeSettings (522)
[2021.01.29-05.11.45:077][710]LogModuleManager: Shutting down and abandoning module IOSRuntimeSettings (520)
[2021.01.29-05.11.45:077][710]LogModuleManager: Shutting down and abandoning module AndroidRuntimeSettings (518)
[2021.01.29-05.11.45:077][710]LogModuleManager: Shutting down and abandoning module TimeManagementEditor (516)
[2021.01.29-05.11.45:077][710]LogModuleManager: Shutting down and abandoning module InputBindingEditor (514)
[2021.01.29-05.11.45:078][710]LogModuleManager: Shutting down and abandoning module MergeActors (512)
[2021.01.29-05.11.45:078][710]LogModuleManager: Shutting down and abandoning module LocalizationDashboard (510)
[2021.01.29-05.11.45:078][710]LogModuleManager: Shutting down and abandoning module LocalizationService (509)
[2021.01.29-05.11.45:078][710]LogModuleManager: Shutting down and abandoning module HardwareTargeting (506)
[2021.01.29-05.11.45:079][710]LogModuleManager: Shutting down and abandoning module DeviceProfileEditor (504)
[2021.01.29-05.11.45:079][710]LogModuleManager: Shutting down and abandoning module UndoHistory (502)
[2021.01.29-05.11.45:079][710]LogModuleManager: Shutting down and abandoning module XmlParser (500)
[2021.01.29-05.11.45:080][710]LogModuleManager: Shutting down and abandoning module Blutility (498)
[2021.01.29-05.11.45:080][710]LogModuleManager: Shutting down and abandoning module ProjectSettingsViewer (496)
[2021.01.29-05.11.45:081][710]LogModuleManager: Shutting down and abandoning module ProjectTargetPlatformEditor (495)
[2021.01.29-05.11.45:081][710]LogModuleManager: Shutting down and abandoning module EditorSettingsViewer (492)
[2021.01.29-05.11.45:081][710]LogModuleManager: Shutting down and abandoning module SettingsEditor (490)
[2021.01.29-05.11.45:081][710]LogModuleManager: Shutting down and abandoning module ProjectLauncher (488)
[2021.01.29-05.11.45:082][710]LogModuleManager: Shutting down and abandoning module SessionFrontend (486)
[2021.01.29-05.11.45:082][710]LogModuleManager: Shutting down and abandoning module ProfilerClient (484)
[2021.01.29-05.11.45:083][710]LogModuleManager: Shutting down and abandoning module DeviceManager (482)
[2021.01.29-05.11.45:083][710]LogModuleManager: Shutting down and abandoning module TargetDeviceServices (481)
[2021.01.29-05.11.45:139][710]LogModuleManager: Shutting down and abandoning module AutomationController (478)
[2021.01.29-05.11.45:139][710]LogModuleManager: Shutting down and abandoning module AutomationWindow (476)
[2021.01.29-05.11.45:141][710]LogModuleManager: Shutting down and abandoning module Layers (474)
[2021.01.29-05.11.45:144][710]LogModuleManager: Shutting down and abandoning module ComponentVisualizers (472)
[2021.01.29-05.11.45:144][710]LogModuleManager: Shutting down and abandoning module DetailCustomizations (470)
[2021.01.29-05.11.45:144][710]LogModuleManager: Shutting down and abandoning module PackagesDialog (468)
[2021.01.29-05.11.45:146][710]LogModuleManager: Shutting down and abandoning module AnimationBlueprintEditor (466)
[2021.01.29-05.11.45:148][710]LogModuleManager: Shutting down and abandoning module Persona (464)
[2021.01.29-05.11.45:150][710]LogModuleManager: Shutting down and abandoning module AdvancedPreviewScene (463)
[2021.01.29-05.11.45:150][710]LogModuleManager: Shutting down and abandoning module AnimGraph (461)
[2021.01.29-05.11.45:150][710]LogModuleManager: Shutting down and abandoning module Kismet (458)
[2021.01.29-05.11.45:150][710]LogModuleManager: Shutting down and abandoning module GraphEditor (456)
[2021.01.29-05.11.45:151][710]LogModuleManager: Shutting down and abandoning module ClassViewer (454)
[2021.01.29-05.11.45:151][710]LogModuleManager: Shutting down and abandoning module Toolbox (452)
[2021.01.29-05.11.45:151][710]LogModuleManager: Shutting down and abandoning module DesktopPlatform (451)
[2021.01.29-05.11.45:151][710]LogModuleManager: Shutting down and abandoning module ModuleUI (448)
[2021.01.29-05.11.45:152][710]LogModuleManager: Shutting down and abandoning module MovieSceneTools (446)
[2021.01.29-05.11.45:153][710]LogModuleManager: Shutting down and abandoning module OutputLog (444)
[2021.01.29-05.11.45:153][710]LogModuleManager: Shutting down and abandoning module GammaUI (442)
[2021.01.29-05.11.45:153][710]LogModuleManager: Shutting down and abandoning module Documentation (440)
[2021.01.29-05.11.45:153][710]LogModuleManager: Shutting down and abandoning module LiveCoding (438)
[2021.01.29-05.11.45:153][710]LogModuleManager: Shutting down and abandoning module LevelSequence (436)
[2021.01.29-05.11.45:153][710]LogModuleManager: Shutting down and abandoning module MovieSceneTracks (434)
[2021.01.29-05.11.45:153][710]LogModuleManager: Shutting down and abandoning module MovieScene (432)
[2021.01.29-05.11.45:153][710]LogModuleManager: Shutting down and abandoning module StreamingPauseRendering (430)
[2021.01.29-05.11.45:154][710]LogModuleManager: Shutting down and abandoning module LauncherPlatform (428)
[2021.01.29-05.11.45:154][710]LogModuleManager: Shutting down and abandoning module AnalyticsET (426)
[2021.01.29-05.11.45:154][710]LogModuleManager: Shutting down and abandoning module PortalServices (424)
[2021.01.29-05.11.45:154][710]LogModuleManager: Shutting down and abandoning module PortalRpc (422)
[2021.01.29-05.11.45:154][710]LogModuleManager: Shutting down and abandoning module MessagingRpc (420)
[2021.01.29-05.11.45:154][710]LogModuleManager: Shutting down and abandoning module AIModule (418)
[2021.01.29-05.11.45:154][710]LogModuleManager: Shutting down and abandoning module GameplayDebugger (417)
[2021.01.29-05.11.45:154][710]LogModuleManager: Shutting down and abandoning module AITestSuite (415)
[2021.01.29-05.11.45:154][710]LogModuleManager: Shutting down and abandoning module NavigationSystem (413)
[2021.01.29-05.11.45:154][710]LogModuleManager: Shutting down and abandoning module ImageWriteQueue (410)
[2021.01.29-05.11.45:171][710]LogModuleManager: Shutting down and abandoning module ProfilerService (408)
[2021.01.29-05.11.45:232][710]LogModuleManager: Shutting down and abandoning module TaskGraph (406)
[2021.01.29-05.11.45:232][710]LogModuleManager: Shutting down and abandoning module SteamVRController (404)
[2021.01.29-05.11.45:233][710]LogModuleManager: Shutting down and abandoning module ProceduralMeshComponentEditor (402)
[2021.01.29-05.11.45:233][710]LogModuleManager: Shutting down and abandoning module ProceduralMeshComponent (400)
[2021.01.29-05.11.45:233][710]LogModuleManager: Shutting down and abandoning module OculusEditor (398)
[2021.01.29-05.11.45:233][710]LogModuleManager: Shutting down and abandoning module OculusInput (396)
[2021.01.29-05.11.45:233][710]LogModuleManager: Shutting down and abandoning module MobilePatchingUtils (394)
[2021.01.29-05.11.45:233][710]LogModuleManager: Shutting down and abandoning module EditableMesh (392)
[2021.01.29-05.11.45:233][710]LogModuleManager: Shutting down and abandoning module CustomMeshComponent (390)
[2021.01.29-05.11.45:233][710]LogModuleManager: Shutting down and abandoning module CableComponent (388)
[2021.01.29-05.11.45:233][710]LogModuleManager: Shutting down and abandoning module AudioCapture (386)
[2021.01.29-05.11.45:233][710]LogModuleManager: Shutting down and abandoning module ArchVisCharacter (384)
[2021.01.29-05.11.45:233][710]LogModuleManager: Shutting down and abandoning module AndroidPermission (382)
[2021.01.29-05.11.45:233][710]LogModuleManager: Shutting down and abandoning module NUTUnrealEngine4 (380)
[2021.01.29-05.11.45:234][710]LogModuleManager: Shutting down and abandoning module NetcodeUnitTest (378)
[2021.01.29-05.11.45:234][710]LogModuleManager: Shutting down and abandoning module MediaCompositing (376)
[2021.01.29-05.11.45:234][710]LogModuleManager: Shutting down and abandoning module LinearTimecode (374)
[2021.01.29-05.11.45:234][710]LogModuleManager: Shutting down and abandoning module ImgMedia (372)
[2021.01.29-05.11.45:234][710]LogModuleManager: Shutting down and abandoning module MagicLeapHelperVulkan (370)
[2021.01.29-05.11.45:234][710]LogModuleManager: Shutting down and abandoning module MagicLeapHelperOpenGL (368)
[2021.01.29-05.11.45:234][710]LogModuleManager: Shutting down and abandoning module MagicLeapAudio (366)
[2021.01.29-05.11.45:234][710]LogModuleManager: Shutting down and abandoning module HTML5Networking (364)
[2021.01.29-05.11.45:234][710]LogModuleManager: Shutting down and abandoning module GeometryCacheTracks (362)
[2021.01.29-05.11.45:234][710]LogModuleManager: Shutting down and abandoning module GeometryCacheSequencer (360)
[2021.01.29-05.11.45:234][710]LogModuleManager: Shutting down and abandoning module BackChannel (358)
[2021.01.29-05.11.45:234][710]LogModuleManager: Shutting down and abandoning module AppleVision (356)
[2021.01.29-05.11.45:235][710]LogModuleManager: Shutting down and abandoning module AppleImageUtilsBlueprintSupport (354)
[2021.01.29-05.11.45:235][710]LogModuleManager: Shutting down and abandoning module AppleImageUtils (352)
[2021.01.29-05.11.45:235][710]LogModuleManager: Shutting down and abandoning module AlembicImporter (350)
[2021.01.29-05.11.45:235][710]LogModuleManager: Shutting down and abandoning module AlembicLibrary (349)
[2021.01.29-05.11.45:235][710]LogModuleManager: Shutting down and abandoning module GeometryCache (348)
[2021.01.29-05.11.45:235][710]LogModuleManager: Shutting down and abandoning module GeometryCacheEd (347)
[2021.01.29-05.11.45:235][710]LogModuleManager: Shutting down and abandoning module VariantManagerContent (342)
[2021.01.29-05.11.45:235][710]LogModuleManager: Shutting down and abandoning module DatasmithContentEditor (340)
[2021.01.29-05.11.45:235][710]LogModuleManager: Shutting down and abandoning module SpeedTreeImporter (338)
[2021.01.29-05.11.45:235][710]LogModuleManager: Shutting down and abandoning module PluginBrowser (336)
[2021.01.29-05.11.45:235][710]LogModuleManager: Shutting down and abandoning module MobileLauncherProfileWizard (334)
[2021.01.29-05.11.45:236][710]LogModuleManager: Shutting down and abandoning module MaterialAnalyzer (332)
[2021.01.29-05.11.45:236][710]LogModuleManager: Shutting down and abandoning module CryptoKeysOpenSSL (330)
[2021.01.29-05.11.45:236][710]LogModuleManager: Shutting down and abandoning module CryptoKeys (328)
[2021.01.29-05.11.45:236][710]LogModuleManager: Shutting down and abandoning module VisualStudioSourceCodeAccess (326)
[2021.01.29-05.11.45:237][710]LogModuleManager: Shutting down and abandoning module VisualStudioCodeSourceCodeAccess (324)
[2021.01.29-05.11.45:237][710]LogModuleManager: Shutting down and abandoning module UObjectPlugin (322)
[2021.01.29-05.11.45:237][710]LogModuleManager: Shutting down and abandoning module SubversionSourceControl (320)
[2021.01.29-05.11.45:237][710]LogModuleManager: Shutting down and abandoning module PerforceSourceControl (318)
