Log file open, 10/13/21 16:40:58
LogWindows: Failed to load 'aqProf.dll' (GetLastError=126)
LogWindows: File 'aqProf.dll' does not exist
LogWindows: Failed to load 'VtuneApi.dll' (GetLastError=126)
LogWindows: File 'VtuneApi.dll' does not exist
LogWindows: Failed to load 'VtuneApi32e.dll' (GetLastError=126)
LogWindows: File 'VtuneApi32e.dll' does not exist
LogConsoleResponse: Display: Failed to find resolution value strings in scalability ini. Falling back to default.
LogInit: Display: Running engine for game: COOPGame
LogPakFile: Registered encryption key '00000000000000000000000000000000': 0 pak files mounted, 0 remain pending
LogPlatformFile: Not using cached read wrapper
LogTaskGraph: Started task graph with 5 named threads and 23 total threads with 3 sets of task threads.
LogStats: Stats thread started at 0.385344
LogD3D11RHI: Loaded GFSDK_Aftermath_Lib.x64.dll
LogICUInternationalization: ICU TimeZone Detection - Raw Offset: +5:30, Platform Override: ''
LogPluginManager: Mounting plugin Paper2D
LogPluginManager: Mounting plugin AISupport
LogPluginManager: Mounting plugin LightPropagationVolume
LogPluginManager: Mounting plugin ActorLayerUtilities
LogPluginManager: Mounting plugin AnimationSharing
LogPluginManager: Mounting plugin CLionSourceCodeAccess
LogPluginManager: Mounting plugin CodeLiteSourceCodeAccess
LogPluginManager: Mounting plugin GitSourceControl
LogPluginManager: Mounting plugin KDevelopSourceCodeAccess
LogPluginManager: Mounting plugin NullSourceCodeAccess
LogPluginManager: Mounting plugin PerforceSourceControl
LogPluginManager: Mounting plugin SubversionSourceControl
LogPluginManager: Mounting plugin UObjectPlugin
LogPluginManager: Mounting plugin VisualStudioCodeSourceCodeAccess
LogPluginManager: Mounting plugin VisualStudioSourceCodeAccess
LogPluginManager: Mounting plugin XCodeSourceCodeAccess
LogPluginManager: Mounting plugin AssetManagerEditor
LogPluginManager: Mounting plugin CryptoKeys
LogPluginManager: Mounting plugin DataValidation
LogPluginManager: Mounting plugin FacialAnimation
LogPluginManager: Mounting plugin GameplayTagsEditor
LogPluginManager: Mounting plugin MacGraphicsSwitching
LogPluginManager: Mounting plugin MaterialAnalyzer
LogPluginManager: Mounting plugin MobileLauncherProfileWizard
LogPluginManager: Mounting plugin PluginBrowser
LogPluginManager: Mounting plugin SpeedTreeImporter
LogPluginManager: Mounting plugin DatasmithContent
LogPluginManager: Mounting plugin VariantManagerContent
LogPluginManager: Mounting plugin AlembicImporter
LogPluginManager: Mounting plugin AppleImageUtils
LogPluginManager: Mounting plugin AppleVision
LogPluginManager: Mounting plugin BackChannel
LogPluginManager: Mounting plugin CharacterAI
LogPluginManager: Mounting plugin GeometryCache
LogPluginManager: Mounting plugin HTML5Networking
LogPluginManager: Mounting plugin ProxyLODPlugin
LogPluginManager: Mounting plugin SkeletalReduction
LogPluginManager: Mounting plugin MagicLeap
LogPluginManager: Mounting plugin MagicLeapMedia
LogPluginManager: Mounting plugin AndroidMedia
LogPluginManager: Mounting plugin AvfMedia
LogPluginManager: Mounting plugin ImgMedia
LogPluginManager: Mounting plugin LinearTimecode
LogPluginManager: Mounting plugin MediaCompositing
LogPluginManager: Mounting plugin MediaPlayerEditor
LogPluginManager: Mounting plugin WebMMedia
LogPluginManager: Mounting plugin WmfMedia
LogPluginManager: Mounting plugin TcpMessaging
LogPluginManager: Mounting plugin UdpMessaging
LogPluginManager: Mounting plugin ActorSequence
LogPluginManager: Mounting plugin LevelSequenceEditor
LogPluginManager: Mounting plugin MatineeToLevelSequence
LogPluginManager: Mounting plugin NetcodeUnitTest
LogPluginManager: Mounting plugin NUTUnrealEngine4
LogPluginManager: Mounting plugin OnlineSubsystemGooglePlay
LogPluginManager: Mounting plugin OnlineSubsystemIOS
LogPluginManager: Mounting plugin OnlineSubsystem
LogPluginManager: Mounting plugin OnlineSubsystemNull
LogPluginManager: Mounting plugin OnlineSubsystemUtils
LogPluginManager: Mounting plugin LauncherChunkInstaller
LogPluginManager: Mounting plugin AndroidDeviceProfileSelector
LogPluginManager: Mounting plugin AndroidMoviePlayer
LogPluginManager: Mounting plugin AndroidPermission
LogPluginManager: Mounting plugin AppleMoviePlayer
LogPluginManager: Mounting plugin ArchVisCharacter
LogPluginManager: Mounting plugin AudioCapture
LogPluginManager: Mounting plugin CableComponent
LogPluginManager: Mounting plugin CustomMeshComponent
LogPluginManager: Mounting plugin EditableMesh
LogPluginManager: Mounting plugin ExampleDeviceProfileSelector
LogPluginManager: Mounting plugin Firebase
LogPluginManager: Mounting plugin GoogleCloudMessaging
LogPluginManager: Mounting plugin IOSDeviceProfileSelector
LogPluginManager: Mounting plugin LinuxDeviceProfileSelector
LogPluginManager: Mounting plugin LocationServicesBPLibrary
LogPluginManager: Mounting plugin MobilePatchingUtils
LogPluginManager: Mounting plugin OculusVR
LogPluginManager: Mounting plugin PhysXVehicles
LogPluginManager: Mounting plugin ProceduralMeshComponent
LogPluginManager: Mounting plugin RuntimePhysXCooking
LogPluginManager: Mounting plugin SignificanceManager
LogPluginManager: Mounting plugin SteamVR
LogPluginManager: Mounting plugin WebMMoviePlayer
LogPluginManager: Mounting plugin WindowsMoviePlayer
LogInit: Using libcurl 7.55.1-DEV
LogInit:  - built for x86_64-pc-win32
LogInit:  - supports SSL with OpenSSL/1.1.1
LogInit:  - supports HTTP deflate (compression) using libz 1.2.8
LogInit:  - other features:
LogInit:      CURL_VERSION_SSL
LogInit:      CURL_VERSION_LIBZ
LogInit:      CURL_VERSION_IPV6
LogInit:      CURL_VERSION_ASYNCHDNS
LogInit:      CURL_VERSION_LARGEFILE
LogInit:      CURL_VERSION_IDN
LogInit:  CurlRequestOptions (configurable via config and command line):
LogInit:  - bVerifyPeer = true  - Libcurl will verify peer certificate
LogInit:  - bUseHttpProxy = false  - Libcurl will NOT use HTTP proxy
LogInit:  - bDontReuseConnections = false  - Libcurl will reuse connections
LogInit:  - MaxHostConnections = 16  - Libcurl will limit the number of connections to a host
LogInit:  - LocalHostAddr = Default
LogInit:  - BufferSize = 65536
LogInit: WinSock: version 1.1 (2.2), MaxSocks=32767, MaxUdp=65467
LogInit: Build: ++UE4+Release-4.22-CL-7053642
LogInit: Engine Version: 4.22.3-7053642+++UE4+Release-4.22
LogInit: Compatible Engine Version: 4.22.0-5660361+++UE4+Release-4.22
LogInit: Net CL: 5660361
LogInit: OS: Windows 10 (Release 2009) (), CPU: AMD Ryzen 5 2400G with Radeon Vega Graphics    , GPU: NVIDIA GeForce GTX 1050 Ti
LogInit: Compiled (64-bit): Jun 18 2019 03:09:11
LogInit: Compiled with Visual C++: 19.16.27025.01
LogInit: Build Configuration: Development
LogInit: Branch Name: ++UE4+Release-4.22
LogInit: Command Line: 
LogInit: Base Directory: C:/Program Files/Epic Games/UE_4.22/Engine/Binaries/Win64/
LogInit: Installed Engine Build: 1
LogDevObjectVersion: Number of dev versions registered: 23
LogDevObjectVersion:   Dev-Blueprints (B0D832E4-1F89-4F0D-ACCF-7EB736FD4AA2): 10
LogDevObjectVersion:   Dev-Build (E1C64328-A22C-4D53-A36C-8E866417BD8C): 0
LogDevObjectVersion:   Dev-Core (375EC13C-06E4-48FB-B500-84F0262A717E): 3
LogDevObjectVersion:   Dev-Editor (E4B068ED-F494-42E9-A231-DA0B2E46BB41): 30
LogDevObjectVersion:   Dev-Framework (CFFC743F-43B0-4480-9391-14DF171D2073): 35
LogDevObjectVersion:   Dev-Mobile (B02B49B5-BB20-44E9-A304-32B752E40360): 2
LogDevObjectVersion:   Dev-Networking (A4E4105C-59A1-49B5-A7C5-40C4547EDFEE): 0
LogDevObjectVersion:   Dev-Online (39C831C9-5AE6-47DC-9A44-9C173E1C8E7C): 0
LogDevObjectVersion:   Dev-Physics (78F01B33-EBEA-4F98-B9B4-84EACCB95AA2): 0
LogDevObjectVersion:   Dev-Platform (6631380F-2D4D-43E0-8009-CF276956A95A): 0
LogDevObjectVersion:   Dev-Rendering (12F88B9F-8875-4AFC-A67C-D90C383ABD29): 28
LogDevObjectVersion:   Dev-Sequencer (7B5AE74C-D270-4C10-A958-57980B212A5A): 11
LogDevObjectVersion:   Dev-VR (D7296918-1DD6-4BDD-9DE2-64A83CC13884): 2
LogDevObjectVersion:   Dev-LoadTimes (C2A15278-BFE7-4AFE-6C17-90FF531DF755): 1
LogDevObjectVersion:   Private-Geometry (6EACA3D4-40EC-4CC1-B786-8BED09428FC5): 3
LogDevObjectVersion:   Dev-AnimPhys (29E575DD-E0A3-4627-9D10-D276232CDCEA): 17
LogDevObjectVersion:   Dev-Anim (AF43A65D-7FD3-4947-9873-3E8ED9C1BB05): 2
LogDevObjectVersion:   Dev-ReflectionCapture (6B266CEC-1EC7-4B8F-A30B-E4D90942FC07): 1
LogDevObjectVersion:   Dev-Automation (0DF73D61-A23F-47EA-B727-89E90C41499A): 1
LogDevObjectVersion:   FortniteMain (601D1886-AC64-4F84-AA16-D3DE0DEAC7D6): 25
LogDevObjectVersion:   Dev-Enterprise (9DFFBCD6-494F-0158-E221-12823C92A888): 6
LogDevObjectVersion:   Dev-Niagara (F2AED0AC-9AFE-416F-8664-AA7FFA26D6FC): 1
LogDevObjectVersion:   Dev-Destruction (174F1F0B-B4C6-45A5-B13F-2EE8D0FB917D): 2
LogInit: Presizing for max 16777216 objects, including 0 objects not considered by GC, pre-allocating 0 bytes for permanent pool.
LogInit: Object subsystem initialized
LogConfig: Setting CVar [[con.DebugEarlyDefault:1]]
LogConfig: Setting CVar [[r.setres:1280x720]]
[2021.10.13-11.10.58:490][  0]LogConfig: Setting CVar [[r.VSync:0]]
[2021.10.13-11.10.58:490][  0]LogConfig: Setting CVar [[r.RHICmdBypass:0]]
[2021.10.13-11.10.58:490][  0]LogConfig: Applying CVar settings from Section [/Script/Engine.RendererSettings] File [C:/Users/ADMIN/Documents/GitHub/theshwetapatil/COOP-Game-UE4/COOPGame/Saved/Config/Windows/Engine.ini]
[2021.10.13-11.10.58:490][  0]LogConfig: Setting CVar [[r.GPUCrashDebugging:0]]
[2021.10.13-11.10.58:490][  0]LogConfig: Setting CVar [[r.DefaultFeature.AutoExposure.ExtendDefaultLuminanceRange:1]]
[2021.10.13-11.10.58:490][  0]LogConfig: Applying CVar settings from Section [/Script/Engine.RendererOverrideSettings] File [C:/Users/ADMIN/Documents/GitHub/theshwetapatil/COOP-Game-UE4/COOPGame/Saved/Config/Windows/Engine.ini]
[2021.10.13-11.10.58:490][  0]LogConfig: Applying CVar settings from Section [/Script/Engine.StreamingSettings] File [C:/Users/ADMIN/Documents/GitHub/theshwetapatil/COOP-Game-UE4/COOPGame/Saved/Config/Windows/Engine.ini]
[2021.10.13-11.10.58:490][  0]LogConfig: Setting CVar [[s.MinBulkDataSizeForAsyncLoading:131072]]
[2021.10.13-11.10.58:490][  0]LogConfig: Setting CVar [[s.AsyncLoadingThreadEnabled:0]]
[2021.10.13-11.10.58:490][  0]LogConfig: Setting CVar [[s.EventDrivenLoaderEnabled:1]]
[2021.10.13-11.10.58:490][  0]LogConfig: Setting CVar [[s.WarnIfTimeLimitExceeded:0]]
[2021.10.13-11.10.58:490][  0]LogConfig: Setting CVar [[s.TimeLimitExceededMultiplier:1.5]]
[2021.10.13-11.10.58:490][  0]LogConfig: Setting CVar [[s.TimeLimitExceededMinTime:0.005]]
[2021.10.13-11.10.58:490][  0]LogConfig: Setting CVar [[s.UseBackgroundLevelStreaming:1]]
[2021.10.13-11.10.58:490][  0]LogConfig: Setting CVar [[s.PriorityAsyncLoadingExtraTime:15.0]]
[2021.10.13-11.10.58:490][  0]LogConfig: Setting CVar [[s.LevelStreamingActorsUpdateTimeLimit:5.0]]
[2021.10.13-11.10.58:490][  0]LogConfig: Setting CVar [[s.PriorityLevelStreamingActorsUpdateExtraTime:5.0]]
[2021.10.13-11.10.58:490][  0]LogConfig: Setting CVar [[s.LevelStreamingComponentsRegistrationGranularity:10]]
[2021.10.13-11.10.58:490][  0]LogConfig: Setting CVar [[s.UnregisterComponentsTimeLimit:1.0]]
[2021.10.13-11.10.58:490][  0]LogConfig: Setting CVar [[s.LevelStreamingComponentsUnregistrationGranularity:5]]
[2021.10.13-11.10.58:490][  0]LogConfig: Applying CVar settings from Section [/Script/Engine.GarbageCollectionSettings] File [C:/Users/ADMIN/Documents/GitHub/theshwetapatil/COOP-Game-UE4/COOPGame/Saved/Config/Windows/Engine.ini]
[2021.10.13-11.10.58:490][  0]LogConfig: Setting CVar [[gc.MaxObjectsNotConsideredByGC:1]]
[2021.10.13-11.10.58:490][  0]LogConfig: Setting CVar [[gc.SizeOfPermanentObjectPool:0]]
[2021.10.13-11.10.58:490][  0]LogConfig: Setting CVar [[gc.FlushStreamingOnGC:0]]
[2021.10.13-11.10.58:490][  0]LogConfig: Setting CVar [[gc.NumRetriesBeforeForcingGC:10]]
[2021.10.13-11.10.58:490][  0]LogConfig: Setting CVar [[gc.AllowParallelGC:1]]
[2021.10.13-11.10.58:490][  0]LogConfig: Setting CVar [[gc.TimeBetweenPurgingPendingKillObjects:61.1]]
[2021.10.13-11.10.58:490][  0]LogConfig: Setting CVar [[gc.MaxObjectsInEditor:16777216]]
[2021.10.13-11.10.58:490][  0]LogConfig: Setting CVar [[gc.IncrementalBeginDestroyEnabled:1]]
[2021.10.13-11.10.58:490][  0]LogConfig: Setting CVar [[gc.CreateGCClusters:1]]
[2021.10.13-11.10.58:490][  0]LogConfig: Setting CVar [[gc.MinGCClusterSize:5]]
[2021.10.13-11.10.58:490][  0]LogConfig: Setting CVar [[gc.ActorClusteringEnabled:0]]
[2021.10.13-11.10.58:490][  0]LogConfig: Setting CVar [[gc.BlueprintClusteringEnabled:0]]
[2021.10.13-11.10.58:490][  0]LogConfig: Setting CVar [[gc.UseDisregardForGCOnDedicatedServers:0]]
[2021.10.13-11.10.58:490][  0]LogConfig: Applying CVar settings from Section [/Script/Engine.NetworkSettings] File [C:/Users/ADMIN/Documents/GitHub/theshwetapatil/COOP-Game-UE4/COOPGame/Saved/Config/Windows/Engine.ini]
[2021.10.13-11.10.58:491][  0]LogConfig: Applying CVar settings from Section [/Script/UnrealEd.CookerSettings] File [C:/Users/ADMIN/Documents/GitHub/theshwetapatil/COOP-Game-UE4/COOPGame/Saved/Config/Windows/Engine.ini]
[2021.10.13-11.10.58:495][  0]LogConfig: Applying CVar settings from Section [ViewDistanceQuality@3] File [C:/Users/ADMIN/Documents/GitHub/theshwetapatil/COOP-Game-UE4/COOPGame/Saved/Config/Windows/Scalability.ini]
[2021.10.13-11.10.58:495][  0]LogConfig: Setting CVar [[r.SkeletalMeshLODBias:0]]
[2021.10.13-11.10.58:495][  0]LogConfig: Setting CVar [[r.ViewDistanceScale:1.0]]
[2021.10.13-11.10.58:495][  0]LogConfig: Applying CVar settings from Section [AntiAliasingQuality@3] File [C:/Users/ADMIN/Documents/GitHub/theshwetapatil/COOP-Game-UE4/COOPGame/Saved/Config/Windows/Scalability.ini]
[2021.10.13-11.10.58:495][  0]LogConfig: Setting CVar [[r.PostProcessAAQuality:4]]
[2021.10.13-11.10.58:495][  0]LogConfig: Applying CVar settings from Section [ShadowQuality@3] File [C:/Users/ADMIN/Documents/GitHub/theshwetapatil/COOP-Game-UE4/COOPGame/Saved/Config/Windows/Scalability.ini]
[2021.10.13-11.10.58:495][  0]LogConfig: Setting CVar [[r.LightFunctionQuality:1]]
[2021.10.13-11.10.58:495][  0]LogConfig: Setting CVar [[r.ShadowQuality:5]]
[2021.10.13-11.10.58:495][  0]LogConfig: Setting CVar [[r.Shadow.CSM.MaxCascades:10]]
[2021.10.13-11.10.58:495][  0]LogConfig: Setting CVar [[r.Shadow.MaxResolution:2048]]
[2021.10.13-11.10.58:495][  0]LogConfig: Setting CVar [[r.Shadow.MaxCSMResolution:2048]]
[2021.10.13-11.10.58:495][  0]LogConfig: Setting CVar [[r.Shadow.RadiusThreshold:0.01]]
[2021.10.13-11.10.58:495][  0]LogConfig: Setting CVar [[r.Shadow.DistanceScale:1.0]]
[2021.10.13-11.10.58:495][  0]LogConfig: Setting CVar [[r.Shadow.CSM.TransitionScale:1.0]]
[2021.10.13-11.10.58:495][  0]LogConfig: Setting CVar [[r.Shadow.PreShadowResolutionFactor:1.0]]
[2021.10.13-11.10.58:495][  0]LogConfig: Setting CVar [[r.DistanceFieldShadowing:1]]
[2021.10.13-11.10.58:495][  0]LogConfig: Setting CVar [[r.DistanceFieldAO:1]]
[2021.10.13-11.10.58:495][  0]LogConfig: Setting CVar [[r.AOQuality:2]]
[2021.10.13-11.10.58:495][  0]LogConfig: Setting CVar [[r.VolumetricFog:1]]
[2021.10.13-11.10.58:495][  0]LogConfig: Setting CVar [[r.VolumetricFog.GridPixelSize:8]]
[2021.10.13-11.10.58:495][  0]LogConfig: Setting CVar [[r.VolumetricFog.GridSizeZ:128]]
[2021.10.13-11.10.58:495][  0]LogConfig: Setting CVar [[r.VolumetricFog.HistoryMissSupersampleCount:4]]
[2021.10.13-11.10.58:495][  0]LogConfig: Setting CVar [[r.LightMaxDrawDistanceScale:1]]
[2021.10.13-11.10.58:495][  0]LogConfig: Setting CVar [[r.CapsuleShadows:1]]
[2021.10.13-11.10.58:495][  0]LogConfig: Applying CVar settings from Section [PostProcessQuality@3] File [C:/Users/ADMIN/Documents/GitHub/theshwetapatil/COOP-Game-UE4/COOPGame/Saved/Config/Windows/Scalability.ini]
[2021.10.13-11.10.58:495][  0]LogConfig: Setting CVar [[r.MotionBlurQuality:4]]
[2021.10.13-11.10.58:495][  0]LogConfig: Setting CVar [[r.AmbientOcclusionMipLevelFactor:0.4]]
[2021.10.13-11.10.58:495][  0]LogConfig: Setting CVar [[r.AmbientOcclusionMaxQuality:100]]
[2021.10.13-11.10.58:495][  0]LogConfig: Setting CVar [[r.AmbientOcclusionLevels:-1]]
[2021.10.13-11.10.58:495][  0]LogConfig: Setting CVar [[r.AmbientOcclusionRadiusScale:1.0]]
[2021.10.13-11.10.58:495][  0]LogConfig: Setting CVar [[r.DepthOfFieldQuality:2]]
[2021.10.13-11.10.58:495][  0]LogConfig: Setting CVar [[r.RenderTargetPoolMin:400]]
[2021.10.13-11.10.58:495][  0]LogConfig: Setting CVar [[r.LensFlareQuality:2]]
[2021.10.13-11.10.58:495][  0]LogConfig: Setting CVar [[r.SceneColorFringeQuality:1]]
[2021.10.13-11.10.58:495][  0]LogConfig: Setting CVar [[r.EyeAdaptationQuality:2]]
[2021.10.13-11.10.58:495][  0]LogConfig: Setting CVar [[r.BloomQuality:5]]
[2021.10.13-11.10.58:495][  0]LogConfig: Setting CVar [[r.FastBlurThreshold:100]]
[2021.10.13-11.10.58:495][  0]LogConfig: Setting CVar [[r.Upscale.Quality:3]]
[2021.10.13-11.10.58:495][  0]LogConfig: Setting CVar [[r.Tonemapper.GrainQuantization:1]]
[2021.10.13-11.10.58:495][  0]LogConfig: Setting CVar [[r.LightShaftQuality:1]]
[2021.10.13-11.10.58:495][  0]LogConfig: Setting CVar [[r.Filter.SizeScale:1]]
[2021.10.13-11.10.58:495][  0]LogConfig: Setting CVar [[r.Tonemapper.Quality:5]]
[2021.10.13-11.10.58:495][  0]LogConfig: Setting CVar [[r.DOF.Gather.AccumulatorQuality:1        ; higher gathering accumulator quality]]
[2021.10.13-11.10.58:495][  0]LogConfig: Setting CVar [[r.DOF.Gather.PostfilterMethod:1          ; Median3x3 postfilering method]]
[2021.10.13-11.10.58:495][  0]LogConfig: Setting CVar [[r.DOF.Gather.EnableBokehSettings:0       ; no bokeh simulation when gathering]]
[2021.10.13-11.10.58:495][  0]LogConfig: Setting CVar [[r.DOF.Gather.RingCount:4                 ; medium number of samples when gathering]]
[2021.10.13-11.10.58:495][  0]LogConfig: Setting CVar [[r.DOF.Scatter.ForegroundCompositing:1    ; additive foreground scattering]]
[2021.10.13-11.10.58:495][  0]LogConfig: Setting CVar [[r.DOF.Scatter.BackgroundCompositing:2    ; additive background scattering]]
[2021.10.13-11.10.58:495][  0]LogConfig: Setting CVar [[r.DOF.Scatter.EnableBokehSettings:1      ; bokeh simulation when scattering]]
[2021.10.13-11.10.58:495][  0]LogConfig: Setting CVar [[r.DOF.Scatter.MaxSpriteRatio:0.1         ; only a maximum of 10% of scattered bokeh]]
[2021.10.13-11.10.58:495][  0]LogConfig: Setting CVar [[r.DOF.Recombine.Quality:1                ; cheap slight out of focus]]
[2021.10.13-11.10.58:495][  0]LogConfig: Setting CVar [[r.DOF.Recombine.EnableBokehSettings:0    ; no bokeh simulation on slight out of focus]]
[2021.10.13-11.10.58:495][  0]LogConfig: Setting CVar [[r.DOF.TemporalAAQuality:1                ; more stable temporal accumulation]]
[2021.10.13-11.10.58:495][  0]LogConfig: Setting CVar [[r.DOF.Kernel.MaxForegroundRadius:0.025]]
[2021.10.13-11.10.58:495][  0]LogConfig: Setting CVar [[r.DOF.Kernel.MaxBackgroundRadius:0.025]]
[2021.10.13-11.10.58:495][  0]LogConfig: Applying CVar settings from Section [TextureQuality@3] File [C:/Users/ADMIN/Documents/GitHub/theshwetapatil/COOP-Game-UE4/COOPGame/Saved/Config/Windows/Scalability.ini]
[2021.10.13-11.10.58:495][  0]LogConfig: Setting CVar [[r.Streaming.MipBias:0]]
[2021.10.13-11.10.58:495][  0]LogConfig: Setting CVar [[r.Streaming.AmortizeCPUToGPUCopy:0]]
[2021.10.13-11.10.58:495][  0]LogConfig: Setting CVar [[r.Streaming.MaxNumTexturesToStreamPerFrame:0]]
[2021.10.13-11.10.58:495][  0]LogConfig: Setting CVar [[r.Streaming.Boost:1]]
[2021.10.13-11.10.58:496][  0]LogConfig: Setting CVar [[r.MaxAnisotropy:8]]
[2021.10.13-11.10.58:496][  0]LogConfig: Setting CVar [[r.Streaming.LimitPoolSizeToVRAM:0]]
[2021.10.13-11.10.58:496][  0]LogConfig: Setting CVar [[r.Streaming.PoolSize:1000]]
[2021.10.13-11.10.58:496][  0]LogConfig: Setting CVar [[r.Streaming.MaxEffectiveScreenSize:0]]
[2021.10.13-11.10.58:496][  0]LogConfig: Applying CVar settings from Section [EffectsQuality@3] File [C:/Users/ADMIN/Documents/GitHub/theshwetapatil/COOP-Game-UE4/COOPGame/Saved/Config/Windows/Scalability.ini]
[2021.10.13-11.10.58:496][  0]LogConfig: Setting CVar [[r.TranslucencyLightingVolumeDim:64]]
[2021.10.13-11.10.58:496][  0]LogConfig: Setting CVar [[r.RefractionQuality:2]]
[2021.10.13-11.10.58:496][  0]LogConfig: Setting CVar [[r.SSR.Quality:3]]
[2021.10.13-11.10.58:496][  0]LogConfig: Setting CVar [[r.SceneColorFormat:4]]
[2021.10.13-11.10.58:496][  0]LogConfig: Setting CVar [[r.DetailMode:2]]
[2021.10.13-11.10.58:496][  0]LogConfig: Setting CVar [[r.TranslucencyVolumeBlur:1]]
[2021.10.13-11.10.58:496][  0]LogConfig: Setting CVar [[r.MaterialQualityLevel:1 ; High quality]]
[2021.10.13-11.10.58:496][  0]LogConfig: Setting CVar [[r.SSS.Scale:1]]
[2021.10.13-11.10.58:496][  0]LogConfig: Setting CVar [[r.SSS.SampleSet:2]]
[2021.10.13-11.10.58:496][  0]LogConfig: Setting CVar [[r.SSS.Quality:1]]
[2021.10.13-11.10.58:496][  0]LogConfig: Setting CVar [[r.SSS.HalfRes:1]]
[2021.10.13-11.10.58:496][  0]LogConfig: Setting CVar [[r.EmitterSpawnRateScale:1.0]]
[2021.10.13-11.10.58:496][  0]LogConfig: Setting CVar [[r.ParticleLightQuality:2]]
[2021.10.13-11.10.58:496][  0]LogConfig: Applying CVar settings from Section [FoliageQuality@3] File [C:/Users/ADMIN/Documents/GitHub/theshwetapatil/COOP-Game-UE4/COOPGame/Saved/Config/Windows/Scalability.ini]
[2021.10.13-11.10.58:496][  0]LogConfig: Setting CVar [[foliage.DensityScale:1.0]]
[2021.10.13-11.10.58:496][  0]LogConfig: Setting CVar [[grass.DensityScale:1.0]]
[2021.10.13-11.10.58:496][  0]LogInit: Selected Device Profile: [Windows]
[2021.10.13-11.10.58:496][  0]LogInit: Applying CVar settings loaded from the selected device profile: [Windows]
[2021.10.13-11.10.58:507][  0]LogHAL: Display: Platform has ~ 16 GB [17125855232 / 17179869184 / 16], which maps to Larger [LargestMinGB=32, LargerMinGB=12, DefaultMinGB=8, SmallerMinGB=6, SmallestMinGB=0)
[2021.10.13-11.10.58:507][  0]LogConfig: Setting CVar [[r.Vulkan.UseRealUBs:0		; Required until we fix HLR fall-out]]
[2021.10.13-11.10.58:507][  0]LogInit: Going up to parent DeviceProfile []
[2021.10.13-11.10.58:507][  0]LogConfig: Applying CVar settings from Section [ViewDistanceQuality@3] File [C:/Users/ADMIN/Documents/GitHub/theshwetapatil/COOP-Game-UE4/COOPGame/Saved/Config/Windows/Scalability.ini]
[2021.10.13-11.10.58:507][  0]LogConfig: Setting CVar [[r.SkeletalMeshLODBias:0]]
[2021.10.13-11.10.58:507][  0]LogConfig: Setting CVar [[r.ViewDistanceScale:1.0]]
[2021.10.13-11.10.58:507][  0]LogConfig: Applying CVar settings from Section [AntiAliasingQuality@3] File [C:/Users/ADMIN/Documents/GitHub/theshwetapatil/COOP-Game-UE4/COOPGame/Saved/Config/Windows/Scalability.ini]
[2021.10.13-11.10.58:507][  0]LogConfig: Setting CVar [[r.PostProcessAAQuality:4]]
[2021.10.13-11.10.58:507][  0]LogConfig: Applying CVar settings from Section [ShadowQuality@3] File [C:/Users/ADMIN/Documents/GitHub/theshwetapatil/COOP-Game-UE4/COOPGame/Saved/Config/Windows/Scalability.ini]
[2021.10.13-11.10.58:507][  0]LogConfig: Setting CVar [[r.LightFunctionQuality:1]]
[2021.10.13-11.10.58:507][  0]LogConfig: Setting CVar [[r.ShadowQuality:5]]
[2021.10.13-11.10.58:507][  0]LogConfig: Setting CVar [[r.Shadow.CSM.MaxCascades:10]]
[2021.10.13-11.10.58:507][  0]LogConfig: Setting CVar [[r.Shadow.MaxResolution:2048]]
[2021.10.13-11.10.58:507][  0]LogConfig: Setting CVar [[r.Shadow.MaxCSMResolution:2048]]
[2021.10.13-11.10.58:507][  0]LogConfig: Setting CVar [[r.Shadow.RadiusThreshold:0.01]]
[2021.10.13-11.10.58:507][  0]LogConfig: Setting CVar [[r.Shadow.DistanceScale:1.0]]
[2021.10.13-11.10.58:507][  0]LogConfig: Setting CVar [[r.Shadow.CSM.TransitionScale:1.0]]
[2021.10.13-11.10.58:507][  0]LogConfig: Setting CVar [[r.Shadow.PreShadowResolutionFactor:1.0]]
[2021.10.13-11.10.58:507][  0]LogConfig: Setting CVar [[r.DistanceFieldShadowing:1]]
[2021.10.13-11.10.58:507][  0]LogConfig: Setting CVar [[r.DistanceFieldAO:1]]
[2021.10.13-11.10.58:507][  0]LogConfig: Setting CVar [[r.AOQuality:2]]
[2021.10.13-11.10.58:507][  0]LogConfig: Setting CVar [[r.VolumetricFog:1]]
[2021.10.13-11.10.58:507][  0]LogConfig: Setting CVar [[r.VolumetricFog.GridPixelSize:8]]
[2021.10.13-11.10.58:507][  0]LogConfig: Setting CVar [[r.VolumetricFog.GridSizeZ:128]]
[2021.10.13-11.10.58:507][  0]LogConfig: Setting CVar [[r.VolumetricFog.HistoryMissSupersampleCount:4]]
[2021.10.13-11.10.58:507][  0]LogConfig: Setting CVar [[r.LightMaxDrawDistanceScale:1]]
[2021.10.13-11.10.58:507][  0]LogConfig: Setting CVar [[r.CapsuleShadows:1]]
[2021.10.13-11.10.58:508][  0]LogConfig: Applying CVar settings from Section [PostProcessQuality@3] File [C:/Users/ADMIN/Documents/GitHub/theshwetapatil/COOP-Game-UE4/COOPGame/Saved/Config/Windows/Scalability.ini]
[2021.10.13-11.10.58:508][  0]LogConfig: Setting CVar [[r.MotionBlurQuality:4]]
[2021.10.13-11.10.58:508][  0]LogConfig: Setting CVar [[r.AmbientOcclusionMipLevelFactor:0.4]]
[2021.10.13-11.10.58:508][  0]LogConfig: Setting CVar [[r.AmbientOcclusionMaxQuality:100]]
[2021.10.13-11.10.58:508][  0]LogConfig: Setting CVar [[r.AmbientOcclusionLevels:-1]]
[2021.10.13-11.10.58:508][  0]LogConfig: Setting CVar [[r.AmbientOcclusionRadiusScale:1.0]]
[2021.10.13-11.10.58:508][  0]LogConfig: Setting CVar [[r.DepthOfFieldQuality:2]]
[2021.10.13-11.10.58:508][  0]LogConfig: Setting CVar [[r.RenderTargetPoolMin:400]]
[2021.10.13-11.10.58:508][  0]LogConfig: Setting CVar [[r.LensFlareQuality:2]]
[2021.10.13-11.10.58:508][  0]LogConfig: Setting CVar [[r.SceneColorFringeQuality:1]]
[2021.10.13-11.10.58:508][  0]LogConfig: Setting CVar [[r.EyeAdaptationQuality:2]]
[2021.10.13-11.10.58:508][  0]LogConfig: Setting CVar [[r.BloomQuality:5]]
[2021.10.13-11.10.58:508][  0]LogConfig: Setting CVar [[r.FastBlurThreshold:100]]
[2021.10.13-11.10.58:508][  0]LogConfig: Setting CVar [[r.Upscale.Quality:3]]
[2021.10.13-11.10.58:508][  0]LogConfig: Setting CVar [[r.Tonemapper.GrainQuantization:1]]
[2021.10.13-11.10.58:508][  0]LogConfig: Setting CVar [[r.LightShaftQuality:1]]
[2021.10.13-11.10.58:508][  0]LogConfig: Setting CVar [[r.Filter.SizeScale:1]]
[2021.10.13-11.10.58:508][  0]LogConfig: Setting CVar [[r.Tonemapper.Quality:5]]
[2021.10.13-11.10.58:508][  0]LogConfig: Setting CVar [[r.DOF.Gather.AccumulatorQuality:1        ; higher gathering accumulator quality]]
[2021.10.13-11.10.58:508][  0]LogConfig: Setting CVar [[r.DOF.Gather.PostfilterMethod:1          ; Median3x3 postfilering method]]
[2021.10.13-11.10.58:508][  0]LogConfig: Setting CVar [[r.DOF.Gather.EnableBokehSettings:0       ; no bokeh simulation when gathering]]
[2021.10.13-11.10.58:508][  0]LogConfig: Setting CVar [[r.DOF.Gather.RingCount:4                 ; medium number of samples when gathering]]
[2021.10.13-11.10.58:508][  0]LogConfig: Setting CVar [[r.DOF.Scatter.ForegroundCompositing:1    ; additive foreground scattering]]
[2021.10.13-11.10.58:508][  0]LogConfig: Setting CVar [[r.DOF.Scatter.BackgroundCompositing:2    ; additive background scattering]]
[2021.10.13-11.10.58:508][  0]LogConfig: Setting CVar [[r.DOF.Scatter.EnableBokehSettings:1      ; bokeh simulation when scattering]]
[2021.10.13-11.10.58:508][  0]LogConfig: Setting CVar [[r.DOF.Scatter.MaxSpriteRatio:0.1         ; only a maximum of 10% of scattered bokeh]]
[2021.10.13-11.10.58:508][  0]LogConfig: Setting CVar [[r.DOF.Recombine.Quality:1                ; cheap slight out of focus]]
[2021.10.13-11.10.58:508][  0]LogConfig: Setting CVar [[r.DOF.Recombine.EnableBokehSettings:0    ; no bokeh simulation on slight out of focus]]
[2021.10.13-11.10.58:508][  0]LogConfig: Setting CVar [[r.DOF.TemporalAAQuality:1                ; more stable temporal accumulation]]
[2021.10.13-11.10.58:508][  0]LogConfig: Setting CVar [[r.DOF.Kernel.MaxForegroundRadius:0.025]]
[2021.10.13-11.10.58:508][  0]LogConfig: Setting CVar [[r.DOF.Kernel.MaxBackgroundRadius:0.025]]
[2021.10.13-11.10.58:508][  0]LogConfig: Applying CVar settings from Section [TextureQuality@3] File [C:/Users/ADMIN/Documents/GitHub/theshwetapatil/COOP-Game-UE4/COOPGame/Saved/Config/Windows/Scalability.ini]
[2021.10.13-11.10.58:508][  0]LogConfig: Setting CVar [[r.Streaming.MipBias:0]]
[2021.10.13-11.10.58:508][  0]LogConfig: Setting CVar [[r.Streaming.AmortizeCPUToGPUCopy:0]]
[2021.10.13-11.10.58:508][  0]LogConfig: Setting CVar [[r.Streaming.MaxNumTexturesToStreamPerFrame:0]]
[2021.10.13-11.10.58:508][  0]LogConfig: Setting CVar [[r.Streaming.Boost:1]]
[2021.10.13-11.10.58:508][  0]LogConfig: Setting CVar [[r.MaxAnisotropy:8]]
[2021.10.13-11.10.58:508][  0]LogConfig: Setting CVar [[r.Streaming.LimitPoolSizeToVRAM:0]]
[2021.10.13-11.10.58:508][  0]LogConfig: Setting CVar [[r.Streaming.PoolSize:1000]]
[2021.10.13-11.10.58:508][  0]LogConfig: Setting CVar [[r.Streaming.MaxEffectiveScreenSize:0]]
[2021.10.13-11.10.58:508][  0]LogConfig: Applying CVar settings from Section [EffectsQuality@3] File [C:/Users/ADMIN/Documents/GitHub/theshwetapatil/COOP-Game-UE4/COOPGame/Saved/Config/Windows/Scalability.ini]
[2021.10.13-11.10.58:508][  0]LogConfig: Setting CVar [[r.TranslucencyLightingVolumeDim:64]]
[2021.10.13-11.10.58:508][  0]LogConfig: Setting CVar [[r.RefractionQuality:2]]
[2021.10.13-11.10.58:508][  0]LogConfig: Setting CVar [[r.SSR.Quality:3]]
[2021.10.13-11.10.58:508][  0]LogConfig: Setting CVar [[r.SceneColorFormat:4]]
[2021.10.13-11.10.58:508][  0]LogConfig: Setting CVar [[r.DetailMode:2]]
[2021.10.13-11.10.58:508][  0]LogConfig: Setting CVar [[r.TranslucencyVolumeBlur:1]]
[2021.10.13-11.10.58:508][  0]LogConfig: Setting CVar [[r.MaterialQualityLevel:1 ; High quality]]
[2021.10.13-11.10.58:508][  0]LogConfig: Setting CVar [[r.SSS.Scale:1]]
[2021.10.13-11.10.58:508][  0]LogConfig: Setting CVar [[r.SSS.SampleSet:2]]
[2021.10.13-11.10.58:508][  0]LogConfig: Setting CVar [[r.SSS.Quality:1]]
[2021.10.13-11.10.58:508][  0]LogConfig: Setting CVar [[r.SSS.HalfRes:1]]
[2021.10.13-11.10.58:508][  0]LogConfig: Setting CVar [[r.EmitterSpawnRateScale:1.0]]
[2021.10.13-11.10.58:508][  0]LogConfig: Setting CVar [[r.ParticleLightQuality:2]]
[2021.10.13-11.10.58:508][  0]LogConfig: Applying CVar settings from Section [FoliageQuality@3] File [C:/Users/ADMIN/Documents/GitHub/theshwetapatil/COOP-Game-UE4/COOPGame/Saved/Config/Windows/Scalability.ini]
[2021.10.13-11.10.58:508][  0]LogConfig: Setting CVar [[foliage.DensityScale:1.0]]
[2021.10.13-11.10.58:508][  0]LogConfig: Setting CVar [[grass.DensityScale:1.0]]
[2021.10.13-11.10.58:508][  0]LogConfig: Applying CVar settings from Section [Startup] File [../../../Engine/Config/ConsoleVariables.ini]
[2021.10.13-11.10.58:509][  0]LogConfig: Setting CVar [[net.UseAdaptiveNetUpdateFrequency:0]]
[2021.10.13-11.10.58:509][  0]LogConfig: Setting CVar [[p.chaos.AllowCreatePhysxBodies:1]]
[2021.10.13-11.10.58:509][  0]LogConfig: Applying CVar settings from Section [ConsoleVariables] File [C:/Users/ADMIN/Documents/GitHub/theshwetapatil/COOP-Game-UE4/COOPGame/Saved/Config/Windows/Engine.ini]
[2021.10.13-11.10.58:509][  0]LogInit: Computer: DESKTOP-C697CL8
[2021.10.13-11.10.58:509][  0]LogInit: User: ADMIN
[2021.10.13-11.10.58:509][  0]LogInit: CPU Page size=4096, Cores=4
[2021.10.13-11.10.58:509][  0]LogInit: High frequency timer resolution =10.000000 MHz
[2021.10.13-11.10.58:509][  0]LogMemory: Memory total: Physical=15.9GB (16GB approx)
[2021.10.13-11.10.58:509][  0]LogMemory: Platform Memory Stats for Windows
[2021.10.13-11.10.58:509][  0]LogMemory: Process Physical Memory: 100.66 MB used, 100.67 MB peak
[2021.10.13-11.10.58:509][  0]LogMemory: Process Virtual Memory: 102.54 MB used, 102.54 MB peak
[2021.10.13-11.10.58:509][  0]LogMemory: Physical Memory: 10556.67 MB used,  5775.82 MB free, 16332.49 MB total
[2021.10.13-11.10.58:509][  0]LogMemory: Virtual Memory: 4656.25 MB used,  134213072.00 MB free, 134217728.00 MB total
[2021.10.13-11.10.58:534][  0]LogInit: Using OS detected language (en-US).
[2021.10.13-11.10.58:534][  0]LogInit: Using OS detected locale (en-US).
[2021.10.13-11.10.58:535][  0]LogTextLocalizationManager: No specific localization for 'en-US' exists, so the 'en' localization will be used.
[2021.10.13-11.10.58:728][  0]LogInit: Setting process to per monitor DPI aware
[2021.10.13-11.10.58:774][  0]LogSlate: New Slate User Created.  User Index 0, Is Virtual User: 0
[2021.10.13-11.10.58:774][  0]LogSlate: Slate User Registered.  User Index 0, Is Virtual User: 0
[2021.10.13-11.10.59:045][  0]LogHMD: Failed to initialize OpenVR with code 110
[2021.10.13-11.10.59:045][  0]LogD3D11RHI: D3D11 adapters:
[2021.10.13-11.10.59:147][  0]LogD3D11RHI:    0. 'NVIDIA GeForce GTX 1050 Ti' (Feature Level 11_0)
[2021.10.13-11.10.59:147][  0]LogD3D11RHI:       4018/0/8166 MB DedicatedVideo/DedicatedSystem/SharedSystem, Outputs:2, VendorId:0x10de
[2021.10.13-11.10.59:150][  0]LogD3D11RHI:    1. 'Microsoft Basic Render Driver' (Feature Level 11_0)
[2021.10.13-11.10.59:150][  0]LogD3D11RHI:       0/0/8166 MB DedicatedVideo/DedicatedSystem/SharedSystem, Outputs:0, VendorId:0x1414
[2021.10.13-11.10.59:150][  0]LogD3D11RHI: Chosen D3D11 Adapter: 0
[2021.10.13-11.10.59:159][  0]LogD3D11RHI: Creating new Direct3DDevice
[2021.10.13-11.10.59:159][  0]LogD3D11RHI:     GPU DeviceId: 0x1c82 (for the marketing name, search the web for "GPU Device Id")
[2021.10.13-11.10.59:159][  0]LogWindows: EnumDisplayDevices:
[2021.10.13-11.10.59:159][  0]LogWindows:    0. 'NVIDIA GeForce GTX 1050 Ti' (P:1 D:1)
[2021.10.13-11.10.59:160][  0]LogWindows:    1. 'NVIDIA GeForce GTX 1050 Ti' (P:0 D:1)
[2021.10.13-11.10.59:160][  0]LogWindows:    2. 'NVIDIA GeForce GTX 1050 Ti' (P:0 D:0)
[2021.10.13-11.10.59:160][  0]LogWindows:    3. 'NVIDIA GeForce GTX 1050 Ti' (P:0 D:0)
[2021.10.13-11.10.59:160][  0]LogWindows: DebugString: FoundDriverCount:4 
[2021.10.13-11.10.59:160][  0]LogD3D11RHI:     Adapter Name: NVIDIA GeForce GTX 1050 Ti
[2021.10.13-11.10.59:160][  0]LogD3D11RHI:   Driver Version: 456.71 (internal:27.21.14.5671, unified:456.71)
[2021.10.13-11.10.59:160][  0]LogD3D11RHI:      Driver Date: 9-30-2020
[2021.10.13-11.10.59:160][  0]LogRHI: Texture pool is 2812 MB (70% of 4018 MB)
[2021.10.13-11.10.59:238][  0]LogD3D11RHI: Async texture creation enabled
[2021.10.13-11.10.59:244][  0]LogRendererCore: FGlobalReadBuffer::InitRHI
[2021.10.13-11.10.59:244][  0]LogRendererCore: FGlobalReadBuffer::InitRHI
[2021.10.13-11.10.59:244][  0]LogRendererCore: FGlobalReadBuffer::InitRHI
[2021.10.13-11.10.59:254][  0]LogD3D11RHI: GPU Timing Frequency: 1000.000000 (Debug: 2 1)
[2021.10.13-11.10.59:632][  0]LogTemp: Display: Module 'AllDesktopTargetPlatform' loaded TargetPlatform 'AllDesktop'
[2021.10.13-11.10.59:652][  0]LogTemp: Display: Module 'MacClientTargetPlatform' loaded TargetPlatform 'MacClient'
[2021.10.13-11.10.59:673][  0]LogTemp: Display: Module 'MacNoEditorTargetPlatform' loaded TargetPlatform 'MacNoEditor'
[2021.10.13-11.10.59:694][  0]LogTemp: Display: Module 'MacServerTargetPlatform' loaded TargetPlatform 'MacServer'
[2021.10.13-11.10.59:716][  0]LogTemp: Display: Module 'MacTargetPlatform' loaded TargetPlatform 'Mac'
[2021.10.13-11.10.59:735][  0]LogTemp: Display: Module 'WindowsClientTargetPlatform' loaded TargetPlatform 'WindowsClient'
[2021.10.13-11.10.59:757][  0]LogTemp: Display: Module 'WindowsNoEditorTargetPlatform' loaded TargetPlatform 'WindowsNoEditor'
[2021.10.13-11.10.59:778][  0]LogTemp: Display: Module 'WindowsServerTargetPlatform' loaded TargetPlatform 'WindowsServer'
[2021.10.13-11.10.59:787][  0]LogTemp: Display: Module 'WindowsTargetPlatform' loaded TargetPlatform 'Windows'
[2021.10.13-11.10.59:904][  0]LogTemp: Display: Module 'AndroidTargetPlatform' loaded TargetPlatform 'Android'
[2021.10.13-11.10.59:904][  0]LogTemp: Display: Module 'AndroidTargetPlatform' loaded TargetPlatform 'Android_ASTC'
[2021.10.13-11.10.59:904][  0]LogTemp: Display: Module 'AndroidTargetPlatform' loaded TargetPlatform 'Android_ATC'
[2021.10.13-11.10.59:904][  0]LogTemp: Display: Module 'AndroidTargetPlatform' loaded TargetPlatform 'Android_DXT'
[2021.10.13-11.10.59:904][  0]LogTemp: Display: Module 'AndroidTargetPlatform' loaded TargetPlatform 'Android_ETC1'
[2021.10.13-11.10.59:904][  0]LogTemp: Display: Module 'AndroidTargetPlatform' loaded TargetPlatform 'Android_ETC1a'
[2021.10.13-11.10.59:904][  0]LogTemp: Display: Module 'AndroidTargetPlatform' loaded TargetPlatform 'Android_ETC2'
[2021.10.13-11.10.59:904][  0]LogTemp: Display: Module 'AndroidTargetPlatform' loaded TargetPlatform 'Android_PVRTC'
[2021.10.13-11.10.59:904][  0]LogTemp: Display: Module 'AndroidTargetPlatform' loaded TargetPlatform 'AndroidClient'
[2021.10.13-11.10.59:904][  0]LogTemp: Display: Module 'AndroidTargetPlatform' loaded TargetPlatform 'Android_ASTCClient'
[2021.10.13-11.10.59:904][  0]LogTemp: Display: Module 'AndroidTargetPlatform' loaded TargetPlatform 'Android_ATCClient'
[2021.10.13-11.10.59:904][  0]LogTemp: Display: Module 'AndroidTargetPlatform' loaded TargetPlatform 'Android_DXTClient'
[2021.10.13-11.10.59:904][  0]LogTemp: Display: Module 'AndroidTargetPlatform' loaded TargetPlatform 'Android_ETC1Client'
[2021.10.13-11.10.59:904][  0]LogTemp: Display: Module 'AndroidTargetPlatform' loaded TargetPlatform 'Android_ETC1aClient'
[2021.10.13-11.10.59:904][  0]LogTemp: Display: Module 'AndroidTargetPlatform' loaded TargetPlatform 'Android_ETC2Client'
[2021.10.13-11.10.59:904][  0]LogTemp: Display: Module 'AndroidTargetPlatform' loaded TargetPlatform 'Android_PVRTCClient'
[2021.10.13-11.10.59:904][  0]LogTemp: Display: Module 'AndroidTargetPlatform' loaded TargetPlatform 'Android_Multi'
[2021.10.13-11.10.59:904][  0]LogTemp: Display: Module 'AndroidTargetPlatform' loaded TargetPlatform 'Android_MultiClient'
[2021.10.13-11.10.59:907][  0]LogTemp: Display: Module 'HTML5TargetPlatform' loaded TargetPlatform 'HTML5'
[2021.10.13-11.10.59:969][  0]LogTemp: Display: Module 'IOSTargetPlatform' loaded TargetPlatform 'IOSClient'
[2021.10.13-11.10.59:969][  0]LogTemp: Display: Module 'IOSTargetPlatform' loaded TargetPlatform 'IOS'
[2021.10.13-11.11.00:004][  0]LogTemp: Display: Module 'TVOSTargetPlatform' loaded TargetPlatform 'TVOSClient'
[2021.10.13-11.11.00:005][  0]LogTemp: Display: Module 'TVOSTargetPlatform' loaded TargetPlatform 'TVOS'
[2021.10.13-11.11.00:024][  0]LogTemp: Display: Module 'LinuxClientTargetPlatform' loaded TargetPlatform 'LinuxClient'
[2021.10.13-11.11.00:042][  0]LogTemp: Display: Module 'LinuxNoEditorTargetPlatform' loaded TargetPlatform 'LinuxNoEditor'
[2021.10.13-11.11.00:059][  0]LogTemp: Display: Module 'LinuxServerTargetPlatform' loaded TargetPlatform 'LinuxServer'
[2021.10.13-11.11.00:078][  0]LogTemp: Display: Module 'LinuxTargetPlatform' loaded TargetPlatform 'Linux'
[2021.10.13-11.11.00:141][  0]LogTemp: Display: Module 'LuminTargetPlatform' loaded TargetPlatform 'Lumin'
[2021.10.13-11.11.00:141][  0]LogTemp: Display: Module 'LuminTargetPlatform' loaded TargetPlatform 'LuminClient'
[2021.10.13-11.11.00:142][  0]LogTargetPlatformManager: Display: Building Assets For Windows
[2021.10.13-11.11.00:156][  0]LogAudioDebug: Display: Lib vorbis DLL was dynamically loaded.
[2021.10.13-11.11.00:229][  0]LogShaderCompilers: Guid format shader working directory is -38 characters bigger than the processId version (../../../../../../Users/ADMIN/Documents/GitHub/theshwetapatil/COOP-Game-UE4/COOPGame/Intermediate/Shaders/WorkingDirectory/9848/).
[2021.10.13-11.11.00:229][  0]LogShaderCompilers: Cleaned the shader compiler working directory 'C:/Users/ADMIN/AppData/Local/Temp/UnrealShaderWorkingDir/E500AFB04660008A6C207EAF709C7AD1/'.
[2021.10.13-11.11.00:232][  0]LogXGEController: Cleaning working directory: C:/Users/ADMIN/AppData/Local/Temp/UnrealXGEWorkingDir/
[2021.10.13-11.11.00:233][  0]LogXGEController: Cannot use XGE Controller as Incredibuild is not installed on this machine.
[2021.10.13-11.11.00:233][  0]LogShaderCompilers: Cannot use XGE Shader Compiler as Incredibuild is not installed on this machine.
[2021.10.13-11.11.00:233][  0]LogShaderCompilers: Display: Using Local Shader Compiler.
[2021.10.13-11.11.00:916][  0]LogDerivedDataCache: Display: Max Cache Size: 512 MB
[2021.10.13-11.11.00:977][  0]LogDerivedDataCache: Loaded boot cache 0.06s 71MB C:/Users/ADMIN/AppData/Local/UnrealEngine/4.22/DerivedDataCache/Boot.ddc.
[2021.10.13-11.11.00:977][  0]LogDerivedDataCache: Display: Loaded Boot cache: C:/Users/ADMIN/AppData/Local/UnrealEngine/4.22/DerivedDataCache/Boot.ddc
[2021.10.13-11.11.00:977][  0]LogDerivedDataCache: FDerivedDataBackendGraph:  Pak pak cache file ../../../../../../Users/ADMIN/Documents/GitHub/theshwetapatil/COOP-Game-UE4/COOPGame/DerivedDataCache/DDC.ddp not found, will not use a pak cache.
[2021.10.13-11.11.00:977][  0]LogDerivedDataCache: Unable to find inner node Pak for hierarchical cache Hierarchy.
[2021.10.13-11.11.00:977][  0]LogDerivedDataCache: FDerivedDataBackendGraph:  CompressedPak pak cache file ../../../../../../Users/ADMIN/Documents/GitHub/theshwetapatil/COOP-Game-UE4/COOPGame/DerivedDataCache/Compressed.ddp not found, will not use a pak cache.
[2021.10.13-11.11.00:977][  0]LogDerivedDataCache: Unable to find inner node CompressedPak for hierarchical cache Hierarchy.
[2021.10.13-11.11.00:993][  0]LogDerivedDataCache: Display: Pak cache opened for reading ../../../Engine/DerivedDataCache/Compressed.ddp.
[2021.10.13-11.11.00:993][  0]LogDerivedDataCache: FDerivedDataBackendGraph:  EnterprisePak pak cache file ../../../Enterprise/DerivedDataCache/Compressed.ddp not found, will not use a pak cache.
[2021.10.13-11.11.00:993][  0]LogDerivedDataCache: Unable to find inner node EnterprisePak for hierarchical cache Hierarchy.
[2021.10.13-11.11.01:006][  0]LogDerivedDataCache: Using Local data cache path C:/Users/ADMIN/AppData/Local/UnrealEngine/Common/DerivedDataCache: Writable
[2021.10.13-11.11.01:006][  0]LogDerivedDataCache: Shared data cache path not found in *engine.ini, will not use an Shared cache.
[2021.10.13-11.11.01:006][  0]LogDerivedDataCache: Unable to find inner node Shared for hierarchical cache Hierarchy.
[2021.10.13-11.11.01:036][  0]LogMaterial: Verifying Global Shaders for PCD3D_SM5
[2021.10.13-11.11.01:037][  0]LogSlate: Using FreeType 2.6.0
[2021.10.13-11.11.01:038][  0]LogSlate: SlateFontServices - WITH_FREETYPE: 1, WITH_HARFBUZZ: 1
[2021.10.13-11.11.01:153][  0]LogAssetRegistry: FAssetRegistry took 0.0415 seconds to start up
[2021.10.13-11.11.01:613][  0]LogInit: Selected Device Profile: [Windows]
[2021.10.13-11.11.01:761][  0]LogMeshReduction: Using QuadricMeshReduction for automatic static mesh reduction
[2021.10.13-11.11.01:761][  0]LogMeshReduction: Using SimplygonMeshReduction for automatic skeletal mesh reduction
[2021.10.13-11.11.01:761][  0]LogMeshReduction: Using ProxyLODMeshReduction for automatic mesh merging
[2021.10.13-11.11.01:761][  0]LogMeshReduction: No distributed automatic mesh merging module available
[2021.10.13-11.11.01:761][  0]LogMeshMerging: No distributed automatic mesh merging module available
[2021.10.13-11.11.01:774][  0]LogNetVersion: COOPGame 1.0.0, NetCL: 5660361, EngineNetVer: 10, GameNetVer: 0 (Checksum: 3513699854)
[2021.10.13-11.11.02:248][  0]LogPackageLocalizationCache: Processed 10 localized package path(s) for 1 prioritized culture(s) in 0.048043 seconds
[2021.10.13-11.11.02:257][  0]LogUObjectArray: 42205 objects as part of root set at end of initial load.
[2021.10.13-11.11.02:257][  0]LogUObjectAllocator: 7325032 out of 0 bytes used by permanent object pool.
[2021.10.13-11.11.02:257][  0]LogUObjectArray: CloseDisregardForGC: 0/0 objects in disregard for GC pool
[2021.10.13-11.11.03:328][  0]LogTcpMessaging: Initializing TcpMessaging bridge
[2021.10.13-11.11.03:343][  0]LogUdpMessaging: Initializing bridge on interface 0.0.0.0:0 to multicast group 230.0.0.1:6666.
[2021.10.13-11.11.03:493][  0]SourceControl: Source control is disabled
[2021.10.13-11.11.03:493][  0]SourceControl: Source control is disabled
[2021.10.13-11.11.03:495][  0]SourceControl: Source control is disabled
[2021.10.13-11.11.03:496][  0]SourceControl: Source control is disabled
[2021.10.13-11.11.03:608][  0]LogAndroidPermission: UAndroidPermissionCallbackProxy::GetInstance
[2021.10.13-11.11.03:725][  0]LogOcInput: OculusInput pre-init called
[2021.10.13-11.11.04:594][  0]LogEngine: Initializing Engine...
[2021.10.13-11.11.04:595][  0]LogHMD: Failed to initialize OpenVR with code 110
[2021.10.13-11.11.04:596][  0]LogStats: UGameplayTagsManager::InitializeManager -  0.000 s
[2021.10.13-11.11.04:857][  0]LogInit: Initializing FReadOnlyCVARCache
[2021.10.13-11.11.04:875][  0]LogAIModule: Creating AISystem for world Untitled
[2021.10.13-11.11.04:896][  0]LogInit: XAudio2 using 'Speakers (Realtek(R) Audio)' : 2 channels at 48 kHz using 32 bits per sample (channel mask 0x3)
[2021.10.13-11.11.04:922][  0]LogInit: FAudioDevice initialized.
[2021.10.13-11.11.04:923][  0]LogNetVersion: Set ProjectVersion to 1.0.0.0. Version Checksum will be recalculated on next use.
[2021.10.13-11.11.05:084][  0]LogDerivedDataCache: Saved boot cache 0.16s 71MB C:/Users/ADMIN/AppData/Local/UnrealEngine/4.22/DerivedDataCache/Boot.ddc.
[2021.10.13-11.11.05:091][  0]LogInit: Texture streaming: Enabled
[2021.10.13-11.11.05:116][  0]LogEngineSessionManager: EngineSessionManager initialized
[2021.10.13-11.11.05:146][  0]LogInit: Transaction tracking system initialized
[2021.10.13-11.11.05:182][  0]BlueprintLog: New page: Editor Load
[2021.10.13-11.11.05:313][  0]LocalizationService: Localization service is disabled
[2021.10.13-11.11.05:722][  0]LogFileCache: Scanning file cache for directory 'C:/Users/ADMIN/Documents/GitHub/theshwetapatil/COOP-Game-UE4/COOPGame/Content/' took 0.02s
[2021.10.13-11.11.05:722][  0]LogCook: Display: Max memory allowance for cook 16384mb min free memory 0mb
[2021.10.13-11.11.05:722][  0]LogCook: Display: Mobile HDR setting 1
[2021.10.13-11.11.05:942][  0]SourceControl: Source control is disabled
[2021.10.13-11.11.05:942][  0]Cmd: MAP LOAD FILE="../../../../../../Users/ADMIN/Documents/GitHub/theshwetapatil/COOP-Game-UE4/COOPGame/Content/Maps/P_TestMap.umap" TEMPLATE=0 SHOWPROGRESS=1 FEATURELEVEL=3
[2021.10.13-11.11.05:943][  0]LightingResults: New page: Lighting Build
[2021.10.13-11.11.05:946][  0]MapCheck: New page: Map Check
[2021.10.13-11.11.05:946][  0]LightingResults: New page: Lighting Build
[2021.10.13-11.11.05:972][  0]LogUObjectHash: Compacting FUObjectHashTables data took   1.66ms
[2021.10.13-11.11.06:147][  0]LogAIModule: Creating AISystem for world P_TestMap
[2021.10.13-11.11.06:154][  0]LogEditorServer: Finished looking for orphan Actors (0.000 secs)
[2021.10.13-11.11.06:183][  0]LogUObjectHash: Compacting FUObjectHashTables data took   2.16ms
[2021.10.13-11.11.06:184][  0]Cmd: MAP CHECKDEP NOCLEARLOG
[2021.10.13-11.11.06:184][  0]MapCheck: Map check complete: 0 Error(s), 0 Warning(s), took 0.229ms to complete.
[2021.10.13-11.11.06:184][  0]LogFileHelpers: Loading map 'P_TestMap' took 0.241
[2021.10.13-11.11.07:556][  0]LogSlate: Only BGRA pngs, bmps or icos are supported in by External Image Picker
[2021.10.13-11.11.07:629][  0]LogSlate: Updating window title bar state: overlay mode, drag disabled, window buttons hidden, title bar hidden
[2021.10.13-11.11.07:637][  0]LogSlate: Updating window title bar state: overlay mode, drag disabled, window buttons hidden, title bar hidden
[2021.10.13-11.11.07:644][  0]LogSlate: Updating window title bar state: overlay mode, drag disabled, window buttons hidden, title bar hidden
[2021.10.13-11.11.07:654][  0]LogSlate: Updating window title bar state: overlay mode, drag disabled, window buttons hidden, title bar hidden
[2021.10.13-11.11.07:662][  0]LogCollectionManager: Loaded 0 collections in 0.002011 seconds
[2021.10.13-11.11.07:704][  0]LogFileCache: Scanning file cache for directory 'C:/Users/ADMIN/Documents/GitHub/theshwetapatil/COOP-Game-UE4/COOPGame/Saved/Collections/' took 0.01s
[2021.10.13-11.11.07:704][  0]LogFileCache: Scanning file cache for directory 'C:/Users/ADMIN/Documents/GitHub/theshwetapatil/COOP-Game-UE4/COOPGame/Content/Developers/ADMIN/Collections/' took 0.01s
[2021.10.13-11.11.07:704][  0]LogFileCache: Scanning file cache for directory 'C:/Users/ADMIN/Documents/GitHub/theshwetapatil/COOP-Game-UE4/COOPGame/Content/Collections/' took 0.01s
[2021.10.13-11.11.07:704][  0]LogCollectionManager: Rebuilt the GUID cache for 0 collections in 0.000000 seconds
[2021.10.13-11.11.07:715][  0]LogContentBrowser: Native class hierarchy populated in 0.0109 seconds. Added 2751 classes and 667 folders.
[2021.10.13-11.11.07:724][  0]LogContentBrowser: Native class hierarchy updated for 'WidgetCarousel' in 0.0004 seconds. Added 0 classes and 0 folders.
[2021.10.13-11.11.07:726][  0]LogPakFile: Registered encryption key '00000000000000000000000000000000': 0 pak files mounted, 0 remain pending
[2021.10.13-11.11.07:727][  0]LogPakFile: Registered encryption key '00000000000000000000000000000000': 0 pak files mounted, 0 remain pending
[2021.10.13-11.11.07:727][  0]LogPakFile: Registered encryption key '00000000000000000000000000000000': 0 pak files mounted, 0 remain pending
[2021.10.13-11.11.07:728][  0]LogPakFile: Registered encryption key '00000000000000000000000000000000': 0 pak files mounted, 0 remain pending
[2021.10.13-11.11.07:728][  0]LogPakFile: Registered encryption key '00000000000000000000000000000000': 0 pak files mounted, 0 remain pending
[2021.10.13-11.11.07:729][  0]LogPakFile: Registered encryption key '00000000000000000000000000000000': 0 pak files mounted, 0 remain pending
[2021.10.13-11.11.07:730][  0]LogPakFile: Registered encryption key '00000000000000000000000000000000': 0 pak files mounted, 0 remain pending
[2021.10.13-11.11.07:730][  0]LogPakFile: Registered encryption key '00000000000000000000000000000000': 0 pak files mounted, 0 remain pending
[2021.10.13-11.11.07:731][  0]LogPakFile: Registered encryption key '00000000000000000000000000000000': 0 pak files mounted, 0 remain pending
[2021.10.13-11.11.07:731][  0]LogPakFile: Registered encryption key '00000000000000000000000000000000': 0 pak files mounted, 0 remain pending
[2021.10.13-11.11.07:732][  0]LogPakFile: Registered encryption key '00000000000000000000000000000000': 0 pak files mounted, 0 remain pending
[2021.10.13-11.11.07:733][  0]LogPakFile: Registered encryption key '00000000000000000000000000000000': 0 pak files mounted, 0 remain pending
[2021.10.13-11.11.07:733][  0]LogPakFile: Registered encryption key '00000000000000000000000000000000': 0 pak files mounted, 0 remain pending
[2021.10.13-11.11.07:734][  0]LogPakFile: Registered encryption key '00000000000000000000000000000000': 0 pak files mounted, 0 remain pending
[2021.10.13-11.11.07:734][  0]LogPakFile: Registered encryption key '00000000000000000000000000000000': 0 pak files mounted, 0 remain pending
[2021.10.13-11.11.07:735][  0]LogPakFile: Registered encryption key '00000000000000000000000000000000': 0 pak files mounted, 0 remain pending
[2021.10.13-11.11.07:735][  0]LogPakFile: Registered encryption key '00000000000000000000000000000000': 0 pak files mounted, 0 remain pending
[2021.10.13-11.11.07:736][  0]LogPakFile: Registered encryption key '00000000000000000000000000000000': 0 pak files mounted, 0 remain pending
[2021.10.13-11.11.07:736][  0]LogPakFile: Registered encryption key '00000000000000000000000000000000': 0 pak files mounted, 0 remain pending
[2021.10.13-11.11.07:737][  0]LogPakFile: Registered encryption key '00000000000000000000000000000000': 0 pak files mounted, 0 remain pending
[2021.10.13-11.11.07:737][  0]LogPakFile: Registered encryption key '00000000000000000000000000000000': 0 pak files mounted, 0 remain pending
[2021.10.13-11.11.07:738][  0]LogPakFile: Registered encryption key '00000000000000000000000000000000': 0 pak files mounted, 0 remain pending
[2021.10.13-11.11.07:739][  0]LogPakFile: Registered encryption key '00000000000000000000000000000000': 0 pak files mounted, 0 remain pending
[2021.10.13-11.11.07:740][  0]LogPakFile: Registered encryption key '00000000000000000000000000000000': 0 pak files mounted, 0 remain pending
[2021.10.13-11.11.07:741][  0]LogPakFile: Registered encryption key '00000000000000000000000000000000': 0 pak files mounted, 0 remain pending
[2021.10.13-11.11.07:741][  0]LogPakFile: Registered encryption key '00000000000000000000000000000000': 0 pak files mounted, 0 remain pending
[2021.10.13-11.11.07:780][  0]LogContentBrowser: Native class hierarchy updated for 'AddContentDialog' in 0.0004 seconds. Added 0 classes and 0 folders.
[2021.10.13-11.11.07:790][  0]LogContentBrowser: Native class hierarchy updated for 'SceneOutliner' in 0.0006 seconds. Added 1 classes and 2 folders.
[2021.10.13-11.11.07:870][  0]LogSlate: Took 0.000268 seconds to synchronously load lazily loaded font '../../../Engine/Content/Slate/Fonts/Roboto-Regular.ttf' (155K)
[2021.10.13-11.11.07:874][  0]LogSlate: Took 0.000478 seconds to synchronously load lazily loaded font '../../../Engine/Content/Slate/Fonts/Roboto-Bold.ttf' (160K)
[2021.10.13-11.11.07:881][  0]LogSlate: Took 0.000405 seconds to synchronously load lazily loaded font '../../../Engine/Content/Editor/Slate/Fonts/FontAwesome.ttf' (139K)
[2021.10.13-11.11.07:952][  0]LogRenderer: Reallocating scene render targets to support 808x328 Format 10 NumSamples 1 (Frame:1).
[2021.10.13-11.11.08:089][  0]LogContentBrowser: Native class hierarchy updated for 'HierarchicalLODOutliner' in 0.0007 seconds. Added 0 classes and 0 folders.
[2021.10.13-11.11.08:090][  0]LogLoad: (Engine Initialization) Total time: 11.98 seconds
[2021.10.13-11.11.08:090][  0]LogLoad: (Engine Initialization) Total Blueprint compile time: 0.00 seconds
[2021.10.13-11.11.08:184][  0]LogAssetRegistry: Asset discovery search completed in 7.0545 seconds
[2021.10.13-11.11.08:189][  0]LogCollectionManager: Rebuilt the object cache for 0 collections in 0.000000 seconds (found 0 objects)
[2021.10.13-11.11.08:189][  0]LogCollectionManager: Fixed up redirectors for 0 collections in 0.000142 seconds (updated 0 objects)
[2021.10.13-11.11.08:192][  0]LogContentStreaming: Texture pool size now 1000 MB
[2021.10.13-11.11.08:248][  0]LogSlate: Took 0.000211 seconds to synchronously load lazily loaded font '../../../Engine/Content/Slate/Fonts/Roboto-Light.ttf' (167K)
[2021.10.13-11.11.24:126][717]LogSlate: FSceneViewport::OnFocusLost() reason 0
[2021.10.13-11.11.24:301][735]Candidate modules for hot reload:
[2021.10.13-11.11.24:301][735]  COOPGame
[2021.10.13-11.11.24:301][735]Launching UnrealBuildTool... [C:/Program Files/Epic Games/UE_4.22/Engine/Binaries/DotNET/UnrealBuildTool.exe  -ModuleWithSuffix=COOPGame,7547 Win64 Development -TargetType=Editor -Project="C:/Users/ADMIN/Documents/GitHub/theshwetapatil/COOP-Game-UE4/COOPGame/COOPGame.uproject" "C:/Users/ADMIN/Documents/GitHub/theshwetapatil/COOP-Game-UE4/COOPGame/COOPGame.uproject"  -IgnoreJunk]
[2021.10.13-11.11.24:304][735]Warning: Starting HotReload took  0.0s.
[2021.10.13-11.11.37:025][199]CompilerResultsLog: New page: Compilation - Oct 13, 2021, 10:11:37 PM
[2021.10.13-11.11.37:025][199]CompilerResultsLog: Using 'git status' to determine working set for adaptive non-unity build (C:\Users\ADMIN\Documents\GitHub\theshwetapatil\COOP-Game-UE4).
[2021.10.13-11.11.37:025][199]CompilerResultsLog: Creating makefile for COOPGameEditor (ini files are newer than makefile)
[2021.10.13-11.11.37:025][199]CompilerResultsLog: Parsing headers for COOPGameEditor
[2021.10.13-11.11.37:025][199]CompilerResultsLog:   Running UnrealHeaderTool "C:\Users\ADMIN\Documents\GitHub\theshwetapatil\COOP-Game-UE4\COOPGame\COOPGame.uproject" "C:\Users\ADMIN\Documents\GitHub\theshwetapatil\COOP-Game-UE4\COOPGame\Intermediate\Build\Win64\COOPGameEditor\Development\COOPGameEditor.uhtmanifest" -LogCmds="loginit warning, logexit warning, logdatabase error" -Unattended -WarningsAsErrors -installed
[2021.10.13-11.11.37:025][199]CompilerResultsLog: Reflection code generated for COOPGameEditor in 8.1492751 seconds
[2021.10.13-11.11.37:025][199]CompilerResultsLog: Using Visual Studio 2019 14.28.29910 toolchain (C:\Program Files (x86)\Microsoft Visual Studio\2019\Community\VC\Tools\MSVC\14.28.29910) and Windows 10.0.19041.0 SDK (C:\Program Files (x86)\Windows Kits\10).
[2021.10.13-11.11.37:025][199]CompilerResultsLog: Building 4 actions with 8 processes...
[2021.10.13-11.11.37:025][199]CompilerResultsLog:   [1/4] SPickupActor.cpp
[2021.10.13-11.11.37:025][199]CompilerResultsLog:   C:\Users\ADMIN\Documents\GitHub\theshwetapatil\COOP-Game-UE4\COOPGame\Source\COOPGame\Private\SPickupActor.cpp(62): fatal error C1057: unexpected end of file in macro expansion
[2021.10.13-11.11.37:025][199]LogMainFrame: MainFrame: Module compiling took 12.730 seconds
[2021.10.13-11.11.37:025][199]Warning: HotReload failed, recompile failed
[2021.10.13-11.12.21:900][600]Candidate modules for hot reload:
[2021.10.13-11.12.21:900][600]  COOPGame
[2021.10.13-11.12.21:900][600]Launching UnrealBuildTool... [C:/Program Files/Epic Games/UE_4.22/Engine/Binaries/DotNET/UnrealBuildTool.exe  -ModuleWithSuffix=COOPGame,3533 Win64 Development -TargetType=Editor -Project="C:/Users/ADMIN/Documents/GitHub/theshwetapatil/COOP-Game-UE4/COOPGame/COOPGame.uproject" "C:/Users/ADMIN/Documents/GitHub/theshwetapatil/COOP-Game-UE4/COOPGame/COOPGame.uproject"  -IgnoreJunk]
[2021.10.13-11.12.21:903][600]Warning: Starting HotReload took  0.0s.
[2021.10.13-11.12.31:951][298]CompilerResultsLog: New page: Compilation - Oct 13, 2021, 10:12:31 PM
[2021.10.13-11.12.31:951][298]CompilerResultsLog: Using 'git status' to determine working set for adaptive non-unity build (C:\Users\ADMIN\Documents\GitHub\theshwetapatil\COOP-Game-UE4).
[2021.10.13-11.12.31:951][298]CompilerResultsLog: Parsing headers for COOPGameEditor
[2021.10.13-11.12.31:951][298]CompilerResultsLog:   Running UnrealHeaderTool "C:\Users\ADMIN\Documents\GitHub\theshwetapatil\COOP-Game-UE4\COOPGame\COOPGame.uproject" "C:\Users\ADMIN\Documents\GitHub\theshwetapatil\COOP-Game-UE4\COOPGame\Intermediate\Build\Win64\COOPGameEditor\Development\COOPGameEditor.uhtmanifest" -LogCmds="loginit warning, logexit warning, logdatabase error" -Unattended -WarningsAsErrors -installed
[2021.10.13-11.12.31:952][298]CompilerResultsLog: Reflection code generated for COOPGameEditor in 7.6145796 seconds
[2021.10.13-11.12.31:952][298]CompilerResultsLog: Using Visual Studio 2019 14.28.29910 toolchain (C:\Program Files (x86)\Microsoft Visual Studio\2019\Community\VC\Tools\MSVC\14.28.29910) and Windows 10.0.19041.0 SDK (C:\Program Files (x86)\Windows Kits\10).
[2021.10.13-11.12.31:952][298]CompilerResultsLog: Building 4 actions with 8 processes...
[2021.10.13-11.12.31:952][298]CompilerResultsLog:   [1/4] SPickupActor.cpp
[2021.10.13-11.12.31:952][298]CompilerResultsLog:   C:\Users\ADMIN\Documents\GitHub\theshwetapatil\COOP-Game-UE4\COOPGame\Source\COOPGame\Private\SPickupActor.cpp(62): fatal error C1057: unexpected end of file in macro expansion
[2021.10.13-11.12.31:952][298]LogMainFrame: MainFrame: Module compiling took 10.055 seconds
[2021.10.13-11.12.31:952][298]Warning: HotReload failed, recompile failed
[2021.10.13-11.14.03:433][150]LogSlate: Took 0.000330 seconds to synchronously load lazily loaded font '../../../Engine/Content/Slate/Fonts/Roboto-Light.ttf' (167K)
[2021.10.13-11.14.03:577][150]LogAIModule: Creating AISystem for world P_ChallengeMap
[2021.10.13-11.14.03:591][150]LogAssetEditorManager: Opening Asset editor for World /Game/Challenges/P_ChallengeMap.P_ChallengeMap
[2021.10.13-11.14.03:617][150]LogUObjectHash: Compacting FUObjectHashTables data took   1.65ms
[2021.10.13-11.14.03:618][150]Cmd: MAP LOAD FILE="../../../../../../Users/ADMIN/Documents/GitHub/theshwetapatil/COOP-Game-UE4/COOPGame/Content/Challenges/P_ChallengeMap.umap" TEMPLATE=0 SHOWPROGRESS=1 FEATURELEVEL=3
[2021.10.13-11.14.03:619][150]LightingResults: New page: Lighting Build
[2021.10.13-11.14.03:619][150]LoadErrors: New page: Loading map: P_ChallengeMap.umap
[2021.10.13-11.14.03:620][150]MapCheck: New page: Map Check
[2021.10.13-11.14.03:620][150]LightingResults: New page: Lighting Build
[2021.10.13-11.14.03:648][150]LogUObjectHash: Compacting FUObjectHashTables data took   3.20ms
[2021.10.13-11.14.03:748][150]LogEditorServer: Finished looking for orphan Actors (0.000 secs)
[2021.10.13-11.14.03:776][150]LogUObjectHash: Compacting FUObjectHashTables data took   1.84ms
[2021.10.13-11.14.03:831][150]Cmd: MAP CHECKDEP NOCLEARLOG
[2021.10.13-11.14.03:833][150]MapCheck: Map check complete: 0 Error(s), 0 Warning(s), took 1.702ms to complete.
[2021.10.13-11.14.03:833][150]LogFileHelpers: Loading map 'P_ChallengeMap' took 0.215
[2021.10.13-11.14.10:180][896]Candidate modules for hot reload:
[2021.10.13-11.14.10:180][896]  COOPGame
[2021.10.13-11.14.10:180][896]Launching UnrealBuildTool... [C:/Program Files/Epic Games/UE_4.22/Engine/Binaries/DotNET/UnrealBuildTool.exe  -ModuleWithSuffix=COOPGame,76 Win64 Development -TargetType=Editor -Project="C:/Users/ADMIN/Documents/GitHub/theshwetapatil/COOP-Game-UE4/COOPGame/COOPGame.uproject" "C:/Users/ADMIN/Documents/GitHub/theshwetapatil/COOP-Game-UE4/COOPGame/COOPGame.uproject"  -IgnoreJunk]
[2021.10.13-11.14.10:183][896]Warning: Starting HotReload took  0.0s.
[2021.10.13-11.14.23:972][514]CompilerResultsLog: New page: Compilation - Oct 13, 2021, 10:14:23 PM
[2021.10.13-11.14.23:972][514]CompilerResultsLog: Using 'git status' to determine working set for adaptive non-unity build (C:\Users\ADMIN\Documents\GitHub\theshwetapatil\COOP-Game-UE4).
[2021.10.13-11.14.23:972][514]CompilerResultsLog: Creating makefile for COOPGameEditor (ini files are newer than makefile)
[2021.10.13-11.14.23:972][514]CompilerResultsLog: Parsing headers for COOPGameEditor
[2021.10.13-11.14.23:972][514]CompilerResultsLog:   Running UnrealHeaderTool "C:\Users\ADMIN\Documents\GitHub\theshwetapatil\COOP-Game-UE4\COOPGame\COOPGame.uproject" "C:\Users\ADMIN\Documents\GitHub\theshwetapatil\COOP-Game-UE4\COOPGame\Intermediate\Build\Win64\COOPGameEditor\Development\COOPGameEditor.uhtmanifest" -LogCmds="loginit warning, logexit warning, logdatabase error" -Unattended -WarningsAsErrors -installed
[2021.10.13-11.14.23:972][514]CompilerResultsLog: Reflection code generated for COOPGameEditor in 8.1738194 seconds
[2021.10.13-11.14.23:972][514]CompilerResultsLog: Using Visual Studio 2019 14.28.29910 toolchain (C:\Program Files (x86)\Microsoft Visual Studio\2019\Community\VC\Tools\MSVC\14.28.29910) and Windows 10.0.19041.0 SDK (C:\Program Files (x86)\Windows Kits\10).
[2021.10.13-11.14.23:972][514]CompilerResultsLog: Building 4 actions with 8 processes...
[2021.10.13-11.14.23:972][514]CompilerResultsLog:   [1/4] SPickupActor.cpp
[2021.10.13-11.14.23:972][514]CompilerResultsLog:   [2/4] UE4Editor-COOPGame-0076.lib
[2021.10.13-11.14.23:973][514]CompilerResultsLog:      Creating library C:\Users\ADMIN\Documents\GitHub\theshwetapatil\COOP-Game-UE4\COOPGame\Intermediate\Build\Win64\UE4Editor\Development\COOPGame\UE4Editor-COOPGame-0076.lib and object C:\Users\ADMIN\Documents\GitHub\theshwetapatil\COOP-Game-UE4\COOPGame\Intermediate\Build\Win64\UE4Editor\Development\COOPGame\UE4Editor-COOPGame-0076.exp
[2021.10.13-11.14.23:973][514]CompilerResultsLog:   [3/4] UE4Editor-COOPGame-0076.dll
[2021.10.13-11.14.23:973][514]CompilerResultsLog:      Creating library C:\Users\ADMIN\Documents\GitHub\theshwetapatil\COOP-Game-UE4\COOPGame\Intermediate\Build\Win64\UE4Editor\Development\COOPGame\UE4Editor-COOPGame-0076.suppressed.lib and object C:\Users\ADMIN\Documents\GitHub\theshwetapatil\COOP-Game-UE4\COOPGame\Intermediate\Build\Win64\UE4Editor\Development\COOPGame\UE4Editor-COOPGame-0076.suppressed.exp
[2021.10.13-11.14.23:973][514]CompilerResultsLog:   [4/4] COOPGameEditor.target
[2021.10.13-11.14.23:973][514]CompilerResultsLog: Total time in Parallel executor: 2.51 seconds
[2021.10.13-11.14.23:973][514]CompilerResultsLog: Total execution time: 13.67 seconds
[2021.10.13-11.14.23:973][514]LogMainFrame: MainFrame: Module compiling took 13.796 seconds
[2021.10.13-11.14.24:000][514]LogUObjectHash: Compacting FUObjectHashTables data took   1.10ms
[2021.10.13-11.14.24:020][514]LogContentBrowser: Native class hierarchy populated in 0.0140 seconds. Added 2752 classes and 669 folders.
[2021.10.13-11.14.24:020][514]Display: HotReload took 13.9s.
[2021.10.13-11.14.31:092][361]LogSlate: Took 0.000266 seconds to synchronously load lazily loaded font '../../../Engine/Content/Slate/Fonts/DroidSansMono.ttf' (77K)
[2021.10.13-11.14.42:246][452]LogRenderer: Reallocating scene render targets to support 816x328 Format 10 NumSamples 1 (Frame:3815).
[2021.10.13-11.14.42:297][453]LogRenderer: Reallocating scene render targets to support 824x328 Format 10 NumSamples 1 (Frame:3817).
[2021.10.13-11.14.42:345][454]LogRenderer: Reallocating scene render targets to support 828x328 Format 10 NumSamples 1 (Frame:3819).
[2021.10.13-11.14.42:424][456]LogRenderer: Reallocating scene render targets to support 832x328 Format 10 NumSamples 1 (Frame:3823).
[2021.10.13-11.14.42:513][458]LogRenderer: Reallocating scene render targets to support 836x328 Format 10 NumSamples 1 (Frame:3827).
[2021.10.13-11.14.42:568][459]LogRenderer: Reallocating scene render targets to support 840x328 Format 10 NumSamples 1 (Frame:3829).
[2021.10.13-11.14.42:655][462]LogRenderer: Reallocating scene render targets to support 844x328 Format 10 NumSamples 1 (Frame:3833).
[2021.10.13-11.14.45:158][751]LogBlueprintUserMessages: Early PlayInEditor Detection: Level '/Game/Challenges/P_ChallengeMap.P_ChallengeMap:PersistentLevel' has LevelScriptBlueprint '/Game/Challenges/P_ChallengeMap.P_ChallengeMap:PersistentLevel.P_ChallengeMap' with GeneratedClass '/Game/Challenges/P_ChallengeMap.P_ChallengeMap_C' with ClassGeneratedBy '/Game/Challenges/P_ChallengeMap.P_ChallengeMap:PersistentLevel.P_ChallengeMap'
[2021.10.13-11.14.45:158][751]LogPlayLevel: PlayLevel: No blueprints needed recompiling
[2021.10.13-11.14.45:158][751]PIE: New page: PIE session: P_ChallengeMap (Oct 13, 2021, 10:14:45 PM)
[2021.10.13-11.14.45:171][751]LogPlayLevel: Creating play world package: /Game/Challenges/UEDPIE_1_P_ChallengeMap
[2021.10.13-11.14.45:177][751]LogPlayLevel: PIE: StaticDuplicateObject took: (0.006233s)
[2021.10.13-11.14.45:178][751]LogAIModule: Creating AISystem for world P_ChallengeMap
[2021.10.13-11.14.45:179][751]LogPlayLevel: PIE: World Init took: (0.001359s)
[2021.10.13-11.14.45:179][751]LogPlayLevel: PIE: Created PIE world by copying editor world from /Game/Challenges/P_ChallengeMap.P_ChallengeMap to /Game/Challenges/UEDPIE_1_P_ChallengeMap.P_ChallengeMap (0.008149s)
[2021.10.13-11.14.45:203][751]LogUObjectHash: Compacting FUObjectHashTables data took   1.16ms
[2021.10.13-11.14.45:216][751]LogInit: XAudio2 using 'Speakers (Realtek(R) Audio)' : 2 channels at 48 kHz using 32 bits per sample (channel mask 0x3)
[2021.10.13-11.14.45:237][751]LogInit: FAudioDevice initialized.
[2021.10.13-11.14.45:819][751]LogLoad: Game class is 'BP_TestGameMode_C'
[2021.10.13-11.14.45:821][751]LogWorld: Bringing World /Game/Challenges/UEDPIE_1_P_ChallengeMap.P_ChallengeMap up for play (max tick rate 0) at 2021.10.13-16.44.45
[2021.10.13-11.14.45:822][751]LogWorld: Bringing up level for play took: 0.001482
[2021.10.13-11.14.45:868][751]LogContentBrowser: Native class hierarchy updated for 'MovieSceneCapture' in 0.0005 seconds. Added 20 classes and 0 folders.
[2021.10.13-11.14.45:871][751]LogTemp: Display: ParseSettings for GameNetDriver
[2021.10.13-11.14.45:871][751]LogTemp: Display: ParseSettings for IpNetDriver_0
[2021.10.13-11.14.45:871][751]LogTemp: Display: ParseSettings for GameNetDriver
[2021.10.13-11.14.45:871][751]LogNet: ReplicationDriverClass is null! Not using ReplicationDriver.
[2021.10.13-11.14.45:872][751]PacketHandlerLog: DDoS detection status: detection enabled: 0 analytics enabled: 0
[2021.10.13-11.14.45:872][751]LogInit: WinSock: Socket queue 131072 / 131072
[2021.10.13-11.14.45:872][751]LogInit: WinSock: I am DESKTOP-C697CL8 (192.168.1.2:0)
[2021.10.13-11.14.45:872][751]PacketHandlerLog: Loaded PacketHandler component: Engine.EngineHandlerComponentFactory (StatelessConnectHandlerComponent)
[2021.10.13-11.14.45:872][751]LogNet: GameNetDriver IpNetDriver_0 IpNetDriver listening on port 17777
[2021.10.13-11.14.47:117][751]LogWindows: Error: === Critical error: ===
[2021.10.13-11.14.47:117][751]LogWindows: Error: 
[2021.10.13-11.14.47:117][751]LogWindows: Error: Fatal error!
[2021.10.13-11.14.47:117][751]LogWindows: Error: 
[2021.10.13-11.14.47:117][751]LogWindows: Error: Unhandled Exception: EXCEPTION_ACCESS_VIOLATION reading address 0x00000108
[2021.10.13-11.14.47:117][751]LogWindows: Error: 
[2021.10.13-11.14.47:117][751]LogWindows: Error: [Callstack] 0x00007ffd36e2f354 UE4Editor-COOPGame-5916.dll!ASPickupActor::NotifyActorBeginOverlap() [C:\Users\ADMIN\Documents\GitHub\theshwetapatil\COOP-Game-UE4\COOPGame\Source\COOPGame\Private\SPickupActor.cpp:62]
[2021.10.13-11.14.47:118][751]LogWindows: Error: [Callstack] 0x00007ffd4b09dd49 UE4Editor-Engine.dll!UnknownFunction []
[2021.10.13-11.14.47:118][751]LogWindows: Error: [Callstack] 0x00007ffd4b0da5ad UE4Editor-Engine.dll!UnknownFunction []
[2021.10.13-11.14.47:118][751]LogWindows: Error: [Callstack] 0x00007ffd4b138637 UE4Editor-Engine.dll!UnknownFunction []
[2021.10.13-11.14.47:118][751]LogWindows: Error: [Callstack] 0x00007ffd4ad02551 UE4Editor-Engine.dll!UnknownFunction []
[2021.10.13-11.14.47:118][751]LogWindows: Error: [Callstack] 0x00007ffd4ace6fcb UE4Editor-Engine.dll!UnknownFunction []
[2021.10.13-11.14.47:118][751]LogWindows: Error: [Callstack] 0x00007ffd4accddcb UE4Editor-Engine.dll!UnknownFunction []
[2021.10.13-11.14.47:118][751]LogWindows: Error: [Callstack] 0x00007ffd4ace935e UE4Editor-Engine.dll!UnknownFunction []
[2021.10.13-11.14.47:118][751]LogWindows: Error: [Callstack] 0x00007ffd4b503eb5 UE4Editor-Engine.dll!UnknownFunction []
[2021.10.13-11.14.47:118][751]LogWindows: Error: [Callstack] 0x00007ffd36e2f756 UE4Editor-COOPGame-5916.dll!ASPickupActor::Respawn() [C:\Users\ADMIN\Documents\GitHub\theshwetapatil\COOP-Game-UE4\COOPGame\Source\COOPGame\Private\SPickupActor.cpp:49]
[2021.10.13-11.14.47:118][751]LogWindows: Error: [Callstack] 0x00007ffd4acc1af6 UE4Editor-Engine.dll!UnknownFunction []
[2021.10.13-11.14.47:118][751]LogWindows: Error: [Callstack] 0x00007ffd4bddcb99 UE4Editor-Engine.dll!UnknownFunction []
[2021.10.13-11.14.47:118][751]LogWindows: Error: [Callstack] 0x00007ffd4b342911 UE4Editor-Engine.dll!UnknownFunction []
[2021.10.13-11.14.47:118][751]LogWindows: Error: [Callstack] 0x00007ffd36e2ddff UE4Editor-COOPGame-5916.dll!ASGameMode::StartPlay() [C:\Users\ADMIN\Documents\GitHub\theshwetapatil\COOP-Game-UE4\COOPGame\Source\COOPGame\Private\SGameMode.cpp:163]
[2021.10.13-11.14.47:118][751]LogWindows: Error: [Callstack] 0x00007ffd4bd9754e UE4Editor-Engine.dll!UnknownFunction []
[2021.10.13-11.14.47:118][751]LogWindows: Error: [Callstack] 0x00007ffd4b3099af UE4Editor-Engine.dll!UnknownFunction []
[2021.10.13-11.14.47:118][751]LogWindows: Error: [Callstack] 0x00007ffd49d3be44 UE4Editor-UnrealEd.dll!UnknownFunction []
[2021.10.13-11.14.47:118][751]LogWindows: Error: [Callstack] 0x00007ffd49d728e9 UE4Editor-UnrealEd.dll!UnknownFunction []
[2021.10.13-11.14.47:118][751]LogWindows: Error: [Callstack] 0x00007ffd49d5afd9 UE4Editor-UnrealEd.dll!UnknownFunction []
[2021.10.13-11.14.47:118][751]LogWindows: Error: [Callstack] 0x00007ffd49d7319f UE4Editor-UnrealEd.dll!UnknownFunction []
[2021.10.13-11.14.47:118][751]LogWindows: Error: [Callstack] 0x00007ffd4984fc4a UE4Editor-UnrealEd.dll!UnknownFunction []
[2021.10.13-11.14.47:118][751]LogWindows: Error: [Callstack] 0x00007ffd4a06d396 UE4Editor-UnrealEd.dll!UnknownFunction []
[2021.10.13-11.14.47:118][751]LogWindows: Error: [Callstack] 0x00007ff7f6e36bb1 UE4Editor.exe!UnknownFunction []
[2021.10.13-11.14.47:118][751]LogWindows: Error: [Callstack] 0x00007ff7f6e4554c UE4Editor.exe!UnknownFunction []
[2021.10.13-11.14.47:118][751]LogWindows: Error: [Callstack] 0x00007ff7f6e455ca UE4Editor.exe!UnknownFunction []
[2021.10.13-11.14.47:118][751]LogWindows: Error: [Callstack] 0x00007ff7f6e5316c UE4Editor.exe!UnknownFunction []
[2021.10.13-11.14.47:118][751]LogWindows: Error: [Callstack] 0x00007ff7f6e55b8e UE4Editor.exe!UnknownFunction []
[2021.10.13-11.14.47:118][751]LogWindows: Error: [Callstack] 0x00007ffdbdf17034 KERNEL32.DLL!UnknownFunction []
[2021.10.13-11.14.47:118][751]LogWindows: Error: [Callstack] 0x00007ffdbe5e2651 ntdll.dll!UnknownFunction []
[2021.10.13-11.14.47:118][751]LogWindows: Error: 
[2021.10.13-11.14.47:134][751]LogExit: Executing StaticShutdownAfterError
[2021.10.13-11.14.47:139][751]LogWindows: FPlatformMisc::RequestExit(1)
[2021.10.13-11.14.47:145][751]Log file closed, 10/13/21 16:44:47
