Log file open, 09/23/21 21:49:58
LogWindows: Failed to load 'aqProf.dll' (GetLastError=126)
LogWindows: File 'aqProf.dll' does not exist
LogWindows: Failed to load 'VtuneApi.dll' (GetLastError=126)
LogWindows: File 'VtuneApi.dll' does not exist
LogWindows: Failed to load 'VtuneApi32e.dll' (GetLastError=126)
LogWindows: File 'VtuneApi32e.dll' does not exist
LogConsoleResponse: Display: Failed to find resolution value strings in scalability ini. Falling back to default.
LogInit: Display: Running engine for game: COOPGame
LogPakFile: Registered encryption key '00000000000000000000000000000000': 0 pak files mounted, 0 remain pending
LogPlatformFile: Not using cached read wrapper
LogTaskGraph: Started task graph with 5 named threads and 23 total threads with 3 sets of task threads.
LogStats: Stats thread started at 0.825467
LogD3D11RHI: Loaded GFSDK_Aftermath_Lib.x64.dll
LogICUInternationalization: ICU TimeZone Detection - Raw Offset: +5:30, Platform Override: ''
LogPluginManager: Mounting plugin Paper2D
LogPluginManager: Mounting plugin AISupport
LogPluginManager: Mounting plugin LightPropagationVolume
LogPluginManager: Mounting plugin ActorLayerUtilities
LogPluginManager: Mounting plugin AnimationSharing
LogPluginManager: Mounting plugin CLionSourceCodeAccess
LogPluginManager: Mounting plugin CodeLiteSourceCodeAccess
LogPluginManager: Mounting plugin GitSourceControl
LogPluginManager: Mounting plugin KDevelopSourceCodeAccess
LogPluginManager: Mounting plugin NullSourceCodeAccess
LogPluginManager: Mounting plugin PerforceSourceControl
LogPluginManager: Mounting plugin SubversionSourceControl
LogPluginManager: Mounting plugin UObjectPlugin
LogPluginManager: Mounting plugin VisualStudioCodeSourceCodeAccess
LogPluginManager: Mounting plugin VisualStudioSourceCodeAccess
LogPluginManager: Mounting plugin XCodeSourceCodeAccess
LogPluginManager: Mounting plugin AssetManagerEditor
LogPluginManager: Mounting plugin CryptoKeys
LogPluginManager: Mounting plugin DataValidation
LogPluginManager: Mounting plugin FacialAnimation
LogPluginManager: Mounting plugin GameplayTagsEditor
LogPluginManager: Mounting plugin MacGraphicsSwitching
LogPluginManager: Mounting plugin MaterialAnalyzer
LogPluginManager: Mounting plugin MobileLauncherProfileWizard
LogPluginManager: Mounting plugin PluginBrowser
LogPluginManager: Mounting plugin SpeedTreeImporter
LogPluginManager: Mounting plugin DatasmithContent
LogPluginManager: Mounting plugin VariantManagerContent
LogPluginManager: Mounting plugin AlembicImporter
LogPluginManager: Mounting plugin AppleImageUtils
LogPluginManager: Mounting plugin AppleVision
LogPluginManager: Mounting plugin BackChannel
LogPluginManager: Mounting plugin CharacterAI
LogPluginManager: Mounting plugin GeometryCache
LogPluginManager: Mounting plugin HTML5Networking
LogPluginManager: Mounting plugin ProxyLODPlugin
LogPluginManager: Mounting plugin SkeletalReduction
LogPluginManager: Mounting plugin MagicLeap
LogPluginManager: Mounting plugin MagicLeapMedia
LogPluginManager: Mounting plugin AndroidMedia
LogPluginManager: Mounting plugin AvfMedia
LogPluginManager: Mounting plugin ImgMedia
LogPluginManager: Mounting plugin LinearTimecode
LogPluginManager: Mounting plugin MediaCompositing
LogPluginManager: Mounting plugin MediaPlayerEditor
LogPluginManager: Mounting plugin WebMMedia
LogPluginManager: Mounting plugin WmfMedia
LogPluginManager: Mounting plugin TcpMessaging
LogPluginManager: Mounting plugin UdpMessaging
LogPluginManager: Mounting plugin ActorSequence
LogPluginManager: Mounting plugin LevelSequenceEditor
LogPluginManager: Mounting plugin MatineeToLevelSequence
LogPluginManager: Mounting plugin NetcodeUnitTest
LogPluginManager: Mounting plugin NUTUnrealEngine4
LogPluginManager: Mounting plugin OnlineSubsystemGooglePlay
LogPluginManager: Mounting plugin OnlineSubsystemIOS
LogPluginManager: Mounting plugin OnlineSubsystem
LogPluginManager: Mounting plugin OnlineSubsystemNull
LogPluginManager: Mounting plugin OnlineSubsystemUtils
LogPluginManager: Mounting plugin LauncherChunkInstaller
LogPluginManager: Mounting plugin AndroidDeviceProfileSelector
LogPluginManager: Mounting plugin AndroidMoviePlayer
LogPluginManager: Mounting plugin AndroidPermission
LogPluginManager: Mounting plugin AppleMoviePlayer
LogPluginManager: Mounting plugin ArchVisCharacter
LogPluginManager: Mounting plugin AudioCapture
LogPluginManager: Mounting plugin CableComponent
LogPluginManager: Mounting plugin CustomMeshComponent
LogPluginManager: Mounting plugin EditableMesh
LogPluginManager: Mounting plugin ExampleDeviceProfileSelector
LogPluginManager: Mounting plugin Firebase
LogPluginManager: Mounting plugin GoogleCloudMessaging
LogPluginManager: Mounting plugin IOSDeviceProfileSelector
LogPluginManager: Mounting plugin LinuxDeviceProfileSelector
LogPluginManager: Mounting plugin LocationServicesBPLibrary
LogPluginManager: Mounting plugin MobilePatchingUtils
LogPluginManager: Mounting plugin OculusVR
LogPluginManager: Mounting plugin PhysXVehicles
LogPluginManager: Mounting plugin ProceduralMeshComponent
LogPluginManager: Mounting plugin RuntimePhysXCooking
LogPluginManager: Mounting plugin SignificanceManager
LogPluginManager: Mounting plugin SteamVR
LogPluginManager: Mounting plugin WebMMoviePlayer
LogPluginManager: Mounting plugin WindowsMoviePlayer
LogInit: Using libcurl 7.55.1-DEV
LogInit:  - built for x86_64-pc-win32
LogInit:  - supports SSL with OpenSSL/1.1.1
LogInit:  - supports HTTP deflate (compression) using libz 1.2.8
LogInit:  - other features:
LogInit:      CURL_VERSION_SSL
LogInit:      CURL_VERSION_LIBZ
LogInit:      CURL_VERSION_IPV6
LogInit:      CURL_VERSION_ASYNCHDNS
LogInit:      CURL_VERSION_LARGEFILE
LogInit:      CURL_VERSION_IDN
LogInit:  CurlRequestOptions (configurable via config and command line):
LogInit:  - bVerifyPeer = true  - Libcurl will verify peer certificate
LogInit:  - bUseHttpProxy = false  - Libcurl will NOT use HTTP proxy
LogInit:  - bDontReuseConnections = false  - Libcurl will reuse connections
LogInit:  - MaxHostConnections = 16  - Libcurl will limit the number of connections to a host
LogInit:  - LocalHostAddr = Default
LogInit:  - BufferSize = 65536
LogInit: WinSock: version 1.1 (2.2), MaxSocks=32767, MaxUdp=65467
LogInit: Build: ++UE4+Release-4.22-CL-7053642
LogInit: Engine Version: 4.22.3-7053642+++UE4+Release-4.22
LogInit: Compatible Engine Version: 4.22.0-5660361+++UE4+Release-4.22
LogInit: Net CL: 5660361
LogInit: OS: Windows 10 (Release 2009) (), CPU: AMD Ryzen 5 2400G with Radeon Vega Graphics    , GPU: NVIDIA GeForce GTX 1050 Ti
LogInit: Compiled (64-bit): Jun 18 2019 03:09:11
LogInit: Compiled with Visual C++: 19.16.27025.01
LogInit: Build Configuration: Development
LogInit: Branch Name: ++UE4+Release-4.22
LogInit: Command Line: 
LogInit: Base Directory: C:/Program Files/Epic Games/UE_4.22/Engine/Binaries/Win64/
LogInit: Installed Engine Build: 1
LogDevObjectVersion: Number of dev versions registered: 23
LogDevObjectVersion:   Dev-Blueprints (B0D832E4-1F89-4F0D-ACCF-7EB736FD4AA2): 10
LogDevObjectVersion:   Dev-Build (E1C64328-A22C-4D53-A36C-8E866417BD8C): 0
LogDevObjectVersion:   Dev-Core (375EC13C-06E4-48FB-B500-84F0262A717E): 3
LogDevObjectVersion:   Dev-Editor (E4B068ED-F494-42E9-A231-DA0B2E46BB41): 30
LogDevObjectVersion:   Dev-Framework (CFFC743F-43B0-4480-9391-14DF171D2073): 35
LogDevObjectVersion:   Dev-Mobile (B02B49B5-BB20-44E9-A304-32B752E40360): 2
LogDevObjectVersion:   Dev-Networking (A4E4105C-59A1-49B5-A7C5-40C4547EDFEE): 0
LogDevObjectVersion:   Dev-Online (39C831C9-5AE6-47DC-9A44-9C173E1C8E7C): 0
LogDevObjectVersion:   Dev-Physics (78F01B33-EBEA-4F98-B9B4-84EACCB95AA2): 0
LogDevObjectVersion:   Dev-Platform (6631380F-2D4D-43E0-8009-CF276956A95A): 0
LogDevObjectVersion:   Dev-Rendering (12F88B9F-8875-4AFC-A67C-D90C383ABD29): 28
LogDevObjectVersion:   Dev-Sequencer (7B5AE74C-D270-4C10-A958-57980B212A5A): 11
LogDevObjectVersion:   Dev-VR (D7296918-1DD6-4BDD-9DE2-64A83CC13884): 2
LogDevObjectVersion:   Dev-LoadTimes (C2A15278-BFE7-4AFE-6C17-90FF531DF755): 1
LogDevObjectVersion:   Private-Geometry (6EACA3D4-40EC-4CC1-B786-8BED09428FC5): 3
LogDevObjectVersion:   Dev-AnimPhys (29E575DD-E0A3-4627-9D10-D276232CDCEA): 17
LogDevObjectVersion:   Dev-Anim (AF43A65D-7FD3-4947-9873-3E8ED9C1BB05): 2
LogDevObjectVersion:   Dev-ReflectionCapture (6B266CEC-1EC7-4B8F-A30B-E4D90942FC07): 1
LogDevObjectVersion:   Dev-Automation (0DF73D61-A23F-47EA-B727-89E90C41499A): 1
LogDevObjectVersion:   FortniteMain (601D1886-AC64-4F84-AA16-D3DE0DEAC7D6): 25
LogDevObjectVersion:   Dev-Enterprise (9DFFBCD6-494F-0158-E221-12823C92A888): 6
LogDevObjectVersion:   Dev-Niagara (F2AED0AC-9AFE-416F-8664-AA7FFA26D6FC): 1
LogDevObjectVersion:   Dev-Destruction (174F1F0B-B4C6-45A5-B13F-2EE8D0FB917D): 2
LogInit: Presizing for max 16777216 objects, including 0 objects not considered by GC, pre-allocating 0 bytes for permanent pool.
LogInit: Object subsystem initialized
LogConfig: Setting CVar [[con.DebugEarlyDefault:1]]
LogConfig: Setting CVar [[r.setres:1280x720]]
[2021.09.23-16.20.00:005][  0]LogConfig: Setting CVar [[r.VSync:0]]
[2021.09.23-16.20.00:005][  0]LogConfig: Setting CVar [[r.RHICmdBypass:0]]
[2021.09.23-16.20.00:006][  0]LogConfig: Applying CVar settings from Section [/Script/Engine.RendererSettings] File [C:/Users/ADMIN/Documents/GitHub/theshwetapatil/COOP-Game-UE4/COOPGame/Saved/Config/Windows/Engine.ini]
[2021.09.23-16.20.00:006][  0]LogConfig: Setting CVar [[r.GPUCrashDebugging:0]]
[2021.09.23-16.20.00:006][  0]LogConfig: Setting CVar [[r.DefaultFeature.AutoExposure.ExtendDefaultLuminanceRange:1]]
[2021.09.23-16.20.00:006][  0]LogConfig: Applying CVar settings from Section [/Script/Engine.RendererOverrideSettings] File [C:/Users/ADMIN/Documents/GitHub/theshwetapatil/COOP-Game-UE4/COOPGame/Saved/Config/Windows/Engine.ini]
[2021.09.23-16.20.00:006][  0]LogConfig: Applying CVar settings from Section [/Script/Engine.StreamingSettings] File [C:/Users/ADMIN/Documents/GitHub/theshwetapatil/COOP-Game-UE4/COOPGame/Saved/Config/Windows/Engine.ini]
[2021.09.23-16.20.00:006][  0]LogConfig: Setting CVar [[s.MinBulkDataSizeForAsyncLoading:131072]]
[2021.09.23-16.20.00:006][  0]LogConfig: Setting CVar [[s.AsyncLoadingThreadEnabled:0]]
[2021.09.23-16.20.00:006][  0]LogConfig: Setting CVar [[s.EventDrivenLoaderEnabled:1]]
[2021.09.23-16.20.00:006][  0]LogConfig: Setting CVar [[s.WarnIfTimeLimitExceeded:0]]
[2021.09.23-16.20.00:006][  0]LogConfig: Setting CVar [[s.TimeLimitExceededMultiplier:1.5]]
[2021.09.23-16.20.00:006][  0]LogConfig: Setting CVar [[s.TimeLimitExceededMinTime:0.005]]
[2021.09.23-16.20.00:006][  0]LogConfig: Setting CVar [[s.UseBackgroundLevelStreaming:1]]
[2021.09.23-16.20.00:006][  0]LogConfig: Setting CVar [[s.PriorityAsyncLoadingExtraTime:15.0]]
[2021.09.23-16.20.00:006][  0]LogConfig: Setting CVar [[s.LevelStreamingActorsUpdateTimeLimit:5.0]]
[2021.09.23-16.20.00:006][  0]LogConfig: Setting CVar [[s.PriorityLevelStreamingActorsUpdateExtraTime:5.0]]
[2021.09.23-16.20.00:006][  0]LogConfig: Setting CVar [[s.LevelStreamingComponentsRegistrationGranularity:10]]
[2021.09.23-16.20.00:006][  0]LogConfig: Setting CVar [[s.UnregisterComponentsTimeLimit:1.0]]
[2021.09.23-16.20.00:006][  0]LogConfig: Setting CVar [[s.LevelStreamingComponentsUnregistrationGranularity:5]]
[2021.09.23-16.20.00:006][  0]LogConfig: Applying CVar settings from Section [/Script/Engine.GarbageCollectionSettings] File [C:/Users/ADMIN/Documents/GitHub/theshwetapatil/COOP-Game-UE4/COOPGame/Saved/Config/Windows/Engine.ini]
[2021.09.23-16.20.00:006][  0]LogConfig: Setting CVar [[gc.MaxObjectsNotConsideredByGC:1]]
[2021.09.23-16.20.00:006][  0]LogConfig: Setting CVar [[gc.SizeOfPermanentObjectPool:0]]
[2021.09.23-16.20.00:006][  0]LogConfig: Setting CVar [[gc.FlushStreamingOnGC:0]]
[2021.09.23-16.20.00:006][  0]LogConfig: Setting CVar [[gc.NumRetriesBeforeForcingGC:10]]
[2021.09.23-16.20.00:006][  0]LogConfig: Setting CVar [[gc.AllowParallelGC:1]]
[2021.09.23-16.20.00:006][  0]LogConfig: Setting CVar [[gc.TimeBetweenPurgingPendingKillObjects:61.1]]
[2021.09.23-16.20.00:006][  0]LogConfig: Setting CVar [[gc.MaxObjectsInEditor:16777216]]
[2021.09.23-16.20.00:006][  0]LogConfig: Setting CVar [[gc.IncrementalBeginDestroyEnabled:1]]
[2021.09.23-16.20.00:006][  0]LogConfig: Setting CVar [[gc.CreateGCClusters:1]]
[2021.09.23-16.20.00:006][  0]LogConfig: Setting CVar [[gc.MinGCClusterSize:5]]
[2021.09.23-16.20.00:006][  0]LogConfig: Setting CVar [[gc.ActorClusteringEnabled:0]]
[2021.09.23-16.20.00:006][  0]LogConfig: Setting CVar [[gc.BlueprintClusteringEnabled:0]]
[2021.09.23-16.20.00:006][  0]LogConfig: Setting CVar [[gc.UseDisregardForGCOnDedicatedServers:0]]
[2021.09.23-16.20.00:006][  0]LogConfig: Applying CVar settings from Section [/Script/Engine.NetworkSettings] File [C:/Users/ADMIN/Documents/GitHub/theshwetapatil/COOP-Game-UE4/COOPGame/Saved/Config/Windows/Engine.ini]
[2021.09.23-16.20.00:006][  0]LogConfig: Applying CVar settings from Section [/Script/UnrealEd.CookerSettings] File [C:/Users/ADMIN/Documents/GitHub/theshwetapatil/COOP-Game-UE4/COOPGame/Saved/Config/Windows/Engine.ini]
[2021.09.23-16.20.00:032][  0]LogConfig: Applying CVar settings from Section [ViewDistanceQuality@3] File [C:/Users/ADMIN/Documents/GitHub/theshwetapatil/COOP-Game-UE4/COOPGame/Saved/Config/Windows/Scalability.ini]
[2021.09.23-16.20.00:032][  0]LogConfig: Setting CVar [[r.SkeletalMeshLODBias:0]]
[2021.09.23-16.20.00:032][  0]LogConfig: Setting CVar [[r.ViewDistanceScale:1.0]]
[2021.09.23-16.20.00:032][  0]LogConfig: Applying CVar settings from Section [AntiAliasingQuality@3] File [C:/Users/ADMIN/Documents/GitHub/theshwetapatil/COOP-Game-UE4/COOPGame/Saved/Config/Windows/Scalability.ini]
[2021.09.23-16.20.00:032][  0]LogConfig: Setting CVar [[r.PostProcessAAQuality:4]]
[2021.09.23-16.20.00:032][  0]LogConfig: Applying CVar settings from Section [ShadowQuality@3] File [C:/Users/ADMIN/Documents/GitHub/theshwetapatil/COOP-Game-UE4/COOPGame/Saved/Config/Windows/Scalability.ini]
[2021.09.23-16.20.00:032][  0]LogConfig: Setting CVar [[r.LightFunctionQuality:1]]
[2021.09.23-16.20.00:032][  0]LogConfig: Setting CVar [[r.ShadowQuality:5]]
[2021.09.23-16.20.00:032][  0]LogConfig: Setting CVar [[r.Shadow.CSM.MaxCascades:10]]
[2021.09.23-16.20.00:032][  0]LogConfig: Setting CVar [[r.Shadow.MaxResolution:2048]]
[2021.09.23-16.20.00:032][  0]LogConfig: Setting CVar [[r.Shadow.MaxCSMResolution:2048]]
[2021.09.23-16.20.00:032][  0]LogConfig: Setting CVar [[r.Shadow.RadiusThreshold:0.01]]
[2021.09.23-16.20.00:032][  0]LogConfig: Setting CVar [[r.Shadow.DistanceScale:1.0]]
[2021.09.23-16.20.00:032][  0]LogConfig: Setting CVar [[r.Shadow.CSM.TransitionScale:1.0]]
[2021.09.23-16.20.00:032][  0]LogConfig: Setting CVar [[r.Shadow.PreShadowResolutionFactor:1.0]]
[2021.09.23-16.20.00:032][  0]LogConfig: Setting CVar [[r.DistanceFieldShadowing:1]]
[2021.09.23-16.20.00:032][  0]LogConfig: Setting CVar [[r.DistanceFieldAO:1]]
[2021.09.23-16.20.00:032][  0]LogConfig: Setting CVar [[r.AOQuality:2]]
[2021.09.23-16.20.00:032][  0]LogConfig: Setting CVar [[r.VolumetricFog:1]]
[2021.09.23-16.20.00:032][  0]LogConfig: Setting CVar [[r.VolumetricFog.GridPixelSize:8]]
[2021.09.23-16.20.00:032][  0]LogConfig: Setting CVar [[r.VolumetricFog.GridSizeZ:128]]
[2021.09.23-16.20.00:032][  0]LogConfig: Setting CVar [[r.VolumetricFog.HistoryMissSupersampleCount:4]]
[2021.09.23-16.20.00:032][  0]LogConfig: Setting CVar [[r.LightMaxDrawDistanceScale:1]]
[2021.09.23-16.20.00:032][  0]LogConfig: Setting CVar [[r.CapsuleShadows:1]]
[2021.09.23-16.20.00:032][  0]LogConfig: Applying CVar settings from Section [PostProcessQuality@3] File [C:/Users/ADMIN/Documents/GitHub/theshwetapatil/COOP-Game-UE4/COOPGame/Saved/Config/Windows/Scalability.ini]
[2021.09.23-16.20.00:032][  0]LogConfig: Setting CVar [[r.MotionBlurQuality:4]]
[2021.09.23-16.20.00:032][  0]LogConfig: Setting CVar [[r.AmbientOcclusionMipLevelFactor:0.4]]
[2021.09.23-16.20.00:032][  0]LogConfig: Setting CVar [[r.AmbientOcclusionMaxQuality:100]]
[2021.09.23-16.20.00:032][  0]LogConfig: Setting CVar [[r.AmbientOcclusionLevels:-1]]
[2021.09.23-16.20.00:032][  0]LogConfig: Setting CVar [[r.AmbientOcclusionRadiusScale:1.0]]
[2021.09.23-16.20.00:032][  0]LogConfig: Setting CVar [[r.DepthOfFieldQuality:2]]
[2021.09.23-16.20.00:032][  0]LogConfig: Setting CVar [[r.RenderTargetPoolMin:400]]
[2021.09.23-16.20.00:033][  0]LogConfig: Setting CVar [[r.LensFlareQuality:2]]
[2021.09.23-16.20.00:033][  0]LogConfig: Setting CVar [[r.SceneColorFringeQuality:1]]
[2021.09.23-16.20.00:033][  0]LogConfig: Setting CVar [[r.EyeAdaptationQuality:2]]
[2021.09.23-16.20.00:033][  0]LogConfig: Setting CVar [[r.BloomQuality:5]]
[2021.09.23-16.20.00:033][  0]LogConfig: Setting CVar [[r.FastBlurThreshold:100]]
[2021.09.23-16.20.00:033][  0]LogConfig: Setting CVar [[r.Upscale.Quality:3]]
[2021.09.23-16.20.00:033][  0]LogConfig: Setting CVar [[r.Tonemapper.GrainQuantization:1]]
[2021.09.23-16.20.00:033][  0]LogConfig: Setting CVar [[r.LightShaftQuality:1]]
[2021.09.23-16.20.00:033][  0]LogConfig: Setting CVar [[r.Filter.SizeScale:1]]
[2021.09.23-16.20.00:033][  0]LogConfig: Setting CVar [[r.Tonemapper.Quality:5]]
[2021.09.23-16.20.00:033][  0]LogConfig: Setting CVar [[r.DOF.Gather.AccumulatorQuality:1        ; higher gathering accumulator quality]]
[2021.09.23-16.20.00:033][  0]LogConfig: Setting CVar [[r.DOF.Gather.PostfilterMethod:1          ; Median3x3 postfilering method]]
[2021.09.23-16.20.00:033][  0]LogConfig: Setting CVar [[r.DOF.Gather.EnableBokehSettings:0       ; no bokeh simulation when gathering]]
[2021.09.23-16.20.00:033][  0]LogConfig: Setting CVar [[r.DOF.Gather.RingCount:4                 ; medium number of samples when gathering]]
[2021.09.23-16.20.00:033][  0]LogConfig: Setting CVar [[r.DOF.Scatter.ForegroundCompositing:1    ; additive foreground scattering]]
[2021.09.23-16.20.00:033][  0]LogConfig: Setting CVar [[r.DOF.Scatter.BackgroundCompositing:2    ; additive background scattering]]
[2021.09.23-16.20.00:033][  0]LogConfig: Setting CVar [[r.DOF.Scatter.EnableBokehSettings:1      ; bokeh simulation when scattering]]
[2021.09.23-16.20.00:033][  0]LogConfig: Setting CVar [[r.DOF.Scatter.MaxSpriteRatio:0.1         ; only a maximum of 10% of scattered bokeh]]
[2021.09.23-16.20.00:033][  0]LogConfig: Setting CVar [[r.DOF.Recombine.Quality:1                ; cheap slight out of focus]]
[2021.09.23-16.20.00:033][  0]LogConfig: Setting CVar [[r.DOF.Recombine.EnableBokehSettings:0    ; no bokeh simulation on slight out of focus]]
[2021.09.23-16.20.00:033][  0]LogConfig: Setting CVar [[r.DOF.TemporalAAQuality:1                ; more stable temporal accumulation]]
[2021.09.23-16.20.00:033][  0]LogConfig: Setting CVar [[r.DOF.Kernel.MaxForegroundRadius:0.025]]
[2021.09.23-16.20.00:033][  0]LogConfig: Setting CVar [[r.DOF.Kernel.MaxBackgroundRadius:0.025]]
[2021.09.23-16.20.00:033][  0]LogConfig: Applying CVar settings from Section [TextureQuality@3] File [C:/Users/ADMIN/Documents/GitHub/theshwetapatil/COOP-Game-UE4/COOPGame/Saved/Config/Windows/Scalability.ini]
[2021.09.23-16.20.00:033][  0]LogConfig: Setting CVar [[r.Streaming.MipBias:0]]
[2021.09.23-16.20.00:033][  0]LogConfig: Setting CVar [[r.Streaming.AmortizeCPUToGPUCopy:0]]
[2021.09.23-16.20.00:033][  0]LogConfig: Setting CVar [[r.Streaming.MaxNumTexturesToStreamPerFrame:0]]
[2021.09.23-16.20.00:033][  0]LogConfig: Setting CVar [[r.Streaming.Boost:1]]
[2021.09.23-16.20.00:033][  0]LogConfig: Setting CVar [[r.MaxAnisotropy:8]]
[2021.09.23-16.20.00:033][  0]LogConfig: Setting CVar [[r.Streaming.LimitPoolSizeToVRAM:0]]
[2021.09.23-16.20.00:033][  0]LogConfig: Setting CVar [[r.Streaming.PoolSize:1000]]
[2021.09.23-16.20.00:033][  0]LogConfig: Setting CVar [[r.Streaming.MaxEffectiveScreenSize:0]]
[2021.09.23-16.20.00:033][  0]LogConfig: Applying CVar settings from Section [EffectsQuality@3] File [C:/Users/ADMIN/Documents/GitHub/theshwetapatil/COOP-Game-UE4/COOPGame/Saved/Config/Windows/Scalability.ini]
[2021.09.23-16.20.00:033][  0]LogConfig: Setting CVar [[r.TranslucencyLightingVolumeDim:64]]
[2021.09.23-16.20.00:033][  0]LogConfig: Setting CVar [[r.RefractionQuality:2]]
[2021.09.23-16.20.00:033][  0]LogConfig: Setting CVar [[r.SSR.Quality:3]]
[2021.09.23-16.20.00:033][  0]LogConfig: Setting CVar [[r.SceneColorFormat:4]]
[2021.09.23-16.20.00:033][  0]LogConfig: Setting CVar [[r.DetailMode:2]]
[2021.09.23-16.20.00:033][  0]LogConfig: Setting CVar [[r.TranslucencyVolumeBlur:1]]
[2021.09.23-16.20.00:033][  0]LogConfig: Setting CVar [[r.MaterialQualityLevel:1 ; High quality]]
[2021.09.23-16.20.00:033][  0]LogConfig: Setting CVar [[r.SSS.Scale:1]]
[2021.09.23-16.20.00:033][  0]LogConfig: Setting CVar [[r.SSS.SampleSet:2]]
[2021.09.23-16.20.00:033][  0]LogConfig: Setting CVar [[r.SSS.Quality:1]]
[2021.09.23-16.20.00:033][  0]LogConfig: Setting CVar [[r.SSS.HalfRes:1]]
[2021.09.23-16.20.00:033][  0]LogConfig: Setting CVar [[r.EmitterSpawnRateScale:1.0]]
[2021.09.23-16.20.00:033][  0]LogConfig: Setting CVar [[r.ParticleLightQuality:2]]
[2021.09.23-16.20.00:033][  0]LogConfig: Applying CVar settings from Section [FoliageQuality@3] File [C:/Users/ADMIN/Documents/GitHub/theshwetapatil/COOP-Game-UE4/COOPGame/Saved/Config/Windows/Scalability.ini]
[2021.09.23-16.20.00:033][  0]LogConfig: Setting CVar [[foliage.DensityScale:1.0]]
[2021.09.23-16.20.00:033][  0]LogConfig: Setting CVar [[grass.DensityScale:1.0]]
[2021.09.23-16.20.00:037][  0]LogInit: Selected Device Profile: [Windows]
[2021.09.23-16.20.00:038][  0]LogInit: Applying CVar settings loaded from the selected device profile: [Windows]
[2021.09.23-16.20.00:064][  0]LogHAL: Display: Platform has ~ 16 GB [17125855232 / 17179869184 / 16], which maps to Larger [LargestMinGB=32, LargerMinGB=12, DefaultMinGB=8, SmallerMinGB=6, SmallestMinGB=0)
[2021.09.23-16.20.00:068][  0]LogConfig: Setting CVar [[r.Vulkan.UseRealUBs:0		; Required until we fix HLR fall-out]]
[2021.09.23-16.20.00:068][  0]LogInit: Going up to parent DeviceProfile []
[2021.09.23-16.20.00:070][  0]LogConfig: Applying CVar settings from Section [ViewDistanceQuality@3] File [C:/Users/ADMIN/Documents/GitHub/theshwetapatil/COOP-Game-UE4/COOPGame/Saved/Config/Windows/Scalability.ini]
[2021.09.23-16.20.00:070][  0]LogConfig: Setting CVar [[r.SkeletalMeshLODBias:0]]
[2021.09.23-16.20.00:070][  0]LogConfig: Setting CVar [[r.ViewDistanceScale:1.0]]
[2021.09.23-16.20.00:070][  0]LogConfig: Applying CVar settings from Section [AntiAliasingQuality@3] File [C:/Users/ADMIN/Documents/GitHub/theshwetapatil/COOP-Game-UE4/COOPGame/Saved/Config/Windows/Scalability.ini]
[2021.09.23-16.20.00:070][  0]LogConfig: Setting CVar [[r.PostProcessAAQuality:4]]
[2021.09.23-16.20.00:070][  0]LogConfig: Applying CVar settings from Section [ShadowQuality@3] File [C:/Users/ADMIN/Documents/GitHub/theshwetapatil/COOP-Game-UE4/COOPGame/Saved/Config/Windows/Scalability.ini]
[2021.09.23-16.20.00:070][  0]LogConfig: Setting CVar [[r.LightFunctionQuality:1]]
[2021.09.23-16.20.00:070][  0]LogConfig: Setting CVar [[r.ShadowQuality:5]]
[2021.09.23-16.20.00:070][  0]LogConfig: Setting CVar [[r.Shadow.CSM.MaxCascades:10]]
[2021.09.23-16.20.00:070][  0]LogConfig: Setting CVar [[r.Shadow.MaxResolution:2048]]
[2021.09.23-16.20.00:070][  0]LogConfig: Setting CVar [[r.Shadow.MaxCSMResolution:2048]]
[2021.09.23-16.20.00:070][  0]LogConfig: Setting CVar [[r.Shadow.RadiusThreshold:0.01]]
[2021.09.23-16.20.00:070][  0]LogConfig: Setting CVar [[r.Shadow.DistanceScale:1.0]]
[2021.09.23-16.20.00:070][  0]LogConfig: Setting CVar [[r.Shadow.CSM.TransitionScale:1.0]]
[2021.09.23-16.20.00:071][  0]LogConfig: Setting CVar [[r.Shadow.PreShadowResolutionFactor:1.0]]
[2021.09.23-16.20.00:071][  0]LogConfig: Setting CVar [[r.DistanceFieldShadowing:1]]
[2021.09.23-16.20.00:071][  0]LogConfig: Setting CVar [[r.DistanceFieldAO:1]]
[2021.09.23-16.20.00:071][  0]LogConfig: Setting CVar [[r.AOQuality:2]]
[2021.09.23-16.20.00:071][  0]LogConfig: Setting CVar [[r.VolumetricFog:1]]
[2021.09.23-16.20.00:071][  0]LogConfig: Setting CVar [[r.VolumetricFog.GridPixelSize:8]]
[2021.09.23-16.20.00:071][  0]LogConfig: Setting CVar [[r.VolumetricFog.GridSizeZ:128]]
[2021.09.23-16.20.00:071][  0]LogConfig: Setting CVar [[r.VolumetricFog.HistoryMissSupersampleCount:4]]
[2021.09.23-16.20.00:071][  0]LogConfig: Setting CVar [[r.LightMaxDrawDistanceScale:1]]
[2021.09.23-16.20.00:071][  0]LogConfig: Setting CVar [[r.CapsuleShadows:1]]
[2021.09.23-16.20.00:071][  0]LogConfig: Applying CVar settings from Section [PostProcessQuality@3] File [C:/Users/ADMIN/Documents/GitHub/theshwetapatil/COOP-Game-UE4/COOPGame/Saved/Config/Windows/Scalability.ini]
[2021.09.23-16.20.00:071][  0]LogConfig: Setting CVar [[r.MotionBlurQuality:4]]
[2021.09.23-16.20.00:071][  0]LogConfig: Setting CVar [[r.AmbientOcclusionMipLevelFactor:0.4]]
[2021.09.23-16.20.00:071][  0]LogConfig: Setting CVar [[r.AmbientOcclusionMaxQuality:100]]
[2021.09.23-16.20.00:071][  0]LogConfig: Setting CVar [[r.AmbientOcclusionLevels:-1]]
[2021.09.23-16.20.00:071][  0]LogConfig: Setting CVar [[r.AmbientOcclusionRadiusScale:1.0]]
[2021.09.23-16.20.00:071][  0]LogConfig: Setting CVar [[r.DepthOfFieldQuality:2]]
[2021.09.23-16.20.00:071][  0]LogConfig: Setting CVar [[r.RenderTargetPoolMin:400]]
[2021.09.23-16.20.00:071][  0]LogConfig: Setting CVar [[r.LensFlareQuality:2]]
[2021.09.23-16.20.00:071][  0]LogConfig: Setting CVar [[r.SceneColorFringeQuality:1]]
[2021.09.23-16.20.00:071][  0]LogConfig: Setting CVar [[r.EyeAdaptationQuality:2]]
[2021.09.23-16.20.00:071][  0]LogConfig: Setting CVar [[r.BloomQuality:5]]
[2021.09.23-16.20.00:071][  0]LogConfig: Setting CVar [[r.FastBlurThreshold:100]]
[2021.09.23-16.20.00:071][  0]LogConfig: Setting CVar [[r.Upscale.Quality:3]]
[2021.09.23-16.20.00:071][  0]LogConfig: Setting CVar [[r.Tonemapper.GrainQuantization:1]]
[2021.09.23-16.20.00:071][  0]LogConfig: Setting CVar [[r.LightShaftQuality:1]]
[2021.09.23-16.20.00:071][  0]LogConfig: Setting CVar [[r.Filter.SizeScale:1]]
[2021.09.23-16.20.00:071][  0]LogConfig: Setting CVar [[r.Tonemapper.Quality:5]]
[2021.09.23-16.20.00:072][  0]LogConfig: Setting CVar [[r.DOF.Gather.AccumulatorQuality:1        ; higher gathering accumulator quality]]
[2021.09.23-16.20.00:072][  0]LogConfig: Setting CVar [[r.DOF.Gather.PostfilterMethod:1          ; Median3x3 postfilering method]]
[2021.09.23-16.20.00:072][  0]LogConfig: Setting CVar [[r.DOF.Gather.EnableBokehSettings:0       ; no bokeh simulation when gathering]]
[2021.09.23-16.20.00:072][  0]LogConfig: Setting CVar [[r.DOF.Gather.RingCount:4                 ; medium number of samples when gathering]]
[2021.09.23-16.20.00:072][  0]LogConfig: Setting CVar [[r.DOF.Scatter.ForegroundCompositing:1    ; additive foreground scattering]]
[2021.09.23-16.20.00:072][  0]LogConfig: Setting CVar [[r.DOF.Scatter.BackgroundCompositing:2    ; additive background scattering]]
[2021.09.23-16.20.00:072][  0]LogConfig: Setting CVar [[r.DOF.Scatter.EnableBokehSettings:1      ; bokeh simulation when scattering]]
[2021.09.23-16.20.00:072][  0]LogConfig: Setting CVar [[r.DOF.Scatter.MaxSpriteRatio:0.1         ; only a maximum of 10% of scattered bokeh]]
[2021.09.23-16.20.00:072][  0]LogConfig: Setting CVar [[r.DOF.Recombine.Quality:1                ; cheap slight out of focus]]
[2021.09.23-16.20.00:072][  0]LogConfig: Setting CVar [[r.DOF.Recombine.EnableBokehSettings:0    ; no bokeh simulation on slight out of focus]]
[2021.09.23-16.20.00:072][  0]LogConfig: Setting CVar [[r.DOF.TemporalAAQuality:1                ; more stable temporal accumulation]]
[2021.09.23-16.20.00:072][  0]LogConfig: Setting CVar [[r.DOF.Kernel.MaxForegroundRadius:0.025]]
[2021.09.23-16.20.00:072][  0]LogConfig: Setting CVar [[r.DOF.Kernel.MaxBackgroundRadius:0.025]]
[2021.09.23-16.20.00:072][  0]LogConfig: Applying CVar settings from Section [TextureQuality@3] File [C:/Users/ADMIN/Documents/GitHub/theshwetapatil/COOP-Game-UE4/COOPGame/Saved/Config/Windows/Scalability.ini]
[2021.09.23-16.20.00:072][  0]LogConfig: Setting CVar [[r.Streaming.MipBias:0]]
[2021.09.23-16.20.00:072][  0]LogConfig: Setting CVar [[r.Streaming.AmortizeCPUToGPUCopy:0]]
[2021.09.23-16.20.00:072][  0]LogConfig: Setting CVar [[r.Streaming.MaxNumTexturesToStreamPerFrame:0]]
[2021.09.23-16.20.00:072][  0]LogConfig: Setting CVar [[r.Streaming.Boost:1]]
[2021.09.23-16.20.00:072][  0]LogConfig: Setting CVar [[r.MaxAnisotropy:8]]
[2021.09.23-16.20.00:072][  0]LogConfig: Setting CVar [[r.Streaming.LimitPoolSizeToVRAM:0]]
[2021.09.23-16.20.00:073][  0]LogConfig: Setting CVar [[r.Streaming.PoolSize:1000]]
[2021.09.23-16.20.00:073][  0]LogConfig: Setting CVar [[r.Streaming.MaxEffectiveScreenSize:0]]
[2021.09.23-16.20.00:073][  0]LogConfig: Applying CVar settings from Section [EffectsQuality@3] File [C:/Users/ADMIN/Documents/GitHub/theshwetapatil/COOP-Game-UE4/COOPGame/Saved/Config/Windows/Scalability.ini]
[2021.09.23-16.20.00:073][  0]LogConfig: Setting CVar [[r.TranslucencyLightingVolumeDim:64]]
[2021.09.23-16.20.00:073][  0]LogConfig: Setting CVar [[r.RefractionQuality:2]]
[2021.09.23-16.20.00:073][  0]LogConfig: Setting CVar [[r.SSR.Quality:3]]
[2021.09.23-16.20.00:073][  0]LogConfig: Setting CVar [[r.SceneColorFormat:4]]
[2021.09.23-16.20.00:073][  0]LogConfig: Setting CVar [[r.DetailMode:2]]
[2021.09.23-16.20.00:073][  0]LogConfig: Setting CVar [[r.TranslucencyVolumeBlur:1]]
[2021.09.23-16.20.00:073][  0]LogConfig: Setting CVar [[r.MaterialQualityLevel:1 ; High quality]]
[2021.09.23-16.20.00:073][  0]LogConfig: Setting CVar [[r.SSS.Scale:1]]
[2021.09.23-16.20.00:073][  0]LogConfig: Setting CVar [[r.SSS.SampleSet:2]]
[2021.09.23-16.20.00:073][  0]LogConfig: Setting CVar [[r.SSS.Quality:1]]
[2021.09.23-16.20.00:073][  0]LogConfig: Setting CVar [[r.SSS.HalfRes:1]]
[2021.09.23-16.20.00:073][  0]LogConfig: Setting CVar [[r.EmitterSpawnRateScale:1.0]]
[2021.09.23-16.20.00:073][  0]LogConfig: Setting CVar [[r.ParticleLightQuality:2]]
[2021.09.23-16.20.00:073][  0]LogConfig: Applying CVar settings from Section [FoliageQuality@3] File [C:/Users/ADMIN/Documents/GitHub/theshwetapatil/COOP-Game-UE4/COOPGame/Saved/Config/Windows/Scalability.ini]
[2021.09.23-16.20.00:073][  0]LogConfig: Setting CVar [[foliage.DensityScale:1.0]]
[2021.09.23-16.20.00:073][  0]LogConfig: Setting CVar [[grass.DensityScale:1.0]]
[2021.09.23-16.20.00:073][  0]LogConfig: Applying CVar settings from Section [Startup] File [../../../Engine/Config/ConsoleVariables.ini]
[2021.09.23-16.20.00:075][  0]LogConfig: Setting CVar [[net.UseAdaptiveNetUpdateFrequency:0]]
[2021.09.23-16.20.00:075][  0]LogConfig: Setting CVar [[p.chaos.AllowCreatePhysxBodies:1]]
[2021.09.23-16.20.00:075][  0]LogConfig: Applying CVar settings from Section [ConsoleVariables] File [C:/Users/ADMIN/Documents/GitHub/theshwetapatil/COOP-Game-UE4/COOPGame/Saved/Config/Windows/Engine.ini]
[2021.09.23-16.20.00:077][  0]LogInit: Computer: DESKTOP-C697CL8
[2021.09.23-16.20.00:077][  0]LogInit: User: ADMIN
[2021.09.23-16.20.00:077][  0]LogInit: CPU Page size=4096, Cores=4
[2021.09.23-16.20.00:077][  0]LogInit: High frequency timer resolution =10.000000 MHz
[2021.09.23-16.20.00:080][  0]LogMemory: Memory total: Physical=15.9GB (16GB approx)
[2021.09.23-16.20.00:080][  0]LogMemory: Platform Memory Stats for Windows
[2021.09.23-16.20.00:080][  0]LogMemory: Process Physical Memory: 99.57 MB used, 99.57 MB peak
[2021.09.23-16.20.00:080][  0]LogMemory: Process Virtual Memory: 97.64 MB used, 97.64 MB peak
[2021.09.23-16.20.00:080][  0]LogMemory: Physical Memory: 5251.41 MB used,  11081.08 MB free, 16332.49 MB total
[2021.09.23-16.20.00:080][  0]LogMemory: Virtual Memory: 4651.25 MB used,  134213080.00 MB free, 134217728.00 MB total
[2021.09.23-16.20.00:478][  0]LogInit: Using OS detected language (en-US).
[2021.09.23-16.20.00:478][  0]LogInit: Using OS detected locale (en-US).
[2021.09.23-16.20.00:493][  0]LogTextLocalizationManager: No specific localization for 'en-US' exists, so the 'en' localization will be used.
[2021.09.23-16.20.00:959][  0]LogInit: Setting process to per monitor DPI aware
[2021.09.23-16.20.01:127][  0]LogSlate: New Slate User Created.  User Index 0, Is Virtual User: 0
[2021.09.23-16.20.01:127][  0]LogSlate: Slate User Registered.  User Index 0, Is Virtual User: 0
[2021.09.23-16.20.01:989][  0]LogHMD: Failed to initialize OpenVR with code 110
[2021.09.23-16.20.01:989][  0]LogD3D11RHI: D3D11 adapters:
[2021.09.23-16.20.02:095][  0]LogD3D11RHI:    0. 'NVIDIA GeForce GTX 1050 Ti' (Feature Level 11_0)
[2021.09.23-16.20.02:096][  0]LogD3D11RHI:       4018/0/8166 MB DedicatedVideo/DedicatedSystem/SharedSystem, Outputs:2, VendorId:0x10de
[2021.09.23-16.20.02:099][  0]LogD3D11RHI:    1. 'Microsoft Basic Render Driver' (Feature Level 11_0)
[2021.09.23-16.20.02:099][  0]LogD3D11RHI:       0/0/8166 MB DedicatedVideo/DedicatedSystem/SharedSystem, Outputs:0, VendorId:0x1414
[2021.09.23-16.20.02:099][  0]LogD3D11RHI: Chosen D3D11 Adapter: 0
[2021.09.23-16.20.02:111][  0]LogD3D11RHI: Creating new Direct3DDevice
[2021.09.23-16.20.02:111][  0]LogD3D11RHI:     GPU DeviceId: 0x1c82 (for the marketing name, search the web for "GPU Device Id")
[2021.09.23-16.20.02:111][  0]LogWindows: EnumDisplayDevices:
[2021.09.23-16.20.02:111][  0]LogWindows:    0. 'NVIDIA GeForce GTX 1050 Ti' (P:1 D:1)
[2021.09.23-16.20.02:112][  0]LogWindows:    1. 'NVIDIA GeForce GTX 1050 Ti' (P:0 D:1)
[2021.09.23-16.20.02:113][  0]LogWindows:    2. 'NVIDIA GeForce GTX 1050 Ti' (P:0 D:0)
[2021.09.23-16.20.02:113][  0]LogWindows:    3. 'NVIDIA GeForce GTX 1050 Ti' (P:0 D:0)
[2021.09.23-16.20.02:113][  0]LogWindows: DebugString: FoundDriverCount:4 
[2021.09.23-16.20.02:113][  0]LogD3D11RHI:     Adapter Name: NVIDIA GeForce GTX 1050 Ti
[2021.09.23-16.20.02:113][  0]LogD3D11RHI:   Driver Version: 456.71 (internal:27.21.14.5671, unified:456.71)
[2021.09.23-16.20.02:114][  0]LogD3D11RHI:      Driver Date: 9-30-2020
[2021.09.23-16.20.02:114][  0]LogRHI: Texture pool is 2812 MB (70% of 4018 MB)
[2021.09.23-16.20.02:205][  0]LogD3D11RHI: Async texture creation enabled
[2021.09.23-16.20.02:253][  0]LogRendererCore: FGlobalReadBuffer::InitRHI
[2021.09.23-16.20.02:259][  0]LogRendererCore: FGlobalReadBuffer::InitRHI
[2021.09.23-16.20.02:259][  0]LogRendererCore: FGlobalReadBuffer::InitRHI
[2021.09.23-16.20.02:284][  0]LogD3D11RHI: GPU Timing Frequency: 1000.000000 (Debug: 2 1)
[2021.09.23-16.20.02:783][  0]LogTemp: Display: Module 'AllDesktopTargetPlatform' loaded TargetPlatform 'AllDesktop'
[2021.09.23-16.20.02:804][  0]LogTemp: Display: Module 'MacClientTargetPlatform' loaded TargetPlatform 'MacClient'
[2021.09.23-16.20.02:828][  0]LogTemp: Display: Module 'MacNoEditorTargetPlatform' loaded TargetPlatform 'MacNoEditor'
[2021.09.23-16.20.02:858][  0]LogTemp: Display: Module 'MacServerTargetPlatform' loaded TargetPlatform 'MacServer'
[2021.09.23-16.20.02:885][  0]LogTemp: Display: Module 'MacTargetPlatform' loaded TargetPlatform 'Mac'
[2021.09.23-16.20.02:919][  0]LogTemp: Display: Module 'WindowsClientTargetPlatform' loaded TargetPlatform 'WindowsClient'
[2021.09.23-16.20.02:945][  0]LogTemp: Display: Module 'WindowsNoEditorTargetPlatform' loaded TargetPlatform 'WindowsNoEditor'
[2021.09.23-16.20.02:974][  0]LogTemp: Display: Module 'WindowsServerTargetPlatform' loaded TargetPlatform 'WindowsServer'
[2021.09.23-16.20.03:000][  0]LogTemp: Display: Module 'WindowsTargetPlatform' loaded TargetPlatform 'Windows'
[2021.09.23-16.20.03:132][  0]LogTemp: Display: Module 'AndroidTargetPlatform' loaded TargetPlatform 'Android'
[2021.09.23-16.20.03:132][  0]LogTemp: Display: Module 'AndroidTargetPlatform' loaded TargetPlatform 'Android_ASTC'
[2021.09.23-16.20.03:132][  0]LogTemp: Display: Module 'AndroidTargetPlatform' loaded TargetPlatform 'Android_ATC'
[2021.09.23-16.20.03:132][  0]LogTemp: Display: Module 'AndroidTargetPlatform' loaded TargetPlatform 'Android_DXT'
[2021.09.23-16.20.03:132][  0]LogTemp: Display: Module 'AndroidTargetPlatform' loaded TargetPlatform 'Android_ETC1'
[2021.09.23-16.20.03:132][  0]LogTemp: Display: Module 'AndroidTargetPlatform' loaded TargetPlatform 'Android_ETC1a'
[2021.09.23-16.20.03:132][  0]LogTemp: Display: Module 'AndroidTargetPlatform' loaded TargetPlatform 'Android_ETC2'
[2021.09.23-16.20.03:132][  0]LogTemp: Display: Module 'AndroidTargetPlatform' loaded TargetPlatform 'Android_PVRTC'
[2021.09.23-16.20.03:132][  0]LogTemp: Display: Module 'AndroidTargetPlatform' loaded TargetPlatform 'AndroidClient'
[2021.09.23-16.20.03:132][  0]LogTemp: Display: Module 'AndroidTargetPlatform' loaded TargetPlatform 'Android_ASTCClient'
[2021.09.23-16.20.03:132][  0]LogTemp: Display: Module 'AndroidTargetPlatform' loaded TargetPlatform 'Android_ATCClient'
[2021.09.23-16.20.03:132][  0]LogTemp: Display: Module 'AndroidTargetPlatform' loaded TargetPlatform 'Android_DXTClient'
[2021.09.23-16.20.03:132][  0]LogTemp: Display: Module 'AndroidTargetPlatform' loaded TargetPlatform 'Android_ETC1Client'
[2021.09.23-16.20.03:132][  0]LogTemp: Display: Module 'AndroidTargetPlatform' loaded TargetPlatform 'Android_ETC1aClient'
[2021.09.23-16.20.03:132][  0]LogTemp: Display: Module 'AndroidTargetPlatform' loaded TargetPlatform 'Android_ETC2Client'
[2021.09.23-16.20.03:132][  0]LogTemp: Display: Module 'AndroidTargetPlatform' loaded TargetPlatform 'Android_PVRTCClient'
[2021.09.23-16.20.03:132][  0]LogTemp: Display: Module 'AndroidTargetPlatform' loaded TargetPlatform 'Android_Multi'
[2021.09.23-16.20.03:132][  0]LogTemp: Display: Module 'AndroidTargetPlatform' loaded TargetPlatform 'Android_MultiClient'
[2021.09.23-16.20.03:149][  0]LogTemp: Display: Module 'HTML5TargetPlatform' loaded TargetPlatform 'HTML5'
[2021.09.23-16.20.03:270][  0]LogTemp: Display: Module 'IOSTargetPlatform' loaded TargetPlatform 'IOSClient'
[2021.09.23-16.20.03:270][  0]LogTemp: Display: Module 'IOSTargetPlatform' loaded TargetPlatform 'IOS'
[2021.09.23-16.20.03:305][  0]LogTemp: Display: Module 'TVOSTargetPlatform' loaded TargetPlatform 'TVOSClient'
[2021.09.23-16.20.03:305][  0]LogTemp: Display: Module 'TVOSTargetPlatform' loaded TargetPlatform 'TVOS'
[2021.09.23-16.20.03:333][  0]LogTemp: Display: Module 'LinuxClientTargetPlatform' loaded TargetPlatform 'LinuxClient'
[2021.09.23-16.20.03:355][  0]LogTemp: Display: Module 'LinuxNoEditorTargetPlatform' loaded TargetPlatform 'LinuxNoEditor'
[2021.09.23-16.20.03:375][  0]LogTemp: Display: Module 'LinuxServerTargetPlatform' loaded TargetPlatform 'LinuxServer'
[2021.09.23-16.20.03:398][  0]LogTemp: Display: Module 'LinuxTargetPlatform' loaded TargetPlatform 'Linux'
[2021.09.23-16.20.03:473][  0]LogTemp: Display: Module 'LuminTargetPlatform' loaded TargetPlatform 'Lumin'
[2021.09.23-16.20.03:473][  0]LogTemp: Display: Module 'LuminTargetPlatform' loaded TargetPlatform 'LuminClient'
[2021.09.23-16.20.03:474][  0]LogTargetPlatformManager: Display: Building Assets For Windows
[2021.09.23-16.20.03:505][  0]LogAudioDebug: Display: Lib vorbis DLL was dynamically loaded.
[2021.09.23-16.20.03:750][  0]LogShaderCompilers: Guid format shader working directory is -38 characters bigger than the processId version (../../../../../../Users/ADMIN/Documents/GitHub/theshwetapatil/COOP-Game-UE4/COOPGame/Intermediate/Shaders/WorkingDirectory/4496/).
[2021.09.23-16.20.03:750][  0]LogShaderCompilers: Cleaned the shader compiler working directory 'C:/Users/ADMIN/AppData/Local/Temp/UnrealShaderWorkingDir/8FEB14064D4A38702C7819A0D53B2C86/'.
[2021.09.23-16.20.03:756][  0]LogXGEController: Cleaning working directory: C:/Users/ADMIN/AppData/Local/Temp/UnrealXGEWorkingDir/
[2021.09.23-16.20.03:757][  0]LogXGEController: Cannot use XGE Controller as Incredibuild is not installed on this machine.
[2021.09.23-16.20.03:758][  0]LogShaderCompilers: Cannot use XGE Shader Compiler as Incredibuild is not installed on this machine.
[2021.09.23-16.20.03:758][  0]LogShaderCompilers: Display: Using Local Shader Compiler.
[2021.09.23-16.20.05:815][  0]LogDerivedDataCache: Display: Max Cache Size: 512 MB
[2021.09.23-16.20.06:061][  0]LogDerivedDataCache: Loaded boot cache 0.24s 71MB C:/Users/ADMIN/AppData/Local/UnrealEngine/4.22/DerivedDataCache/Boot.ddc.
[2021.09.23-16.20.06:061][  0]LogDerivedDataCache: Display: Loaded Boot cache: C:/Users/ADMIN/AppData/Local/UnrealEngine/4.22/DerivedDataCache/Boot.ddc
[2021.09.23-16.20.06:061][  0]LogDerivedDataCache: FDerivedDataBackendGraph:  Pak pak cache file ../../../../../../Users/ADMIN/Documents/GitHub/theshwetapatil/COOP-Game-UE4/COOPGame/DerivedDataCache/DDC.ddp not found, will not use a pak cache.
[2021.09.23-16.20.06:061][  0]LogDerivedDataCache: Unable to find inner node Pak for hierarchical cache Hierarchy.
[2021.09.23-16.20.06:061][  0]LogDerivedDataCache: FDerivedDataBackendGraph:  CompressedPak pak cache file ../../../../../../Users/ADMIN/Documents/GitHub/theshwetapatil/COOP-Game-UE4/COOPGame/DerivedDataCache/Compressed.ddp not found, will not use a pak cache.
[2021.09.23-16.20.06:061][  0]LogDerivedDataCache: Unable to find inner node CompressedPak for hierarchical cache Hierarchy.
[2021.09.23-16.20.06:083][  0]LogDerivedDataCache: Display: Pak cache opened for reading ../../../Engine/DerivedDataCache/Compressed.ddp.
[2021.09.23-16.20.06:083][  0]LogDerivedDataCache: FDerivedDataBackendGraph:  EnterprisePak pak cache file ../../../Enterprise/DerivedDataCache/Compressed.ddp not found, will not use a pak cache.
[2021.09.23-16.20.06:083][  0]LogDerivedDataCache: Unable to find inner node EnterprisePak for hierarchical cache Hierarchy.
[2021.09.23-16.20.06:097][  0]LogDerivedDataCache: Using Local data cache path C:/Users/ADMIN/AppData/Local/UnrealEngine/Common/DerivedDataCache: Writable
[2021.09.23-16.20.06:097][  0]LogDerivedDataCache: Shared data cache path not found in *engine.ini, will not use an Shared cache.
[2021.09.23-16.20.06:097][  0]LogDerivedDataCache: Unable to find inner node Shared for hierarchical cache Hierarchy.
[2021.09.23-16.20.06:136][  0]LogMaterial: Verifying Global Shaders for PCD3D_SM5
[2021.09.23-16.20.06:153][  0]LogSlate: Using FreeType 2.6.0
[2021.09.23-16.20.06:161][  0]LogSlate: SlateFontServices - WITH_FREETYPE: 1, WITH_HARFBUZZ: 1
[2021.09.23-16.20.06:475][  0]LogAssetRegistry: FAssetRegistry took 0.0410 seconds to start up
[2021.09.23-16.20.07:522][  0]LogInit: Selected Device Profile: [Windows]
[2021.09.23-16.20.08:151][  0]LogMeshReduction: Using QuadricMeshReduction for automatic static mesh reduction
[2021.09.23-16.20.08:151][  0]LogMeshReduction: Using SimplygonMeshReduction for automatic skeletal mesh reduction
[2021.09.23-16.20.08:151][  0]LogMeshReduction: Using ProxyLODMeshReduction for automatic mesh merging
[2021.09.23-16.20.08:151][  0]LogMeshReduction: No distributed automatic mesh merging module available
[2021.09.23-16.20.08:152][  0]LogMeshMerging: No distributed automatic mesh merging module available
[2021.09.23-16.20.08:281][  0]LogNetVersion: COOPGame 1.0.0, NetCL: 5660361, EngineNetVer: 10, GameNetVer: 0 (Checksum: 3513699854)
[2021.09.23-16.20.09:662][  0]LogPackageLocalizationCache: Processed 10 localized package path(s) for 1 prioritized culture(s) in 0.052926 seconds
[2021.09.23-16.20.09:672][  0]LogUObjectArray: 42205 objects as part of root set at end of initial load.
[2021.09.23-16.20.09:672][  0]LogUObjectAllocator: 7325032 out of 0 bytes used by permanent object pool.
[2021.09.23-16.20.09:672][  0]LogUObjectArray: CloseDisregardForGC: 0/0 objects in disregard for GC pool
[2021.09.23-16.20.13:065][  0]LogTcpMessaging: Initializing TcpMessaging bridge
[2021.09.23-16.20.13:087][  0]LogUdpMessaging: Initializing bridge on interface 0.0.0.0:0 to multicast group 230.0.0.1:6666.
[2021.09.23-16.20.13:387][  0]SourceControl: Source control is disabled
[2021.09.23-16.20.13:388][  0]SourceControl: Source control is disabled
[2021.09.23-16.20.13:411][  0]SourceControl: Source control is disabled
[2021.09.23-16.20.13:420][  0]SourceControl: Source control is disabled
[2021.09.23-16.20.13:923][  0]LogAndroidPermission: UAndroidPermissionCallbackProxy::GetInstance
[2021.09.23-16.20.14:218][  0]LogOcInput: OculusInput pre-init called
[2021.09.23-16.20.16:448][  0]LogEngine: Initializing Engine...
[2021.09.23-16.20.16:486][  0]LogHMD: Failed to initialize OpenVR with code 110
[2021.09.23-16.20.16:532][  0]LogStats: UGameplayTagsManager::InitializeManager -  0.030 s
[2021.09.23-16.20.17:466][  0]LogInit: Initializing FReadOnlyCVARCache
[2021.09.23-16.20.17:931][  0]LogAIModule: Creating AISystem for world Untitled
[2021.09.23-16.20.17:992][  0]LogInit: XAudio2 using 'Speakers (Realtek(R) Audio)' : 2 channels at 48 kHz using 32 bits per sample (channel mask 0x3)
[2021.09.23-16.20.18:029][  0]LogInit: FAudioDevice initialized.
[2021.09.23-16.20.18:029][  0]LogNetVersion: Set ProjectVersion to 1.0.0.0. Version Checksum will be recalculated on next use.
[2021.09.23-16.20.18:442][  0]LogDerivedDataCache: Saved boot cache 0.41s 71MB C:/Users/ADMIN/AppData/Local/UnrealEngine/4.22/DerivedDataCache/Boot.ddc.
[2021.09.23-16.20.18:445][  0]LogInit: Texture streaming: Enabled
[2021.09.23-16.20.18:493][  0]LogEngineSessionManager: EngineSessionManager initialized
[2021.09.23-16.20.18:494][  0]LogEngineSessionManager: EngineSessionManager sent abnormal shutdown report. Type=AbnormalShutdown, SessionId={5BF0DD0C-4368-FE69-C81B-D493E0565954}
[2021.09.23-16.20.18:555][  0]LogInit: Transaction tracking system initialized
[2021.09.23-16.20.18:670][  0]BlueprintLog: New page: Editor Load
[2021.09.23-16.20.19:123][  0]LocalizationService: Localization service is disabled
[2021.09.23-16.20.20:152][  0]LogFileCache: Scanning file cache for directory 'C:/Users/ADMIN/Documents/GitHub/theshwetapatil/COOP-Game-UE4/COOPGame/Content/' took 0.02s
[2021.09.23-16.20.20:153][  0]LogCook: Display: Max memory allowance for cook 16384mb min free memory 0mb
[2021.09.23-16.20.20:154][  0]LogCook: Display: Mobile HDR setting 1
[2021.09.23-16.20.21:242][  0]SourceControl: Source control is disabled
[2021.09.23-16.20.21:245][  0]Cmd: MAP LOAD FILE="../../../../../../Users/ADMIN/Documents/GitHub/theshwetapatil/COOP-Game-UE4/COOPGame/Content/Maps/P_TestMap.umap" TEMPLATE=0 SHOWPROGRESS=1 FEATURELEVEL=3
[2021.09.23-16.20.21:248][  0]LightingResults: New page: Lighting Build
[2021.09.23-16.20.21:270][  0]MapCheck: New page: Map Check
[2021.09.23-16.20.21:270][  0]LightingResults: New page: Lighting Build
[2021.09.23-16.20.21:324][  0]LogUObjectHash: Compacting FUObjectHashTables data took   2.47ms
[2021.09.23-16.20.23:439][  0]LogAIModule: Creating AISystem for world P_TestMap
[2021.09.23-16.20.23:612][  0]LogEditorServer: Finished looking for orphan Actors (0.000 secs)
[2021.09.23-16.20.23:681][  0]LogUObjectHash: Compacting FUObjectHashTables data took   3.86ms
[2021.09.23-16.20.23:682][  0]Cmd: MAP CHECKDEP NOCLEARLOG
[2021.09.23-16.20.23:683][  0]MapCheck: Map check complete: 0 Error(s), 0 Warning(s), took 0.546ms to complete.
[2021.09.23-16.20.23:683][  0]LogFileHelpers: Loading map 'P_TestMap' took 2.440
[2021.09.23-16.20.26:654][  0]LogSlate: Only BGRA pngs, bmps or icos are supported in by External Image Picker
[2021.09.23-16.20.26:809][  0]LogSlate: Updating window title bar state: overlay mode, drag disabled, window buttons hidden, title bar hidden
[2021.09.23-16.20.26:828][  0]LogSlate: Updating window title bar state: overlay mode, drag disabled, window buttons hidden, title bar hidden
[2021.09.23-16.20.26:843][  0]LogSlate: Updating window title bar state: overlay mode, drag disabled, window buttons hidden, title bar hidden
[2021.09.23-16.20.26:858][  0]LogSlate: Updating window title bar state: overlay mode, drag disabled, window buttons hidden, title bar hidden
[2021.09.23-16.20.26:890][  0]LogCollectionManager: Loaded 0 collections in 0.002336 seconds
[2021.09.23-16.20.26:960][  0]LogFileCache: Scanning file cache for directory 'C:/Users/ADMIN/Documents/GitHub/theshwetapatil/COOP-Game-UE4/COOPGame/Saved/Collections/' took 0.01s
[2021.09.23-16.20.26:960][  0]LogFileCache: Scanning file cache for directory 'C:/Users/ADMIN/Documents/GitHub/theshwetapatil/COOP-Game-UE4/COOPGame/Content/Developers/ADMIN/Collections/' took 0.01s
[2021.09.23-16.20.26:960][  0]LogFileCache: Scanning file cache for directory 'C:/Users/ADMIN/Documents/GitHub/theshwetapatil/COOP-Game-UE4/COOPGame/Content/Collections/' took 0.01s
[2021.09.23-16.20.26:960][  0]LogCollectionManager: Rebuilt the GUID cache for 0 collections in 0.000000 seconds
[2021.09.23-16.20.26:985][  0]LogContentBrowser: Native class hierarchy populated in 0.0198 seconds. Added 2747 classes and 666 folders.
[2021.09.23-16.20.27:009][  0]LogContentBrowser: Native class hierarchy updated for 'WidgetCarousel' in 0.0006 seconds. Added 0 classes and 0 folders.
[2021.09.23-16.20.27:022][  0]LogPakFile: Registered encryption key '00000000000000000000000000000000': 0 pak files mounted, 0 remain pending
[2021.09.23-16.20.27:035][  0]LogPakFile: Registered encryption key '00000000000000000000000000000000': 0 pak files mounted, 0 remain pending
[2021.09.23-16.20.27:040][  0]LogPakFile: Registered encryption key '00000000000000000000000000000000': 0 pak files mounted, 0 remain pending
[2021.09.23-16.20.27:044][  0]LogPakFile: Registered encryption key '00000000000000000000000000000000': 0 pak files mounted, 0 remain pending
[2021.09.23-16.20.27:047][  0]LogPakFile: Registered encryption key '00000000000000000000000000000000': 0 pak files mounted, 0 remain pending
[2021.09.23-16.20.27:050][  0]LogPakFile: Registered encryption key '00000000000000000000000000000000': 0 pak files mounted, 0 remain pending
[2021.09.23-16.20.27:055][  0]LogPakFile: Registered encryption key '00000000000000000000000000000000': 0 pak files mounted, 0 remain pending
[2021.09.23-16.20.27:058][  0]LogPakFile: Registered encryption key '00000000000000000000000000000000': 0 pak files mounted, 0 remain pending
[2021.09.23-16.20.27:061][  0]LogPakFile: Registered encryption key '00000000000000000000000000000000': 0 pak files mounted, 0 remain pending
[2021.09.23-16.20.27:065][  0]LogPakFile: Registered encryption key '00000000000000000000000000000000': 0 pak files mounted, 0 remain pending
[2021.09.23-16.20.27:068][  0]LogPakFile: Registered encryption key '00000000000000000000000000000000': 0 pak files mounted, 0 remain pending
[2021.09.23-16.20.27:072][  0]LogPakFile: Registered encryption key '00000000000000000000000000000000': 0 pak files mounted, 0 remain pending
[2021.09.23-16.20.27:075][  0]LogPakFile: Registered encryption key '00000000000000000000000000000000': 0 pak files mounted, 0 remain pending
[2021.09.23-16.20.27:078][  0]LogPakFile: Registered encryption key '00000000000000000000000000000000': 0 pak files mounted, 0 remain pending
[2021.09.23-16.20.27:082][  0]LogPakFile: Registered encryption key '00000000000000000000000000000000': 0 pak files mounted, 0 remain pending
[2021.09.23-16.20.27:085][  0]LogPakFile: Registered encryption key '00000000000000000000000000000000': 0 pak files mounted, 0 remain pending
[2021.09.23-16.20.27:089][  0]LogPakFile: Registered encryption key '00000000000000000000000000000000': 0 pak files mounted, 0 remain pending
[2021.09.23-16.20.27:096][  0]LogPakFile: Registered encryption key '00000000000000000000000000000000': 0 pak files mounted, 0 remain pending
[2021.09.23-16.20.27:100][  0]LogPakFile: Registered encryption key '00000000000000000000000000000000': 0 pak files mounted, 0 remain pending
[2021.09.23-16.20.27:105][  0]LogPakFile: Registered encryption key '00000000000000000000000000000000': 0 pak files mounted, 0 remain pending
[2021.09.23-16.20.27:110][  0]LogPakFile: Registered encryption key '00000000000000000000000000000000': 0 pak files mounted, 0 remain pending
[2021.09.23-16.20.27:114][  0]LogPakFile: Registered encryption key '00000000000000000000000000000000': 0 pak files mounted, 0 remain pending
[2021.09.23-16.20.27:118][  0]LogPakFile: Registered encryption key '00000000000000000000000000000000': 0 pak files mounted, 0 remain pending
[2021.09.23-16.20.27:122][  0]LogPakFile: Registered encryption key '00000000000000000000000000000000': 0 pak files mounted, 0 remain pending
[2021.09.23-16.20.27:125][  0]LogPakFile: Registered encryption key '00000000000000000000000000000000': 0 pak files mounted, 0 remain pending
[2021.09.23-16.20.27:130][  0]LogPakFile: Registered encryption key '00000000000000000000000000000000': 0 pak files mounted, 0 remain pending
[2021.09.23-16.20.27:822][  0]LogContentBrowser: Native class hierarchy updated for 'AddContentDialog' in 0.0005 seconds. Added 0 classes and 0 folders.
[2021.09.23-16.20.27:861][  0]LogContentBrowser: Native class hierarchy updated for 'SceneOutliner' in 0.0005 seconds. Added 1 classes and 2 folders.
[2021.09.23-16.20.28:063][  0]LogSlate: Took 0.002807 seconds to synchronously load lazily loaded font '../../../Engine/Content/Slate/Fonts/Roboto-Regular.ttf' (155K)
[2021.09.23-16.20.28:071][  0]LogSlate: Took 0.002335 seconds to synchronously load lazily loaded font '../../../Engine/Content/Slate/Fonts/Roboto-Bold.ttf' (160K)
[2021.09.23-16.20.28:083][  0]LogSlate: Took 0.001907 seconds to synchronously load lazily loaded font '../../../Engine/Content/Editor/Slate/Fonts/FontAwesome.ttf' (139K)
[2021.09.23-16.20.28:246][  0]LogRenderer: Reallocating scene render targets to support 756x344 Format 10 NumSamples 1 (Frame:1).
[2021.09.23-16.20.28:493][  0]LogContentBrowser: Native class hierarchy updated for 'HierarchicalLODOutliner' in 0.0004 seconds. Added 0 classes and 0 folders.
[2021.09.23-16.20.28:494][  0]LogLoad: (Engine Initialization) Total time: 40.76 seconds
[2021.09.23-16.20.28:494][  0]LogLoad: (Engine Initialization) Total Blueprint compile time: 0.00 seconds
[2021.09.23-16.20.28:598][  0]LogAssetRegistry: Asset discovery search completed in 22.1469 seconds
[2021.09.23-16.20.28:603][  0]LogCollectionManager: Rebuilt the object cache for 0 collections in 0.000000 seconds (found 0 objects)
[2021.09.23-16.20.28:603][  0]LogCollectionManager: Fixed up redirectors for 0 collections in 0.000123 seconds (updated 0 objects)
[2021.09.23-16.20.28:625][  0]LogContentStreaming: Texture pool size now 1000 MB
[2021.09.23-16.20.28:704][  0]LogSlate: Took 0.001394 seconds to synchronously load lazily loaded font '../../../Engine/Content/Slate/Fonts/Roboto-Light.ttf' (167K)
[2021.09.23-16.20.39:745][113]LogSlate: FSceneViewport::OnFocusLost() reason 0
[2021.09.23-16.20.59:431][221]LogSlate: Took 0.000288 seconds to synchronously load lazily loaded font '../../../Engine/Content/Slate/Fonts/Roboto-Light.ttf' (167K)
[2021.09.23-16.20.59:440][221]LogAssetEditorManager: Opening Asset editor for EnvQuery /Game/Blueprints/EQS_FindSpawnLocation.EQS_FindSpawnLocation
[2021.09.23-16.20.59:594][221]LogSlate: Took 0.002078 seconds to synchronously load lazily loaded font '../../../Engine/Content/Slate/Fonts/Roboto-BoldCondensed.ttf' (158K)
[2021.09.23-16.21.01:835][453]LogSlate: Window 'EQS_FindSpawnLocation' being destroyed
[2021.09.23-16.21.47:244][231]LogSavePackage: Moving '../../../../../../Users/ADMIN/Documents/GitHub/theshwetapatil/COOP-Game-UE4/COOPGame/Saved/EQS_FindSpawnLocation0E6037024F731EA4645B3585F77664C0.tmp' to '../../../../../../Users/ADMIN/Documents/GitHub/theshwetapatil/COOP-Game-UE4/COOPGame/Content/Blueprints/EQS_FindSpawnLocation.uasset'
[2021.09.23-16.22.01:784][948]LogAssetEditorManager: Opening Asset editor for Blueprint /Game/Blueprints/BP_TestGameMode.BP_TestGameMode
[2021.09.23-16.22.02:166][948]LogContentBrowser: Native class hierarchy updated for 'BlueprintGraph' in 0.0009 seconds. Added 121 classes and 0 folders.
[2021.09.23-16.22.21:003][154]LogSlate: Took 0.001449 seconds to synchronously load lazily loaded font '../../../Engine/Content/Slate/Fonts/Roboto-Italic.ttf' (157K)
[2021.09.23-16.30.17:196][829]LogSlate: Window 'Color Picker' being destroyed
[2021.09.23-16.30.37:013][948]BlueprintLog: New page: Compile BP_TestGameMode
[2021.09.23-16.30.37:273][948]LogUObjectHash: Compacting FUObjectHashTables data took   5.68ms
[2021.09.23-16.30.37:346][948]LogSavePackage: Moving '../../../../../../Users/ADMIN/Documents/GitHub/theshwetapatil/COOP-Game-UE4/COOPGame/Saved/BP_TestGameMode821BF94B42583536065ECB86B45BBE53.tmp' to '../../../../../../Users/ADMIN/Documents/GitHub/theshwetapatil/COOP-Game-UE4/COOPGame/Content/Blueprints/BP_TestGameMode.uasset'
[2021.09.23-16.31.03:014][310]LogUObjectHash: Compacting FUObjectHashTables data took   3.77ms
[2021.09.23-16.31.03:318][310]LogSavePackage: Moving '../../../../../../Users/ADMIN/Documents/GitHub/theshwetapatil/COOP-Game-UE4/COOPGame/Saved/P_TestMap_Auto195B4BE0E45F647AC17854CBE6582147A.tmp' to '../../../../../../Users/ADMIN/Documents/GitHub/theshwetapatil/COOP-Game-UE4/COOPGame/Saved/Autosaves/Game/Maps/P_TestMap_Auto1.umap'
[2021.09.23-16.31.03:322][310]LogFileHelpers: Editor autosave (incl. sublevels) for '/Game/Maps/P_TestMap' took 0.350
[2021.09.23-16.31.03:322][310]LogFileHelpers: Editor autosave (incl. sublevels) for all levels took 0.350
[2021.09.23-16.33.27:472][721]BlueprintLog: New page: Compile BP_TestGameMode
[2021.09.23-16.33.27:716][721]LogUObjectHash: Compacting FUObjectHashTables data took   3.54ms
[2021.09.23-16.33.27:785][721]LogSavePackage: Moving '../../../../../../Users/ADMIN/Documents/GitHub/theshwetapatil/COOP-Game-UE4/COOPGame/Saved/BP_TestGameModeC20D25AA4392AF0C9CA70D9FD7455773.tmp' to '../../../../../../Users/ADMIN/Documents/GitHub/theshwetapatil/COOP-Game-UE4/COOPGame/Content/Blueprints/BP_TestGameMode.uasset'
[2021.09.23-16.34.08:813][351]LogRenderer: Reallocating scene render targets to support 760x344 Format 10 NumSamples 1 (Frame:4107).
[2021.09.23-16.34.08:863][352]LogRenderer: Reallocating scene render targets to support 768x344 Format 10 NumSamples 1 (Frame:4109).
[2021.09.23-16.34.08:909][353]LogRenderer: Reallocating scene render targets to support 780x344 Format 10 NumSamples 1 (Frame:4111).
[2021.09.23-16.34.08:960][354]LogRenderer: Reallocating scene render targets to support 788x344 Format 10 NumSamples 1 (Frame:4113).
[2021.09.23-16.34.09:008][355]LogRenderer: Reallocating scene render targets to support 800x344 Format 10 NumSamples 1 (Frame:4115).
[2021.09.23-16.34.09:146][358]LogRenderer: Reallocating scene render targets to support 808x344 Format 10 NumSamples 1 (Frame:4121).
[2021.09.23-16.34.09:233][360]LogRenderer: Reallocating scene render targets to support 816x344 Format 10 NumSamples 1 (Frame:4125).
[2021.09.23-16.34.09:281][361]LogRenderer: Reallocating scene render targets to support 820x344 Format 10 NumSamples 1 (Frame:4127).
[2021.09.23-16.34.09:363][363]LogRenderer: Reallocating scene render targets to support 824x344 Format 10 NumSamples 1 (Frame:4131).
[2021.09.23-16.34.12:724][748]LogRenderer: Reallocating scene render targets to support 832x344 Format 10 NumSamples 1 (Frame:4332).
[2021.09.23-16.34.12:775][749]LogRenderer: Reallocating scene render targets to support 844x344 Format 10 NumSamples 1 (Frame:4334).
[2021.09.23-16.34.12:832][750]LogRenderer: Reallocating scene render targets to support 876x344 Format 10 NumSamples 1 (Frame:4336).
[2021.09.23-16.34.12:884][751]LogRenderer: Reallocating scene render targets to support 892x344 Format 10 NumSamples 1 (Frame:4338).
[2021.09.23-16.34.12:932][752]LogRenderer: Reallocating scene render targets to support 896x344 Format 10 NumSamples 1 (Frame:4340).
[2021.09.23-16.34.13:121][767]LogRenderer: Reallocating scene render targets to support 900x344 Format 10 NumSamples 1 (Frame:4344).
[2021.09.23-16.36.19:914][713]LogSavePackage: Moving '../../../../../../Users/ADMIN/Documents/GitHub/theshwetapatil/COOP-Game-UE4/COOPGame/Saved/EQS_FindSpawnLocation84950FE34456953DB1727C93FCF19322.tmp' to '../../../../../../Users/ADMIN/Documents/GitHub/theshwetapatil/COOP-Game-UE4/COOPGame/Content/Blueprints/EQS_FindSpawnLocation.uasset'
[2021.09.23-16.39.09:691][914]LogSavePackage: Moving '../../../../../../Users/ADMIN/Documents/GitHub/theshwetapatil/COOP-Game-UE4/COOPGame/Saved/EQS_FindSpawnLocationC4082BC442FB718C5604AF81C3751537.tmp' to '../../../../../../Users/ADMIN/Documents/GitHub/theshwetapatil/COOP-Game-UE4/COOPGame/Content/Blueprints/EQS_FindSpawnLocation.uasset'
[2021.09.23-16.39.39:588][259]LogSavePackage: Moving '../../../../../../Users/ADMIN/Documents/GitHub/theshwetapatil/COOP-Game-UE4/COOPGame/Saved/EQS_FindSpawnLocationEAAB38F9456BABFB18E9F0A9C24ACDD0.tmp' to '../../../../../../Users/ADMIN/Documents/GitHub/theshwetapatil/COOP-Game-UE4/COOPGame/Content/Blueprints/EQS_FindSpawnLocation.uasset'
[2021.09.23-16.39.40:433][354]LogSavePackage: Moving '../../../../../../Users/ADMIN/Documents/GitHub/theshwetapatil/COOP-Game-UE4/COOPGame/Saved/EQS_FindSpawnLocationE746544241F9C672E733599C7139F02B.tmp' to '../../../../../../Users/ADMIN/Documents/GitHub/theshwetapatil/COOP-Game-UE4/COOPGame/Content/Blueprints/EQS_FindSpawnLocation.uasset'
[2021.09.23-16.41.09:810][ 90]LogUObjectHash: Compacting FUObjectHashTables data took   6.15ms
[2021.09.23-16.41.10:068][ 90]LogSavePackage: Moving '../../../../../../Users/ADMIN/Documents/GitHub/theshwetapatil/COOP-Game-UE4/COOPGame/Saved/P_TestMap_Auto2D745425E413144C342CB77B6B77E4899.tmp' to '../../../../../../Users/ADMIN/Documents/GitHub/theshwetapatil/COOP-Game-UE4/COOPGame/Saved/Autosaves/Game/Maps/P_TestMap_Auto2.umap'
[2021.09.23-16.41.10:071][ 90]LogFileHelpers: Editor autosave (incl. sublevels) for '/Game/Maps/P_TestMap' took 0.298
[2021.09.23-16.41.10:071][ 90]LogFileHelpers: Editor autosave (incl. sublevels) for all levels took 0.298
[2021.09.23-16.41.10:073][ 90]OBJ SavePackage: Generating thumbnails for [0] asset(s) in package [/Game/Blueprints/BP_TestGameMode] ([1] browsable assets)...
[2021.09.23-16.41.10:073][ 90]OBJ SavePackage: Finished generating thumbnails for package [/Game/Blueprints/BP_TestGameMode]
[2021.09.23-16.41.10:118][ 90]LogSavePackage: Moving '../../../../../../Users/ADMIN/Documents/GitHub/theshwetapatil/COOP-Game-UE4/COOPGame/Saved/BP_TestGameMode_Auto226A8963B47794E92515FAB9029F2FA69.tmp' to '../../../../../../Users/ADMIN/Documents/GitHub/theshwetapatil/COOP-Game-UE4/COOPGame/Saved/Autosaves/Game/Blueprints/BP_TestGameMode_Auto2.uasset'
[2021.09.23-16.41.10:119][ 90]LogFileHelpers: Auto-saving content packages took 0.047
[2021.09.23-16.41.21:815][472]BlueprintLog: New page: Compile BP_TestGameMode
[2021.09.23-16.41.22:049][472]LogUObjectHash: Compacting FUObjectHashTables data took   3.46ms
[2021.09.23-16.41.22:115][472]LogSavePackage: Moving '../../../../../../Users/ADMIN/Documents/GitHub/theshwetapatil/COOP-Game-UE4/COOPGame/Saved/BP_TestGameMode03D0B5AE4FA754E42971E0AF5007DC9C.tmp' to '../../../../../../Users/ADMIN/Documents/GitHub/theshwetapatil/COOP-Game-UE4/COOPGame/Content/Blueprints/BP_TestGameMode.uasset'
[2021.09.23-16.41.31:792][ 19]LogUObjectHash: Compacting FUObjectHashTables data took   3.89ms
[2021.09.23-16.41.32:067][ 19]LogSavePackage: Moving '../../../../../../Users/ADMIN/Documents/GitHub/theshwetapatil/COOP-Game-UE4/COOPGame/Saved/P_TestMap866F8B90402736AC23359A9D0FC6C1AD.tmp' to '../../../../../../Users/ADMIN/Documents/GitHub/theshwetapatil/COOP-Game-UE4/COOPGame/Content/Maps/P_TestMap.umap'
[2021.09.23-16.41.32:166][ 19]LogSavePackage: Moving '../../../../../../Users/ADMIN/Documents/GitHub/theshwetapatil/COOP-Game-UE4/COOPGame/Saved/P_TestMap_BuiltDataA001347B451B06AF92042A93E8858DD8.tmp' to '../../../../../../Users/ADMIN/Documents/GitHub/theshwetapatil/COOP-Game-UE4/COOPGame/Content/Maps/P_TestMap_BuiltData.uasset'
[2021.09.23-16.41.35:068][356]LogBlueprintUserMessages: Early PlayInEditor Detection: Level '/Game/Maps/P_TestMap.P_TestMap:PersistentLevel' has LevelScriptBlueprint '/Game/Maps/P_TestMap.P_TestMap:PersistentLevel.P_TestMap' with GeneratedClass '/Game/Maps/P_TestMap.P_TestMap_C' with ClassGeneratedBy '/Game/Maps/P_TestMap.P_TestMap:PersistentLevel.P_TestMap'
[2021.09.23-16.41.35:069][356]LogPlayLevel: PlayLevel: No blueprints needed recompiling
[2021.09.23-16.41.35:070][356]PIE: New page: SIE session: P_TestMap (Sep 24, 2021, 3:41:35 AM)
[2021.09.23-16.41.35:084][356]LogPlayLevel: Creating play world package: /Game/Maps/UEDPIE_0_P_TestMap
[2021.09.23-16.41.35:090][356]LogPlayLevel: PIE: StaticDuplicateObject took: (0.006303s)
[2021.09.23-16.41.35:091][356]LogAIModule: Creating AISystem for world P_TestMap
[2021.09.23-16.41.35:091][356]LogPlayLevel: PIE: World Init took: (0.001005s)
[2021.09.23-16.41.35:091][356]LogPlayLevel: PIE: Created PIE world by copying editor world from /Game/Maps/P_TestMap.P_TestMap to /Game/Maps/UEDPIE_0_P_TestMap.P_TestMap (0.007740s)
[2021.09.23-16.41.35:127][356]LogUObjectHash: Compacting FUObjectHashTables data took   2.76ms
[2021.09.23-16.41.35:145][356]LogInit: XAudio2 using 'Speakers (Realtek(R) Audio)' : 2 channels at 48 kHz using 32 bits per sample (channel mask 0x3)
[2021.09.23-16.41.35:167][356]LogInit: FAudioDevice initialized.
[2021.09.23-16.41.35:208][356]LogLoad: Game class is 'BP_TestGameMode_C'
[2021.09.23-16.41.35:214][356]LogWorld: Bringing World /Game/Maps/UEDPIE_0_P_TestMap.P_TestMap up for play (max tick rate 0) at 2021.09.23-22.11.35
[2021.09.23-16.41.35:223][356]LogWorld: Bringing up level for play took: 0.012383
[2021.09.23-16.41.35:245][356]LogBlueprintActionDatabase: Requesting refresh due to module change: Voice (loaded)
[2021.09.23-16.41.35:255][356]LogBlueprintActionDatabase: Requesting refresh due to module change: MovieSceneCapture (loaded)
[2021.09.23-16.41.35:256][356]LogContentBrowser: Native class hierarchy updated for 'MovieSceneCapture' in 0.0006 seconds. Added 20 classes and 0 folders.
[2021.09.23-16.41.35:257][356]LogTemp: Display: ParseSettings for GameNetDriver
[2021.09.23-16.41.35:258][356]LogTemp: Display: ParseSettings for IpNetDriver_0
[2021.09.23-16.41.35:258][356]LogTemp: Display: ParseSettings for GameNetDriver
[2021.09.23-16.41.35:258][356]LogNet: ReplicationDriverClass is null! Not using ReplicationDriver.
[2021.09.23-16.41.35:258][356]PacketHandlerLog: DDoS detection status: detection enabled: 0 analytics enabled: 0
[2021.09.23-16.41.35:258][356]LogInit: WinSock: Socket queue 131072 / 131072
[2021.09.23-16.41.35:258][356]LogInit: WinSock: I am DESKTOP-C697CL8 (192.168.1.2:0)
[2021.09.23-16.41.35:258][356]PacketHandlerLog: Loaded PacketHandler component: Engine.EngineHandlerComponentFactory (StatelessConnectHandlerComponent)
[2021.09.23-16.41.35:260][356]LogNet: GameNetDriver IpNetDriver_0 IpNetDriver listening on port 17777
[2021.09.23-16.41.35:261][356]LogScript: Warning: Accessed None trying to read property CallFunc_RunEQSQuery_ReturnValue
	BP_TestGameMode_C /Game/Maps/UEDPIE_0_P_TestMap.P_TestMap:PersistentLevel.BP_TestGameMode_C_0
	Function /Game/Blueprints/BP_TestGameMode.BP_TestGameMode_C:ExecuteUbergraph_BP_TestGameMode:0431
[2021.09.23-16.41.35:261][356]PIE: Error: Blueprint Runtime Error: "Accessed None trying to read property CallFunc_RunEQSQuery_ReturnValue". Blueprint:  BP_TestGameMode Function:  Execute Ubergraph BP Test Game Mode Graph:  EventGraph Node:  Assign OnQueryFinished
[2021.09.23-16.41.37:074][356]LogWindows: Error: === Critical error: ===
[2021.09.23-16.41.37:074][356]LogWindows: Error: 
[2021.09.23-16.41.37:074][356]LogWindows: Error: Fatal error!
[2021.09.23-16.41.37:074][356]LogWindows: Error: 
[2021.09.23-16.41.37:075][356]LogWindows: Error: Unhandled Exception: EXCEPTION_ACCESS_VIOLATION reading address 0x00000050
[2021.09.23-16.41.37:075][356]LogWindows: Error: 
[2021.09.23-16.41.37:075][356]LogWindows: Error: [Callstack] 0x00007ffd38d43819 UE4Editor-COOPGame-5852.dll!ASTrackerBot::GetNextPathPoint() [C:\Users\ADMIN\Documents\GitHub\theshwetapatil\COOP-Game-UE4\COOPGame\Source\COOPGame\Private\AI\STrackerBot.cpp:95]
[2021.09.23-16.41.37:075][356]LogWindows: Error: [Callstack] 0x00007ffd38d433cd UE4Editor-COOPGame-5852.dll!ASTrackerBot::BeginPlay() [C:\Users\ADMIN\Documents\GitHub\theshwetapatil\COOP-Game-UE4\COOPGame\Source\COOPGame\Private\AI\STrackerBot.cpp:59]
[2021.09.23-16.41.37:075][356]LogWindows: Error: [Callstack] 0x00007ffd4f6f1af6 UE4Editor-Engine.dll!UnknownFunction []
[2021.09.23-16.41.37:075][356]LogWindows: Error: [Callstack] 0x00007ffd5080cb99 UE4Editor-Engine.dll!UnknownFunction []
[2021.09.23-16.41.37:075][356]LogWindows: Error: [Callstack] 0x00007ffd4fd72911 UE4Editor-Engine.dll!UnknownFunction []
[2021.09.23-16.41.37:075][356]LogWindows: Error: [Callstack] 0x00007ffd507c754e UE4Editor-Engine.dll!UnknownFunction []
[2021.09.23-16.41.37:075][356]LogWindows: Error: [Callstack] 0x00007ffd4fd399af UE4Editor-Engine.dll!UnknownFunction []
[2021.09.23-16.41.37:075][356]LogWindows: Error: [Callstack] 0x00007ffd4d4cbe44 UE4Editor-UnrealEd.dll!UnknownFunction []
[2021.09.23-16.41.37:075][356]LogWindows: Error: [Callstack] 0x00007ffd4d4eb044 UE4Editor-UnrealEd.dll!UnknownFunction []
[2021.09.23-16.41.37:075][356]LogWindows: Error: [Callstack] 0x00007ffd4d50319f UE4Editor-UnrealEd.dll!UnknownFunction []
[2021.09.23-16.41.37:075][356]LogWindows: Error: [Callstack] 0x00007ffd4cfdfc4a UE4Editor-UnrealEd.dll!UnknownFunction []
[2021.09.23-16.41.37:075][356]LogWindows: Error: [Callstack] 0x00007ffd4d7fd396 UE4Editor-UnrealEd.dll!UnknownFunction []
[2021.09.23-16.41.37:075][356]LogWindows: Error: [Callstack] 0x00007ff776ba6bb1 UE4Editor.exe!UnknownFunction []
[2021.09.23-16.41.37:075][356]LogWindows: Error: [Callstack] 0x00007ff776bb554c UE4Editor.exe!UnknownFunction []
[2021.09.23-16.41.37:075][356]LogWindows: Error: [Callstack] 0x00007ff776bb55ca UE4Editor.exe!UnknownFunction []
[2021.09.23-16.41.37:075][356]LogWindows: Error: [Callstack] 0x00007ff776bc316c UE4Editor.exe!UnknownFunction []
[2021.09.23-16.41.37:075][356]LogWindows: Error: [Callstack] 0x00007ff776bc5b8e UE4Editor.exe!UnknownFunction []
[2021.09.23-16.41.37:075][356]LogWindows: Error: [Callstack] 0x00007ffdbdf17034 KERNEL32.DLL!UnknownFunction []
[2021.09.23-16.41.37:075][356]LogWindows: Error: [Callstack] 0x00007ffdbe5e2651 ntdll.dll!UnknownFunction []
[2021.09.23-16.41.37:075][356]LogWindows: Error: 
[2021.09.23-16.41.37:094][356]LogExit: Executing StaticShutdownAfterError
[2021.09.23-16.41.37:103][356]LogWindows: FPlatformMisc::RequestExit(1)
[2021.09.23-16.41.37:115][356]Log file closed, 09/23/21 22:11:37
